[2021-12-24 11:15:42,838] {taskinstance.py:851} INFO - Dependencies all met for <TaskInstance: bing_image_download.bing_image_download 2021-12-24T11:10:15.315906+00:00 [queued]>
[2021-12-24 11:15:42,882] {taskinstance.py:851} INFO - Dependencies all met for <TaskInstance: bing_image_download.bing_image_download 2021-12-24T11:10:15.315906+00:00 [queued]>
[2021-12-24 11:15:42,882] {taskinstance.py:1042} INFO - 
--------------------------------------------------------------------------------
[2021-12-24 11:15:42,883] {taskinstance.py:1043} INFO - Starting attempt 1 of 2
[2021-12-24 11:15:42,883] {taskinstance.py:1044} INFO - 
--------------------------------------------------------------------------------
[2021-12-24 11:15:42,903] {taskinstance.py:1063} INFO - Executing <Task(PythonOperator): bing_image_download> on 2021-12-24T11:10:15.315906+00:00
[2021-12-24 11:15:42,917] {standard_task_runner.py:52} INFO - Started process 204 to run task
[2021-12-24 11:15:42,930] {standard_task_runner.py:76} INFO - Running: ['airflow', 'tasks', 'run', 'bing_image_download', 'bing_image_download', '2021-12-24T11:10:15.315906+00:00', '--job-id', '148', '--pool', 'default_pool', '--raw', '--subdir', 'DAGS_FOLDER/bing_image_download.py', '--cfg-path', '/tmp/tmpmbr9zv5x', '--error-file', '/tmp/tmpukfkl52e']
[2021-12-24 11:15:42,931] {standard_task_runner.py:77} INFO - Job 148: Subtask bing_image_download
[2021-12-24 11:15:43,024] {logging_mixin.py:104} INFO - Running <TaskInstance: bing_image_download.bing_image_download 2021-12-24T11:10:15.315906+00:00 [running]> on host 89d4e2d4fc9f
[2021-12-24 11:15:43,101] {taskinstance.py:1257} INFO - Exporting the following env vars:
AIRFLOW_CTX_DAG_OWNER=airflow
AIRFLOW_CTX_DAG_ID=bing_image_download
AIRFLOW_CTX_TASK_ID=bing_image_download
AIRFLOW_CTX_EXECUTION_DATE=2021-12-24T11:10:15.315906+00:00
AIRFLOW_CTX_DAG_RUN_ID=scheduled__2021-12-24T11:10:15.315906+00:00
[2021-12-24 11:15:43,113] {logging_mixin.py:104} INFO - [INFO] searching Bing API for 'pikachu'
[2021-12-24 11:15:44,221] {logging_mixin.py:104} INFO - [INFO] 1000 total results for 'pikachu'
[2021-12-24 11:15:44,240] {logging_mixin.py:104} INFO - [INFO] making request for group 0-50 of 1000...
[2021-12-24 11:15:45,327] {logging_mixin.py:104} INFO - [INFO] saving images for group 0-50 of 1000...
[2021-12-24 11:15:45,330] {logging_mixin.py:104} INFO - [INFO] fetching: http://vignette3.wikia.nocookie.net/wii/images/7/77/Pikachu_SSB4.jpg/revision/latest?cb=20140210000421
[2021-12-24 11:15:47,747] {logging_mixin.py:104} INFO - [INFO] fetching: https://images-wixmp-ed30a86b8c4ca887773594c2.wixmp.com/f/4f6bf5b3-c9b6-44c2-ab80-06e3ea80d511/dca37p4-e992703b-3518-475a-a3bd-bc2831f13e7b.png?token=eyJ0eXAiOiJKV1QiLCJhbGciOiJIUzI1NiJ9.eyJzdWIiOiJ1cm46YXBwOiIsImlzcyI6InVybjphcHA6Iiwib2JqIjpbW3sicGF0aCI6IlwvZlwvNGY2YmY1YjMtYzliNi00NGMyLWFiODAtMDZlM2VhODBkNTExXC9kY2EzN3A0LWU5OTI3MDNiLTM1MTgtNDc1YS1hM2JkLWJjMjgzMWYxM2U3Yi5wbmcifV1dLCJhdWQiOlsidXJuOnNlcnZpY2U6ZmlsZS5kb3dubG9hZCJdfQ.BgM4bC-lqNizie8fhV-EnS5hLNCPn5y8iROlzXNAdk4
[2021-12-24 11:15:56,980] {logging_mixin.py:104} INFO - [INFO] fetching: https://cdn-img.instyle.com/sites/default/files/styles/684xflex/public/images/2016/07/072716-pikachu.jpg?itok=T1B5JzhB
[2021-12-24 11:15:59,094] {logging_mixin.py:104} INFO - [INFO] fetching: https://pngimg.com/uploads/pokemon/pokemon_PNG148.png
[2021-12-24 11:16:01,054] {logging_mixin.py:104} INFO - [INFO] fetching: https://ph.portal-pokemon.com/upload/en/HelloPika.png
[2021-12-24 11:16:06,683] {logging_mixin.py:104} INFO - [INFO] fetching: https://mir-s3-cdn-cf.behance.net/project_modules/max_1200/91cc6c40961423.5793b50987cac.jpg
[2021-12-24 11:16:11,809] {logging_mixin.py:104} INFO - [INFO] fetching: https://cdn.myminifactory.com/assets/object-assets/5c64403a9c7ad/images/d27029fa-5bce-4731-b8b4-af6be07fe701.jpg
[2021-12-24 11:16:25,697] {logging_mixin.py:104} INFO - [INFO] fetching: https://images6.fanpop.com/image/photos/33000000/pikachu-pikachu-33005706-895-1000.png
[2021-12-24 11:16:30,109] {logging_mixin.py:104} INFO - [INFO] fetching: https://art.ngfiles.com/images/781000/781267_mexican64_detective-pikachu.jpg?f1547156536
[2021-12-24 11:16:34,623] {logging_mixin.py:104} INFO - [INFO] fetching: https://img1.cgtrader.com/items/2419585/aef1cf6064/pikachu-pokemon-3d-printing-3d-model-obj-stl-blend.jpg
[2021-12-24 11:16:36,052] {logging_mixin.py:104} INFO - [INFO] fetching: https://mir-s3-cdn-cf.behance.net/project_modules/1400/56f6e170109017.5d71da93da213.png
[2021-12-24 11:16:37,946] {logging_mixin.py:104} INFO - [INFO] fetching: https://squir.com/media/catalog/product/cache/1/image/9df78eab33525d08d6e5fb8d27136e95/p/i/pikachu_pokemon_0000.jpg
[2021-12-24 11:16:39,592] {logging_mixin.py:104} INFO - [INFO] fetching: https://cdn.vox-cdn.com/thumbor/RGPwZaA8xxwrVd4spVyTGNrxHh0=/99x0:1179x720/1200x800/filters:focal(99x0:1179x720)/cdn.vox-cdn.com/uploads/chorus_image/image/50166993/2016.1_Great_Detective_Pikachu_Birth_of_a_New_Duo__3DS_.0.0.jpg
[2021-12-24 11:16:41,216] {logging_mixin.py:104} INFO - [INFO] fetching: https://webstockreview.net/images/hello-clipart-pikachu-pokemon-14.png
[2021-12-24 11:16:42,339] {logging_mixin.py:104} INFO - [INFO] fetching: https://pngimg.com/uploads/pokemon/pokemon_PNG9.png
[2021-12-24 11:16:42,684] {logging_mixin.py:104} INFO - [INFO] fetching: https://yt3.ggpht.com/a/AATXAJxtQ_8fLTUGcMTiyJ71r_-B7MdSNej9kUbPfQ=s900-c-k-c0xffffffff-no-rj-mo
[2021-12-24 11:16:43,340] {logging_mixin.py:104} INFO - [INFO] fetching: http://images5.fanpop.com/image/photos/27400000/3D-Pikachu-pokemon-27461678-1600-1200.jpg
[2021-12-24 11:16:46,145] {logging_mixin.py:104} INFO - [INFO] fetching: https://clipground.com/images/cute-pikachu-png-7.jpg
[2021-12-24 11:16:47,852] {logging_mixin.py:104} INFO - [INFO] fetching: https://static1.cbrimages.com/wordpress/wp-content/uploads/2019/12/Pikachu-Feature-Image-Cropped.jpg
[2021-12-24 11:16:48,785] {logging_mixin.py:104} INFO - [INFO] fetching: https://2.bp.blogspot.com/-X1aJ3d6Wz20/T_Rfzmums1I/AAAAAAAAE4s/7ZutjHyM3wY/s1600/Pikachu+Pokemon+Wallpapers.jpg
[2021-12-24 11:16:50,938] {logging_mixin.py:104} INFO - [INFO] fetching: https://webstockreview.net/images/pikachu-clipart-orange-5.png
[2021-12-24 11:16:57,156] {logging_mixin.py:104} INFO - [INFO] fetching: http://cdn.shopify.com/s/files/1/0284/4907/9395/products/sticker_pikachu.jpg?v=1573513085
[2021-12-24 11:16:57,917] {logging_mixin.py:104} INFO - [INFO] fetching: https://heraldjournalism.com/wp-content/uploads/2020/07/wp1877515-pikachu-hd-wallpaper.jpg
[2021-12-24 11:16:58,871] {logging_mixin.py:104} INFO - [INFO] fetching: https://preview.redd.it/x2wdfznl7dc31.jpg?auto=webp&s=ac11d594b10cd85ecdce3c3850887649d6ca7da6
[2021-12-24 11:17:02,690] {logging_mixin.py:104} INFO - [INFO] fetching: https://yt3.ggpht.com/a-/AAuE7mBRlOG3moYW1oLN4L0V6FP-O-3IJrF1NoGjDw=s900-mo-c-c0xffffffff-rj-k-no
[2021-12-24 11:17:04,060] {logging_mixin.py:104} INFO - [INFO] fetching: https://images-wixmp-ed30a86b8c4ca887773594c2.wixmp.com/f/c5bbbf70-cfca-4aeb-892b-6ac8c54fb175/ddbr84t-d0753923-bc99-4919-8bb6-2121149399d7.png/v1/fill/w_956,h_836,strp/pikachu_libre_render_by_vexikku_ddbr84t-pre.png?token=eyJ0eXAiOiJKV1QiLCJhbGciOiJIUzI1NiJ9.eyJzdWIiOiJ1cm46YXBwOjdlMGQxODg5ODIyNjQzNzNhNWYwZDQxNWVhMGQyNmUwIiwiaXNzIjoidXJuOmFwcDo3ZTBkMTg4OTgyMjY0MzczYTVmMGQ0MTVlYTBkMjZlMCIsIm9iaiI6W1t7ImhlaWdodCI6Ijw9MzUwMCIsInBhdGgiOiJcL2ZcL2M1YmJiZjcwLWNmY2EtNGFlYi04OTJiLTZhYzhjNTRmYjE3NVwvZGRicjg0dC1kMDc1MzkyMy1iYzk5LTQ5MTktOGJiNi0yMTIxMTQ5Mzk5ZDcucG5nIiwid2lkdGgiOiI8PTQwMDAifV1dLCJhdWQiOlsidXJuOnNlcnZpY2U6aW1hZ2Uub3BlcmF0aW9ucyJdfQ.SCZGQ24m5GxrmvuwHJ6Em8lOGDWKTpacKjSjkkFMbCs
[2021-12-24 11:17:06,820] {logging_mixin.py:104} INFO - [INFO] fetching: https://img2.cgtrader.com/items/632126/e0dd2796f1/pikachu-3d-model-low-poly-animated-rigged-max-obj-fbx-mtl.jpg
[2021-12-24 11:17:07,514] {logging_mixin.py:104} INFO - [INFO] fetching: https://img.huffingtonpost.com/asset/5a10b3b0180000aa09f6ce35.jpeg?ops=1910_1000
[2021-12-24 11:17:08,658] {logging_mixin.py:104} INFO - [INFO] fetching: https://animetos.com/wp-content/uploads/2021/03/img_8458-scaled.jpeg
[2021-12-24 11:17:16,719] {logging_mixin.py:104} INFO - [INFO] fetching: https://cdn.mos.cms.futurecdn.net/dqW4eWEXeU6J8tBpZTpqy5.jpg
[2021-12-24 11:17:17,547] {logging_mixin.py:104} INFO - [INFO] fetching: https://static3.srcdn.com/wordpress/wp-content/uploads/2020/10/Pokemon-Sword-and-Shield-Ash-Ketchum-Pikachu.jpg
[2021-12-24 11:17:18,137] {logging_mixin.py:104} INFO - [INFO] fetching: https://cdn.weasyl.com/static/media/66/fe/02/66fe029cf81d3e0aca2edefe9775b7eb0c051ef7acf49e3b6e71021b055d3c06.png
[2021-12-24 11:17:19,514] {logging_mixin.py:104} INFO - [INFO] fetching: https://s3.us-east-1.amazonaws.com/dexerto-assets-production-cbbdf288/uploads/2020/02/16230146/pokemon-community-fat-pikachu-meme.jpg
[2021-12-24 11:17:21,400] {logging_mixin.py:104} INFO - [INFO] fetching: http://clipartmag.com/image/pikachu-images-for-drawing-29.png
[2021-12-24 11:17:22,438] {logging_mixin.py:104} INFO - [INFO] fetching: http://tonsoffacts.com/wp-content/uploads/2019/11/fp4716-pokemon-pikachu-glow.jpg
[2021-12-24 11:17:25,114] {logging_mixin.py:104} INFO - [INFO] fetching: http://img2.wikia.nocookie.net/__cb20110811011944/pokemonfanon/images/8/88/Pikachu_XXV.PNG
[2021-12-24 11:17:30,060] {logging_mixin.py:104} INFO - [INFO] fetching: http://images4.fanpop.com/image/photos/22200000/Pikachu-pikachu-22265985-1280-1120.jpg
[2021-12-24 11:17:33,153] {logging_mixin.py:104} INFO - [INFO] fetching: https://images-wixmp-ed30a86b8c4ca887773594c2.wixmp.com/f/25247b92-6844-4fef-8ed8-5055cc35bf58/dd18tmd-d30941e9-a135-4565-ba5f-ac90be835d62.png/v1/fill/w_958,h_834,strp/pikachu_run_render_by_nintega_dario_dd18tmd-pre.png?token=eyJ0eXAiOiJKV1QiLCJhbGciOiJIUzI1NiJ9.eyJzdWIiOiJ1cm46YXBwOjdlMGQxODg5ODIyNjQzNzNhNWYwZDQxNWVhMGQyNmUwIiwiaXNzIjoidXJuOmFwcDo3ZTBkMTg4OTgyMjY0MzczYTVmMGQ0MTVlYTBkMjZlMCIsIm9iaiI6W1t7ImhlaWdodCI6Ijw9MTc1MCIsInBhdGgiOiJcL2ZcLzI1MjQ3YjkyLTY4NDQtNGZlZi04ZWQ4LTUwNTVjYzM1YmY1OFwvZGQxOHRtZC1kMzA5NDFlOS1hMTM1LTQ1NjUtYmE1Zi1hYzkwYmU4MzVkNjIucG5nIiwid2lkdGgiOiI8PTIwMTAifV1dLCJhdWQiOlsidXJuOnNlcnZpY2U6aW1hZ2Uub3BlcmF0aW9ucyJdfQ.pq9b6WZU8vHbWtw8DC3WwZi3p6WYzSD7f0YKTUaru2g
[2021-12-24 11:17:36,272] {logging_mixin.py:104} INFO - [INFO] fetching: http://images.nintendolife.com/news/2017/11/weirdness_pikachu/attachment/0/large.jpg
[2021-12-24 11:17:37,359] {logging_mixin.py:104} INFO - [INFO] fetching: https://yt3.ggpht.com/a/AATXAJw9Y95jJiDSFXIG6GWfIZKdHbgfovkOcj66BA=s900-c-k-c0xffffffff-no-rj-mo
[2021-12-24 11:17:38,163] {logging_mixin.py:104} INFO - [INFO] fetching: http://static.arcadespot.com/wp-content/uploads/2018/03/pikachu-bros.png
[2021-12-24 11:17:43,399] {logging_mixin.py:104} INFO - [INFO] fetching: https://cdn.weasyl.com/~tsaoshin/submissions/1351357/26480474c4f1b1f6b42aa02c67540a21a3daa4cf4da375229ccf723d56d1377d/tsaoshin-025-pikachu.png
[2021-12-24 11:17:45,202] {logging_mixin.py:104} INFO - [INFO] fetching: https://img2.cgtrader.com/items/670200/bb4720355b/pikachu-3d-model-low-poly-obj-c4d-stl-ztl-mtl.png
[2021-12-24 11:17:45,952] {logging_mixin.py:104} INFO - [INFO] fetching: https://cdn.gamer-network.net/2018/usgamer/Detective-Pikachu-Header-03.jpg/EG11/thumbnail/1920x1080/format/jpg/quality/75/detective-pikachu-pokemon-next-generation-switch-impressions.jpg
[2021-12-24 11:17:46,652] {logging_mixin.py:104} INFO - [INFO] fetching: https://static2.thegamerimages.com/wordpress/wp-content/uploads/2019/05/Detective-Pikachu-4.jpg
[2021-12-24 11:17:48,285] {logging_mixin.py:104} INFO - [INFO] fetching: http://1.bp.blogspot.com/-abBmZroOWLE/VI1OaUQRSVI/AAAAAAAAHag/BUaUVdHh1Ak/s1600/Pikachu_Vector.png
[2021-12-24 11:17:49,989] {logging_mixin.py:104} INFO - [INFO] fetching: https://s3.us-east-1.amazonaws.com/dexerto-assets-production-cbbdf288/uploads/2020/08/26080403/ashs-pikachu-on-verge-of-evolving-pokemon-journeys-23-years-franchise-icon.jpg
[2021-12-24 11:17:53,665] {logging_mixin.py:104} INFO - [INFO] fetching: https://megamousearts.com/wp-content/uploads/2020/05/Anime-Pikachu.jpg
[2021-12-24 11:17:54,763] {logging_mixin.py:104} INFO - [INFO-DEL] deleting: /opt/airflow/dags/images/pikachu_47.jpeg
[2021-12-24 11:17:54,778] {logging_mixin.py:104} INFO - [INFO] fetching: https://img2.cgtrader.com/items/768075/a6212ac1a3/pokemon-pikachu-3d-model-low-poly-rigged.jpg
[2021-12-24 11:17:55,437] {logging_mixin.py:104} INFO - [INFO] fetching: https://i.pinimg.com/736x/69/b4/86/69b4861c06c48e990fd225d75a8c4b73--pokemon.jpg
[2021-12-24 11:17:56,829] {logging_mixin.py:104} INFO - [INFO] making request for group 50-100 of 1000...
[2021-12-24 11:17:58,225] {logging_mixin.py:104} INFO - [INFO] saving images for group 50-100 of 1000...
[2021-12-24 11:17:58,229] {logging_mixin.py:104} INFO - [INFO] fetching: https://c.shld.net/rpx/i/s/i/spin/10032562/prod_12349903012??hei=64&wid=64&qlt=50
[2021-12-24 11:18:01,836] {logging_mixin.py:104} INFO - [INFO] fetching: https://images-wixmp-ed30a86b8c4ca887773594c2.wixmp.com/f/93abed28-db9e-4018-aee8-6c817a5863b9/dbsqkhl-bc627623-0eed-4727-a573-b7f6cd48d992.png/v1/fill/w_800,h_855,strp/king_pikachu_by_kraus_illustration_dbsqkhl-fullview.png?token=eyJ0eXAiOiJKV1QiLCJhbGciOiJIUzI1NiJ9.eyJzdWIiOiJ1cm46YXBwOjdlMGQxODg5ODIyNjQzNzNhNWYwZDQxNWVhMGQyNmUwIiwiaXNzIjoidXJuOmFwcDo3ZTBkMTg4OTgyMjY0MzczYTVmMGQ0MTVlYTBkMjZlMCIsIm9iaiI6W1t7ImhlaWdodCI6Ijw9ODU1IiwicGF0aCI6IlwvZlwvOTNhYmVkMjgtZGI5ZS00MDE4LWFlZTgtNmM4MTdhNTg2M2I5XC9kYnNxa2hsLWJjNjI3NjIzLTBlZWQtNDcyNy1hNTczLWI3ZjZjZDQ4ZDk5Mi5wbmciLCJ3aWR0aCI6Ijw9ODAwIn1dXSwiYXVkIjpbInVybjpzZXJ2aWNlOmltYWdlLm9wZXJhdGlvbnMiXX0.RBhJ-Eni5Fc_r-5ZBrMSXC8Z0aJvE6PrRT6HPGQehGM
[2021-12-24 11:18:04,348] {logging_mixin.py:104} INFO - [INFO] fetching: https://www.onlinetoys.com.au/19664/pokemon-power-action-pikachu.jpg
[2021-12-24 11:18:07,515] {logging_mixin.py:104} INFO - [INFO] fetching: https://img-new.cgtrader.com/items/1958398/da352b49c7/pikachu-rigged-3d-model-low-poly-rigged-max-obj-mtl-3ds-fbx.jpg
[2021-12-24 11:18:10,833] {logging_mixin.py:104} INFO - [INFO] fetching: http://clipartmag.com/image/pokemon-pikachu-drawing-28.png
[2021-12-24 11:18:14,654] {logging_mixin.py:104} INFO - [INFO] fetching: https://whirli-production-images.s3.eu-west-2.amazonaws.com/products/yZYb57lPl7/yb9jP0AWgj_pokemon-pikachu-medium.jpg
[2021-12-24 11:18:17,990] {logging_mixin.py:104} INFO - [INFO] fetching: https://i.etsystatic.com/8557472/r/il/1009f9/1677348229/il_fullxfull.1677348229_ogtm.jpg
[2021-12-24 11:18:21,411] {logging_mixin.py:104} INFO - [INFO] fetching: https://yt3.ggpht.com/a/AATXAJxWSkYcdzgaCCCeLyKiozmRwjzPpGyIH3dNHMM=s900-c-k-c0xffffffff-no-rj-mo
[2021-12-24 11:18:22,575] {logging_mixin.py:104} INFO - [INFO] fetching: http://www.baltana.com/files/wallpapers-14/Pikachu-Widescreen-Wallpapers-37659.jpg
[2021-12-24 11:18:25,719] {logging_mixin.py:104} INFO - [INFO] fetching: https://www.pokemoncenter.com/products/images/P5248/703-04216/P5248_703-04216_01.jpg
[2021-12-24 11:18:27,105] {logging_mixin.py:104} INFO - [INFO] fetching: https://comicvine1.cbsistatic.com/uploads/scale_medium/6/67663/3248916-01.jpg
[2021-12-24 11:18:28,858] {logging_mixin.py:104} INFO - [INFO] fetching: https://soyummy.com/wp-content/uploads/2018/11/pikachu.jpg
[2021-12-24 11:18:30,738] {logging_mixin.py:104} INFO - [INFO-DEL] deleting: /opt/airflow/dags/images/pikachu_61.jpeg
[2021-12-24 11:18:30,742] {logging_mixin.py:104} INFO - [INFO] fetching: https://media.pocketmonsters.net/imageboard/31/14561285150091.jpg
[2021-12-24 11:18:32,729] {logging_mixin.py:104} INFO - [INFO] fetching: https://i.pinimg.com/736x/61/ad/6d/61ad6dea3fd27c1cf4229c51272e9079.jpg
[2021-12-24 11:18:33,392] {logging_mixin.py:104} INFO - [INFO] fetching: https://images.nintendolife.com/43ece59eb41ff/1280x720.jpg
[2021-12-24 11:18:33,842] {logging_mixin.py:104} INFO - [INFO] fetching: http://static4.wikia.nocookie.net/__cb20130114020550/projectcrusade/images/7/77/Pikachu.png
[2021-12-24 11:18:36,274] {logging_mixin.py:104} INFO - [INFO] fetching: http://www.baltana.com/files/wallpapers-16/Pokemon-Detective-Pikachu-Background-Wallpaper-39818.jpg
[2021-12-24 11:18:39,227] {logging_mixin.py:104} INFO - [INFO] fetching: http://www.baltana.com/files/wallpapers-16/Pokemon-Detective-Pikachu-Movie-Desktop-Wallpaper-39833.jpg
[2021-12-24 11:18:40,931] {logging_mixin.py:104} INFO - [INFO] fetching: https://s1.thcdn.com/productimg/1600/1600/11793129-3294591567198503.jpg
[2021-12-24 11:18:42,762] {logging_mixin.py:104} INFO - [INFO] fetching: https://static2.srcdn.com/wordpress/wp-content/uploads/2019/05/Detective-Pikachu-Pokemon-Red.jpg
[2021-12-24 11:18:43,225] {logging_mixin.py:104} INFO - [INFO] fetching: https://media.gq.com/photos/5cd448e6b41d094fd2cd74af/16:9/w_2560%2Cc_limit/There-Could-Be-No-More-Perfect-Pikachu-Than-Ryan-Reynolds-gq-1.jpg
[2021-12-24 11:18:43,854] {logging_mixin.py:104} INFO - [INFO] fetching: https://yt3.ggpht.com/a-/AAuE7mA4QFZvuGbW5z7QHDyL7KACDGvO_ukJ4IEBKw=s900-mo-c-c0xffffffff-rj-k-no
[2021-12-24 11:18:44,180] {logging_mixin.py:104} INFO - [INFO] fetching: https://images-wixmp-ed30a86b8c4ca887773594c2.wixmp.com/f/bda1e160-081b-4f96-83da-cb5db67f04d5/d4f2mum-9fad0b75-12ac-4fe0-9baa-3425ec7b49bd.jpg/v1/fill/w_890,h_897,q_70,strp/pikachu_playing_pikachu_by_uninspiredfail_d4f2mum-pre.jpg?token=eyJ0eXAiOiJKV1QiLCJhbGciOiJIUzI1NiJ9.eyJzdWIiOiJ1cm46YXBwOjdlMGQxODg5ODIyNjQzNzNhNWYwZDQxNWVhMGQyNmUwIiwiaXNzIjoidXJuOmFwcDo3ZTBkMTg4OTgyMjY0MzczYTVmMGQ0MTVlYTBkMjZlMCIsIm9iaiI6W1t7ImhlaWdodCI6Ijw9MTI2NSIsInBhdGgiOiJcL2ZcL2JkYTFlMTYwLTA4MWItNGY5Ni04M2RhLWNiNWRiNjdmMDRkNVwvZDRmMm11bS05ZmFkMGI3NS0xMmFjLTRmZTAtOWJhYS0zNDI1ZWM3YjQ5YmQuanBnIiwid2lkdGgiOiI8PTEyNTUifV1dLCJhdWQiOlsidXJuOnNlcnZpY2U6aW1hZ2Uub3BlcmF0aW9ucyJdfQ.pqqp3mehzUE7wRCCinB8cTHcMGwjZ-DAD-e8i-Ahpd8
[2021-12-24 11:18:44,498] {logging_mixin.py:104} INFO - [INFO] fetching: https://www.mmtimes.com/sites/mmtimes.com/files/news-images/pokemon-1.jpg
[2021-12-24 11:18:45,325] {logging_mixin.py:104} INFO - [INFO] fetching: https://toppng.com/public/uploads/preview/female-pikachu-11563328732d7nfoxlfep.png
[2021-12-24 11:18:49,229] {logging_mixin.py:104} INFO - [INFO] fetching: https://i.pinimg.com/736x/69/b4/86/69b4861c06c48e990fd225d75a8c4b73--pokemon.jpg
[2021-12-24 11:18:50,061] {logging_mixin.py:104} INFO - [INFO] fetching: http://images.nintendolife.com/news/2018/03/video_the_latest_trailer_proves_detective_pikachu_is_no_ordinary_pokemon/1280x720.jpg
[2021-12-24 11:18:50,495] {logging_mixin.py:104} INFO - [INFO] fetching: https://imgix.ranker.com/user_node_img/50090/1001785514/original/i-will-electrocute_-you-photo-u1?fit=crop&fm=pjpg&q=60&w=650&dpr=2
[2021-12-24 11:18:51,119] {logging_mixin.py:104} INFO - [INFO] fetching: http://www.eventmascots.co.uk/wp-content/uploads/2016/09/pokemon.png
[2021-12-24 11:18:56,461] {logging_mixin.py:104} INFO - [INFO] fetching: http://wallpoper.com/images/00/37/70/48/pokemon-pikachu_00377048.jpg
[2021-12-24 11:18:57,310] {logging_mixin.py:104} INFO - [INFO-DEL] deleting: /opt/airflow/dags/images/pikachu_79.jpeg
[2021-12-24 11:18:57,321] {logging_mixin.py:104} INFO - [INFO] fetching: https://img1.cgtrader.com/items/644143/619389312a/pokemon-pikachu-3d-model-low-poly-max-fbx.jpg
[2021-12-24 11:18:58,130] {logging_mixin.py:104} INFO - [INFO] fetching: https://assets.teenvogue.com/photos/5b4e3ee0ac39084f51205a07/16:9/w_1280,c_limit/pikachu-bangs-fb.jpg?mbid=social_retweet
[2021-12-24 11:18:58,716] {logging_mixin.py:104} INFO - [INFO] fetching: https://i.kinja-img.com/gawker-media/image/upload/s--7N2i0AxA--/c_fill,fl_progressive,g_center,h_900,q_80,w_1600/gvi8m4p95orhorwg0bpv.jpg
[2021-12-24 11:19:01,283] {logging_mixin.py:104} INFO - [INFO] fetching: https://imgix.ranker.com/user_node_img/50090/1001785516/original/pika-pika-photo-u2?fit=crop&fm=pjpg&q=60&w=650&dpr=2
[2021-12-24 11:19:02,284] {logging_mixin.py:104} INFO - [INFO] fetching: https://static1.thegamerimages.com/wordpress/wp-content/uploads/2019/06/Shiny-Pikachu.jpg
[2021-12-24 11:19:03,688] {logging_mixin.py:104} INFO - [INFO] fetching: http://i.ytimg.com/vi/o4juhokUSDc/maxresdefault.jpg
[2021-12-24 11:19:04,722] {logging_mixin.py:104} INFO - [INFO] fetching: https://appliquedesignz.com/image/cache/data/Pokemon_Pikachu_Applique_Design_590_0-1200x1200.jpg
[2021-12-24 11:19:05,978] {logging_mixin.py:104} INFO - [INFO-DEL] deleting: /opt/airflow/dags/images/pikachu_86.jpeg
[2021-12-24 11:19:05,998] {logging_mixin.py:104} INFO - [INFO] fetching: https://img1.cgtrader.com/items/2603799/0f31abff97/pikachu-avatar-3d-model-stl.jpg
[2021-12-24 11:19:07,922] {logging_mixin.py:104} INFO - [INFO] fetching: https://hdwallsbox.com/wallpapers/l/1080x1920/65/pokemon-pikachu-1080x1920-64096.jpg
[2021-12-24 11:19:09,980] {logging_mixin.py:104} INFO - [INFO-DEL] deleting: /opt/airflow/dags/images/pikachu_88.jpeg
[2021-12-24 11:19:10,071] {logging_mixin.py:104} INFO - [INFO] fetching: https://images.nintendolife.com/a5d0cc38d42a3/pika.original.jpg
[2021-12-24 11:19:18,356] {logging_mixin.py:104} INFO - [INFO] fetching: https://webstockreview.net/images/pikachu-clipart-pikachu-tail-10.png
[2021-12-24 11:19:20,509] {logging_mixin.py:104} INFO - [INFO] fetching: https://media.comicbook.com/2020/10/world-cup-pikachu-1239669.jpeg?auto=webp&width=1024&height=512&crop=1024:512,smart
[2021-12-24 11:19:21,704] {logging_mixin.py:104} INFO - [INFO] fetching: https://animetos.com/wp-content/uploads/2021/01/img_6054-scaled.jpg
[2021-12-24 11:19:26,884] {logging_mixin.py:104} INFO - [INFO] fetching: http://oyster.ignimgs.com/mediawiki/apis.ign.com/pokken-tournament/b/b0/Detail-pikachu.png
[2021-12-24 11:19:27,633] {logging_mixin.py:104} INFO - [INFO] fetching: https://webgames.host/uploads/2018/09/super-pikachu.png
[2021-12-24 11:19:31,610] {logging_mixin.py:104} INFO - [INFO] fetching: https://static1.thegamerimages.com/wordpress/wp-content/uploads/2018/05/New-Pikachu-Evolution-Cover-Image.jpg
[2021-12-24 11:19:32,904] {logging_mixin.py:104} INFO - [INFO] fetching: https://media.sketchfab.com/models/ac60f6f686c14be6a1a636646afb5302/thumbnails/9e77d8ef114a4894a799047fc67ca152/4f892941ad124776884379bb684ead26.jpeg
[2021-12-24 11:19:33,992] {logging_mixin.py:104} INFO - [INFO] fetching: https://images-wixmp-ed30a86b8c4ca887773594c2.wixmp.com/f/cf199b95-1c67-46cf-8cf6-142d4e60a516/d9po7xa-24483e79-ad7d-49d5-8aa5-89bd66dce65f.jpg/v1/fill/w_1024,h_1366,q_75,strp/kawaii_pokemon__detective_pikachu__by_kawaiiwonder_d9po7xa-fullview.jpg?token=eyJ0eXAiOiJKV1QiLCJhbGciOiJIUzI1NiJ9.eyJzdWIiOiJ1cm46YXBwOjdlMGQxODg5ODIyNjQzNzNhNWYwZDQxNWVhMGQyNmUwIiwiaXNzIjoidXJuOmFwcDo3ZTBkMTg4OTgyMjY0MzczYTVmMGQ0MTVlYTBkMjZlMCIsIm9iaiI6W1t7ImhlaWdodCI6Ijw9MTM2NiIsInBhdGgiOiJcL2ZcL2NmMTk5Yjk1LTFjNjctNDZjZi04Y2Y2LTE0MmQ0ZTYwYTUxNlwvZDlwbzd4YS0yNDQ4M2U3OS1hZDdkLTQ5ZDUtOGFhNS04OWJkNjZkY2U2NWYuanBnIiwid2lkdGgiOiI8PTEwMjQifV1dLCJhdWQiOlsidXJuOnNlcnZpY2U6aW1hZ2Uub3BlcmF0aW9ucyJdfQ.rswwe3Ho8D21KShPd9RbqBidzIOEG8GM-2ICrUG0gNA
[2021-12-24 11:19:37,408] {logging_mixin.py:104} INFO - [INFO] fetching: https://static0.therichestimages.com/wordpress/wp-content/uploads/2017/12/Sad-Pikachu.jpg
[2021-12-24 11:19:39,868] {logging_mixin.py:104} INFO - [INFO] fetching: https://screenvisionmedia.com/wp-content/uploads/2019/04/pokemon-detective-pikachu.jpg
[2021-12-24 11:19:45,459] {connectionpool.py:752} WARNING - Retrying (Retry(total=4, connect=None, read=None, redirect=None, status=None)) after connection broken by 'NewConnectionError('<urllib3.connection.HTTPConnection object at 0x7fc4c56cd7f0>: Failed to establish a new connection: [Errno 111] Connection refused',)': /sourcedata/pikachu_99.jpeg
[2021-12-24 11:19:46,178] {local_task_job.py:77} ERROR - Received SIGTERM. Terminating subprocesses
[2021-12-24 11:19:46,289] {process_utils.py:100} INFO - Sending Signals.SIGTERM to GPID 204
[2021-12-24 11:19:46,345] {taskinstance.py:1239} ERROR - Received SIGTERM. Terminating subprocesses.
[2021-12-24 11:19:46,444] {logging_mixin.py:104} INFO - [ERROR]:  Task received SIGTERM signal
[2021-12-24 11:19:46,485] {logging_mixin.py:104} INFO - [INFO] making request for group 100-150 of 1000...
[2021-12-24 11:19:48,363] {logging_mixin.py:104} INFO - [INFO] saving images for group 100-150 of 1000...
[2021-12-24 11:19:48,376] {logging_mixin.py:104} INFO - [INFO] fetching: https://www.pokemoncenter.com/products/images/P5248/703-04216/P5248_703-04216_01.jpg
[2021-12-24 11:19:53,203] {connectionpool.py:752} WARNING - Retrying (Retry(total=4, connect=None, read=None, redirect=None, status=None)) after connection broken by 'NewConnectionError('<urllib3.connection.HTTPConnection object at 0x7fc52b992668>: Failed to establish a new connection: [Errno 111] Connection refused',)': /sourcedata/pikachu_100.jpeg
[2021-12-24 11:19:55,254] {local_task_job.py:77} ERROR - Received SIGTERM. Terminating subprocesses
