[2021-12-24 11:10:35,419] {taskinstance.py:851} INFO - Dependencies all met for <TaskInstance: bing_image_download.bing_image_download 2021-12-24T11:05:15.315906+00:00 [queued]>
[2021-12-24 11:10:35,448] {taskinstance.py:851} INFO - Dependencies all met for <TaskInstance: bing_image_download.bing_image_download 2021-12-24T11:05:15.315906+00:00 [queued]>
[2021-12-24 11:10:35,449] {taskinstance.py:1042} INFO - 
--------------------------------------------------------------------------------
[2021-12-24 11:10:35,449] {taskinstance.py:1043} INFO - Starting attempt 1 of 2
[2021-12-24 11:10:35,450] {taskinstance.py:1044} INFO - 
--------------------------------------------------------------------------------
[2021-12-24 11:10:35,466] {taskinstance.py:1063} INFO - Executing <Task(PythonOperator): bing_image_download> on 2021-12-24T11:05:15.315906+00:00
[2021-12-24 11:10:35,475] {standard_task_runner.py:52} INFO - Started process 43 to run task
[2021-12-24 11:10:35,483] {standard_task_runner.py:76} INFO - Running: ['airflow', 'tasks', 'run', 'bing_image_download', 'bing_image_download', '2021-12-24T11:05:15.315906+00:00', '--job-id', '142', '--pool', 'default_pool', '--raw', '--subdir', 'DAGS_FOLDER/bing_image_download.py', '--cfg-path', '/tmp/tmp7ps33mzo', '--error-file', '/tmp/tmpa7osydej']
[2021-12-24 11:10:35,484] {standard_task_runner.py:77} INFO - Job 142: Subtask bing_image_download
[2021-12-24 11:10:35,568] {logging_mixin.py:104} INFO - Running <TaskInstance: bing_image_download.bing_image_download 2021-12-24T11:05:15.315906+00:00 [running]> on host 89d4e2d4fc9f
[2021-12-24 11:10:35,644] {taskinstance.py:1257} INFO - Exporting the following env vars:
AIRFLOW_CTX_DAG_OWNER=airflow
AIRFLOW_CTX_DAG_ID=bing_image_download
AIRFLOW_CTX_TASK_ID=bing_image_download
AIRFLOW_CTX_EXECUTION_DATE=2021-12-24T11:05:15.315906+00:00
AIRFLOW_CTX_DAG_RUN_ID=scheduled__2021-12-24T11:05:15.315906+00:00
[2021-12-24 11:10:35,655] {logging_mixin.py:104} INFO - [INFO] searching Bing API for 'pikachu'
[2021-12-24 11:10:37,154] {logging_mixin.py:104} INFO - [INFO] 1000 total results for 'pikachu'
[2021-12-24 11:10:37,156] {logging_mixin.py:104} INFO - [INFO] making request for group 0-50 of 1000...
[2021-12-24 11:10:38,308] {logging_mixin.py:104} INFO - [INFO] saving images for group 0-50 of 1000...
[2021-12-24 11:10:38,318] {logging_mixin.py:104} INFO - [INFO] fetching: http://vignette3.wikia.nocookie.net/wii/images/7/77/Pikachu_SSB4.jpg/revision/latest?cb=20140210000421
[2021-12-24 11:10:40,260] {logging_mixin.py:104} INFO - [INFO] fetching: https://images-wixmp-ed30a86b8c4ca887773594c2.wixmp.com/f/4f6bf5b3-c9b6-44c2-ab80-06e3ea80d511/dca37p4-e992703b-3518-475a-a3bd-bc2831f13e7b.png?token=eyJ0eXAiOiJKV1QiLCJhbGciOiJIUzI1NiJ9.eyJzdWIiOiJ1cm46YXBwOiIsImlzcyI6InVybjphcHA6Iiwib2JqIjpbW3sicGF0aCI6IlwvZlwvNGY2YmY1YjMtYzliNi00NGMyLWFiODAtMDZlM2VhODBkNTExXC9kY2EzN3A0LWU5OTI3MDNiLTM1MTgtNDc1YS1hM2JkLWJjMjgzMWYxM2U3Yi5wbmcifV1dLCJhdWQiOlsidXJuOnNlcnZpY2U6ZmlsZS5kb3dubG9hZCJdfQ.BgM4bC-lqNizie8fhV-EnS5hLNCPn5y8iROlzXNAdk4
[2021-12-24 11:10:42,244] {logging_mixin.py:104} INFO - [INFO] fetching: https://cdn-img.instyle.com/sites/default/files/styles/684xflex/public/images/2016/07/072716-pikachu.jpg?itok=T1B5JzhB
[2021-12-24 11:10:44,501] {logging_mixin.py:104} INFO - [INFO] fetching: https://pngimg.com/uploads/pokemon/pokemon_PNG148.png
[2021-12-24 11:10:46,008] {logging_mixin.py:104} INFO - [INFO] fetching: https://ph.portal-pokemon.com/upload/en/HelloPika.png
[2021-12-24 11:10:52,653] {logging_mixin.py:104} INFO - [INFO] fetching: https://mir-s3-cdn-cf.behance.net/project_modules/max_1200/91cc6c40961423.5793b50987cac.jpg
[2021-12-24 11:10:57,548] {logging_mixin.py:104} INFO - [INFO] fetching: https://cdn.myminifactory.com/assets/object-assets/5c64403a9c7ad/images/d27029fa-5bce-4731-b8b4-af6be07fe701.jpg
[2021-12-24 11:11:24,618] {logging_mixin.py:104} INFO - [INFO] fetching: https://images6.fanpop.com/image/photos/33000000/pikachu-pikachu-33005706-895-1000.png
[2021-12-24 11:11:28,032] {logging_mixin.py:104} INFO - [INFO] fetching: https://art.ngfiles.com/images/781000/781267_mexican64_detective-pikachu.jpg?f1547156536
[2021-12-24 11:11:33,495] {logging_mixin.py:104} INFO - [INFO] fetching: https://img1.cgtrader.com/items/2419585/aef1cf6064/pikachu-pokemon-3d-printing-3d-model-obj-stl-blend.jpg
[2021-12-24 11:11:34,240] {logging_mixin.py:104} INFO - [INFO] fetching: https://mir-s3-cdn-cf.behance.net/project_modules/1400/56f6e170109017.5d71da93da213.png
[2021-12-24 11:11:35,353] {logging_mixin.py:104} INFO - [INFO] fetching: https://squir.com/media/catalog/product/cache/1/image/9df78eab33525d08d6e5fb8d27136e95/p/i/pikachu_pokemon_0000.jpg
[2021-12-24 11:11:37,309] {logging_mixin.py:104} INFO - [INFO] fetching: https://cdn.vox-cdn.com/thumbor/RGPwZaA8xxwrVd4spVyTGNrxHh0=/99x0:1179x720/1200x800/filters:focal(99x0:1179x720)/cdn.vox-cdn.com/uploads/chorus_image/image/50166993/2016.1_Great_Detective_Pikachu_Birth_of_a_New_Duo__3DS_.0.0.jpg
[2021-12-24 11:11:39,281] {logging_mixin.py:104} INFO - [INFO] fetching: https://webstockreview.net/images/hello-clipart-pikachu-pokemon-14.png
[2021-12-24 11:11:42,616] {logging_mixin.py:104} INFO - [INFO] fetching: https://pngimg.com/uploads/pokemon/pokemon_PNG9.png
[2021-12-24 11:11:43,702] {logging_mixin.py:104} INFO - [INFO] fetching: https://yt3.ggpht.com/a/AATXAJxtQ_8fLTUGcMTiyJ71r_-B7MdSNej9kUbPfQ=s900-c-k-c0xffffffff-no-rj-mo
[2021-12-24 11:11:45,499] {logging_mixin.py:104} INFO - [INFO] fetching: http://images5.fanpop.com/image/photos/27400000/3D-Pikachu-pokemon-27461678-1600-1200.jpg
[2021-12-24 11:11:49,484] {logging_mixin.py:104} INFO - [INFO] fetching: https://clipground.com/images/cute-pikachu-png-7.jpg
[2021-12-24 11:11:50,836] {logging_mixin.py:104} INFO - [INFO] fetching: https://static1.cbrimages.com/wordpress/wp-content/uploads/2019/12/Pikachu-Feature-Image-Cropped.jpg
[2021-12-24 11:11:52,364] {logging_mixin.py:104} INFO - [INFO] fetching: https://2.bp.blogspot.com/-X1aJ3d6Wz20/T_Rfzmums1I/AAAAAAAAE4s/7ZutjHyM3wY/s1600/Pikachu+Pokemon+Wallpapers.jpg
[2021-12-24 11:11:54,408] {logging_mixin.py:104} INFO - [INFO] fetching: https://webstockreview.net/images/pikachu-clipart-orange-5.png
[2021-12-24 11:12:00,209] {logging_mixin.py:104} INFO - [INFO] fetching: http://cdn.shopify.com/s/files/1/0284/4907/9395/products/sticker_pikachu.jpg?v=1573513085
[2021-12-24 11:12:03,607] {logging_mixin.py:104} INFO - [INFO] fetching: https://heraldjournalism.com/wp-content/uploads/2020/07/wp1877515-pikachu-hd-wallpaper.jpg
[2021-12-24 11:12:06,784] {logging_mixin.py:104} INFO - [INFO] fetching: https://preview.redd.it/x2wdfznl7dc31.jpg?auto=webp&s=ac11d594b10cd85ecdce3c3850887649d6ca7da6
[2021-12-24 11:12:11,642] {logging_mixin.py:104} INFO - [INFO] fetching: https://yt3.ggpht.com/a-/AAuE7mBRlOG3moYW1oLN4L0V6FP-O-3IJrF1NoGjDw=s900-mo-c-c0xffffffff-rj-k-no
[2021-12-24 11:12:12,272] {logging_mixin.py:104} INFO - [INFO] fetching: https://images-wixmp-ed30a86b8c4ca887773594c2.wixmp.com/f/c5bbbf70-cfca-4aeb-892b-6ac8c54fb175/ddbr84t-d0753923-bc99-4919-8bb6-2121149399d7.png/v1/fill/w_956,h_836,strp/pikachu_libre_render_by_vexikku_ddbr84t-pre.png?token=eyJ0eXAiOiJKV1QiLCJhbGciOiJIUzI1NiJ9.eyJzdWIiOiJ1cm46YXBwOjdlMGQxODg5ODIyNjQzNzNhNWYwZDQxNWVhMGQyNmUwIiwiaXNzIjoidXJuOmFwcDo3ZTBkMTg4OTgyMjY0MzczYTVmMGQ0MTVlYTBkMjZlMCIsIm9iaiI6W1t7ImhlaWdodCI6Ijw9MzUwMCIsInBhdGgiOiJcL2ZcL2M1YmJiZjcwLWNmY2EtNGFlYi04OTJiLTZhYzhjNTRmYjE3NVwvZGRicjg0dC1kMDc1MzkyMy1iYzk5LTQ5MTktOGJiNi0yMTIxMTQ5Mzk5ZDcucG5nIiwid2lkdGgiOiI8PTQwMDAifV1dLCJhdWQiOlsidXJuOnNlcnZpY2U6aW1hZ2Uub3BlcmF0aW9ucyJdfQ.SCZGQ24m5GxrmvuwHJ6Em8lOGDWKTpacKjSjkkFMbCs
[2021-12-24 11:12:13,110] {logging_mixin.py:104} INFO - [INFO] fetching: https://img2.cgtrader.com/items/632126/e0dd2796f1/pikachu-3d-model-low-poly-animated-rigged-max-obj-fbx-mtl.jpg
[2021-12-24 11:12:13,865] {logging_mixin.py:104} INFO - [INFO] fetching: https://img.huffingtonpost.com/asset/5a10b3b0180000aa09f6ce35.jpeg?ops=1910_1000
[2021-12-24 11:12:14,902] {logging_mixin.py:104} INFO - [INFO] fetching: https://animetos.com/wp-content/uploads/2021/03/img_8458-scaled.jpeg
[2021-12-24 11:12:17,977] {logging_mixin.py:104} INFO - [INFO] fetching: https://cdn.mos.cms.futurecdn.net/dqW4eWEXeU6J8tBpZTpqy5.jpg
[2021-12-24 11:12:19,482] {logging_mixin.py:104} INFO - [INFO] fetching: https://static3.srcdn.com/wordpress/wp-content/uploads/2020/10/Pokemon-Sword-and-Shield-Ash-Ketchum-Pikachu.jpg
[2021-12-24 11:12:22,784] {logging_mixin.py:104} INFO - [INFO] fetching: https://cdn.weasyl.com/static/media/66/fe/02/66fe029cf81d3e0aca2edefe9775b7eb0c051ef7acf49e3b6e71021b055d3c06.png
[2021-12-24 11:12:26,140] {logging_mixin.py:104} INFO - [INFO] fetching: https://s3.us-east-1.amazonaws.com/dexerto-assets-production-cbbdf288/uploads/2020/02/16230146/pokemon-community-fat-pikachu-meme.jpg
[2021-12-24 11:12:28,238] {logging_mixin.py:104} INFO - [INFO] fetching: http://clipartmag.com/image/pikachu-images-for-drawing-29.png
[2021-12-24 11:12:29,897] {logging_mixin.py:104} INFO - [INFO] fetching: http://tonsoffacts.com/wp-content/uploads/2019/11/fp4716-pokemon-pikachu-glow.jpg
[2021-12-24 11:12:32,271] {logging_mixin.py:104} INFO - [INFO] fetching: http://img2.wikia.nocookie.net/__cb20110811011944/pokemonfanon/images/8/88/Pikachu_XXV.PNG
[2021-12-24 11:12:35,660] {logging_mixin.py:104} INFO - [INFO] fetching: http://images4.fanpop.com/image/photos/22200000/Pikachu-pikachu-22265985-1280-1120.jpg
[2021-12-24 11:12:40,010] {logging_mixin.py:104} INFO - [INFO] fetching: https://images-wixmp-ed30a86b8c4ca887773594c2.wixmp.com/f/25247b92-6844-4fef-8ed8-5055cc35bf58/dd18tmd-d30941e9-a135-4565-ba5f-ac90be835d62.png/v1/fill/w_958,h_834,strp/pikachu_run_render_by_nintega_dario_dd18tmd-pre.png?token=eyJ0eXAiOiJKV1QiLCJhbGciOiJIUzI1NiJ9.eyJzdWIiOiJ1cm46YXBwOjdlMGQxODg5ODIyNjQzNzNhNWYwZDQxNWVhMGQyNmUwIiwiaXNzIjoidXJuOmFwcDo3ZTBkMTg4OTgyMjY0MzczYTVmMGQ0MTVlYTBkMjZlMCIsIm9iaiI6W1t7ImhlaWdodCI6Ijw9MTc1MCIsInBhdGgiOiJcL2ZcLzI1MjQ3YjkyLTY4NDQtNGZlZi04ZWQ4LTUwNTVjYzM1YmY1OFwvZGQxOHRtZC1kMzA5NDFlOS1hMTM1LTQ1NjUtYmE1Zi1hYzkwYmU4MzVkNjIucG5nIiwid2lkdGgiOiI8PTIwMTAifV1dLCJhdWQiOlsidXJuOnNlcnZpY2U6aW1hZ2Uub3BlcmF0aW9ucyJdfQ.pq9b6WZU8vHbWtw8DC3WwZi3p6WYzSD7f0YKTUaru2g
[2021-12-24 11:12:45,277] {logging_mixin.py:104} INFO - [INFO] fetching: http://images.nintendolife.com/news/2017/11/weirdness_pikachu/attachment/0/large.jpg
[2021-12-24 11:12:47,767] {logging_mixin.py:104} INFO - [INFO] fetching: https://yt3.ggpht.com/a/AATXAJw9Y95jJiDSFXIG6GWfIZKdHbgfovkOcj66BA=s900-c-k-c0xffffffff-no-rj-mo
[2021-12-24 11:12:49,400] {logging_mixin.py:104} INFO - [INFO] fetching: http://static.arcadespot.com/wp-content/uploads/2018/03/pikachu-bros.png
[2021-12-24 11:12:56,568] {logging_mixin.py:104} INFO - [INFO] fetching: https://cdn.weasyl.com/~tsaoshin/submissions/1351357/26480474c4f1b1f6b42aa02c67540a21a3daa4cf4da375229ccf723d56d1377d/tsaoshin-025-pikachu.png
[2021-12-24 11:12:57,462] {logging_mixin.py:104} INFO - [INFO] fetching: https://img2.cgtrader.com/items/670200/bb4720355b/pikachu-3d-model-low-poly-obj-c4d-stl-ztl-mtl.png
[2021-12-24 11:12:59,062] {logging_mixin.py:104} INFO - [INFO] fetching: https://cdn.gamer-network.net/2018/usgamer/Detective-Pikachu-Header-03.jpg/EG11/thumbnail/1920x1080/format/jpg/quality/75/detective-pikachu-pokemon-next-generation-switch-impressions.jpg
[2021-12-24 11:13:02,548] {logging_mixin.py:104} INFO - [INFO] fetching: https://static2.thegamerimages.com/wordpress/wp-content/uploads/2019/05/Detective-Pikachu-4.jpg
[2021-12-24 11:13:04,958] {logging_mixin.py:104} INFO - [INFO] fetching: http://1.bp.blogspot.com/-abBmZroOWLE/VI1OaUQRSVI/AAAAAAAAHag/BUaUVdHh1Ak/s1600/Pikachu_Vector.png
[2021-12-24 11:13:07,650] {logging_mixin.py:104} INFO - [INFO] fetching: https://s3.us-east-1.amazonaws.com/dexerto-assets-production-cbbdf288/uploads/2020/08/26080403/ashs-pikachu-on-verge-of-evolving-pokemon-journeys-23-years-franchise-icon.jpg
[2021-12-24 11:13:12,321] {logging_mixin.py:104} INFO - [INFO] fetching: https://megamousearts.com/wp-content/uploads/2020/05/Anime-Pikachu.jpg
[2021-12-24 11:13:13,606] {logging_mixin.py:104} INFO - [INFO-DEL] deleting: /opt/airflow/dags/images/pikachu_47.jpeg
[2021-12-24 11:13:13,623] {logging_mixin.py:104} INFO - [INFO] fetching: https://img2.cgtrader.com/items/768075/a6212ac1a3/pokemon-pikachu-3d-model-low-poly-rigged.jpg
[2021-12-24 11:13:14,195] {logging_mixin.py:104} INFO - [INFO] fetching: https://i.pinimg.com/736x/69/b4/86/69b4861c06c48e990fd225d75a8c4b73--pokemon.jpg
[2021-12-24 11:13:15,236] {logging_mixin.py:104} INFO - [INFO] making request for group 50-100 of 1000...
[2021-12-24 11:13:16,683] {logging_mixin.py:104} INFO - [INFO] saving images for group 50-100 of 1000...
[2021-12-24 11:13:16,694] {logging_mixin.py:104} INFO - [INFO] fetching: https://c.shld.net/rpx/i/s/i/spin/10032562/prod_12349903012??hei=64&wid=64&qlt=50
[2021-12-24 11:13:20,479] {logging_mixin.py:104} INFO - [INFO] fetching: https://images-wixmp-ed30a86b8c4ca887773594c2.wixmp.com/f/93abed28-db9e-4018-aee8-6c817a5863b9/dbsqkhl-bc627623-0eed-4727-a573-b7f6cd48d992.png/v1/fill/w_800,h_855,strp/king_pikachu_by_kraus_illustration_dbsqkhl-fullview.png?token=eyJ0eXAiOiJKV1QiLCJhbGciOiJIUzI1NiJ9.eyJzdWIiOiJ1cm46YXBwOjdlMGQxODg5ODIyNjQzNzNhNWYwZDQxNWVhMGQyNmUwIiwiaXNzIjoidXJuOmFwcDo3ZTBkMTg4OTgyMjY0MzczYTVmMGQ0MTVlYTBkMjZlMCIsIm9iaiI6W1t7ImhlaWdodCI6Ijw9ODU1IiwicGF0aCI6IlwvZlwvOTNhYmVkMjgtZGI5ZS00MDE4LWFlZTgtNmM4MTdhNTg2M2I5XC9kYnNxa2hsLWJjNjI3NjIzLTBlZWQtNDcyNy1hNTczLWI3ZjZjZDQ4ZDk5Mi5wbmciLCJ3aWR0aCI6Ijw9ODAwIn1dXSwiYXVkIjpbInVybjpzZXJ2aWNlOmltYWdlLm9wZXJhdGlvbnMiXX0.RBhJ-Eni5Fc_r-5ZBrMSXC8Z0aJvE6PrRT6HPGQehGM
[2021-12-24 11:13:23,613] {logging_mixin.py:104} INFO - [INFO] fetching: https://www.onlinetoys.com.au/19664/pokemon-power-action-pikachu.jpg
[2021-12-24 11:13:29,695] {logging_mixin.py:104} INFO - [INFO] fetching: https://img-new.cgtrader.com/items/1958398/da352b49c7/pikachu-rigged-3d-model-low-poly-rigged-max-obj-mtl-3ds-fbx.jpg
[2021-12-24 11:13:31,084] {logging_mixin.py:104} INFO - [INFO] fetching: http://clipartmag.com/image/pokemon-pikachu-drawing-28.png
[2021-12-24 11:13:32,234] {logging_mixin.py:104} INFO - [INFO] fetching: https://whirli-production-images.s3.eu-west-2.amazonaws.com/products/yZYb57lPl7/yb9jP0AWgj_pokemon-pikachu-medium.jpg
[2021-12-24 11:13:33,657] {logging_mixin.py:104} INFO - [INFO] fetching: https://i.etsystatic.com/8557472/r/il/1009f9/1677348229/il_fullxfull.1677348229_ogtm.jpg
[2021-12-24 11:13:36,235] {logging_mixin.py:104} INFO - [INFO] fetching: https://yt3.ggpht.com/a/AATXAJxWSkYcdzgaCCCeLyKiozmRwjzPpGyIH3dNHMM=s900-c-k-c0xffffffff-no-rj-mo
[2021-12-24 11:13:37,795] {logging_mixin.py:104} INFO - [INFO] fetching: http://www.baltana.com/files/wallpapers-14/Pikachu-Widescreen-Wallpapers-37659.jpg
[2021-12-24 11:13:40,685] {logging_mixin.py:104} INFO - [INFO] fetching: https://www.pokemoncenter.com/products/images/P5248/703-04216/P5248_703-04216_01.jpg
[2021-12-24 11:13:42,677] {logging_mixin.py:104} INFO - [INFO] fetching: https://comicvine1.cbsistatic.com/uploads/scale_medium/6/67663/3248916-01.jpg
[2021-12-24 11:13:43,914] {logging_mixin.py:104} INFO - [INFO] fetching: https://soyummy.com/wp-content/uploads/2018/11/pikachu.jpg
[2021-12-24 11:13:45,572] {logging_mixin.py:104} INFO - [INFO-DEL] deleting: /opt/airflow/dags/images/pikachu_61.jpeg
[2021-12-24 11:13:45,578] {logging_mixin.py:104} INFO - [INFO] fetching: https://media.pocketmonsters.net/imageboard/31/14561285150091.jpg
[2021-12-24 11:13:49,242] {logging_mixin.py:104} INFO - [INFO] fetching: https://i.pinimg.com/736x/61/ad/6d/61ad6dea3fd27c1cf4229c51272e9079.jpg
[2021-12-24 11:13:50,642] {logging_mixin.py:104} INFO - [INFO] fetching: https://images.nintendolife.com/43ece59eb41ff/1280x720.jpg
[2021-12-24 11:13:51,809] {logging_mixin.py:104} INFO - [INFO] fetching: http://static4.wikia.nocookie.net/__cb20130114020550/projectcrusade/images/7/77/Pikachu.png
[2021-12-24 11:13:53,641] {logging_mixin.py:104} INFO - [INFO] fetching: http://www.baltana.com/files/wallpapers-16/Pokemon-Detective-Pikachu-Background-Wallpaper-39818.jpg
[2021-12-24 11:13:57,705] {logging_mixin.py:104} INFO - [INFO] fetching: http://www.baltana.com/files/wallpapers-16/Pokemon-Detective-Pikachu-Movie-Desktop-Wallpaper-39833.jpg
[2021-12-24 11:14:00,362] {logging_mixin.py:104} INFO - [INFO] fetching: https://s1.thcdn.com/productimg/1600/1600/11793129-3294591567198503.jpg
[2021-12-24 11:14:00,990] {logging_mixin.py:104} INFO - [INFO] fetching: https://static2.srcdn.com/wordpress/wp-content/uploads/2019/05/Detective-Pikachu-Pokemon-Red.jpg
[2021-12-24 11:14:02,130] {logging_mixin.py:104} INFO - [INFO] fetching: https://media.gq.com/photos/5cd448e6b41d094fd2cd74af/16:9/w_2560%2Cc_limit/There-Could-Be-No-More-Perfect-Pikachu-Than-Ryan-Reynolds-gq-1.jpg
[2021-12-24 11:14:06,015] {logging_mixin.py:104} INFO - [INFO] fetching: https://yt3.ggpht.com/a-/AAuE7mA4QFZvuGbW5z7QHDyL7KACDGvO_ukJ4IEBKw=s900-mo-c-c0xffffffff-rj-k-no
[2021-12-24 11:14:07,383] {logging_mixin.py:104} INFO - [INFO] fetching: https://images-wixmp-ed30a86b8c4ca887773594c2.wixmp.com/f/bda1e160-081b-4f96-83da-cb5db67f04d5/d4f2mum-9fad0b75-12ac-4fe0-9baa-3425ec7b49bd.jpg/v1/fill/w_890,h_897,q_70,strp/pikachu_playing_pikachu_by_uninspiredfail_d4f2mum-pre.jpg?token=eyJ0eXAiOiJKV1QiLCJhbGciOiJIUzI1NiJ9.eyJzdWIiOiJ1cm46YXBwOjdlMGQxODg5ODIyNjQzNzNhNWYwZDQxNWVhMGQyNmUwIiwiaXNzIjoidXJuOmFwcDo3ZTBkMTg4OTgyMjY0MzczYTVmMGQ0MTVlYTBkMjZlMCIsIm9iaiI6W1t7ImhlaWdodCI6Ijw9MTI2NSIsInBhdGgiOiJcL2ZcL2JkYTFlMTYwLTA4MWItNGY5Ni04M2RhLWNiNWRiNjdmMDRkNVwvZDRmMm11bS05ZmFkMGI3NS0xMmFjLTRmZTAtOWJhYS0zNDI1ZWM3YjQ5YmQuanBnIiwid2lkdGgiOiI8PTEyNTUifV1dLCJhdWQiOlsidXJuOnNlcnZpY2U6aW1hZ2Uub3BlcmF0aW9ucyJdfQ.pqqp3mehzUE7wRCCinB8cTHcMGwjZ-DAD-e8i-Ahpd8
[2021-12-24 11:14:08,610] {logging_mixin.py:104} INFO - [INFO] fetching: https://www.mmtimes.com/sites/mmtimes.com/files/news-images/pokemon-1.jpg
[2021-12-24 11:14:13,192] {logging_mixin.py:104} INFO - [INFO] fetching: https://toppng.com/public/uploads/preview/female-pikachu-11563328732d7nfoxlfep.png
[2021-12-24 11:14:17,219] {logging_mixin.py:104} INFO - [INFO] fetching: https://i.pinimg.com/736x/69/b4/86/69b4861c06c48e990fd225d75a8c4b73--pokemon.jpg
[2021-12-24 11:14:19,438] {logging_mixin.py:104} INFO - [INFO] fetching: http://images.nintendolife.com/news/2018/03/video_the_latest_trailer_proves_detective_pikachu_is_no_ordinary_pokemon/1280x720.jpg
[2021-12-24 11:14:21,651] {logging_mixin.py:104} INFO - [INFO] fetching: https://imgix.ranker.com/user_node_img/50090/1001785514/original/i-will-electrocute_-you-photo-u1?fit=crop&fm=pjpg&q=60&w=650&dpr=2
[2021-12-24 11:14:23,349] {logging_mixin.py:104} INFO - [INFO] fetching: http://www.eventmascots.co.uk/wp-content/uploads/2016/09/pokemon.png
[2021-12-24 11:14:31,933] {logging_mixin.py:104} INFO - [INFO] fetching: http://wallpoper.com/images/00/37/70/48/pokemon-pikachu_00377048.jpg
[2021-12-24 11:14:33,599] {logging_mixin.py:104} INFO - [INFO-DEL] deleting: /opt/airflow/dags/images/pikachu_79.jpeg
[2021-12-24 11:14:33,917] {logging_mixin.py:104} INFO - [INFO] fetching: https://img1.cgtrader.com/items/644143/619389312a/pokemon-pikachu-3d-model-low-poly-max-fbx.jpg
[2021-12-24 11:14:36,765] {logging_mixin.py:104} INFO - [INFO] fetching: https://assets.teenvogue.com/photos/5b4e3ee0ac39084f51205a07/16:9/w_1280,c_limit/pikachu-bangs-fb.jpg?mbid=social_retweet
[2021-12-24 11:14:37,738] {logging_mixin.py:104} INFO - [INFO] fetching: https://i.kinja-img.com/gawker-media/image/upload/s--7N2i0AxA--/c_fill,fl_progressive,g_center,h_900,q_80,w_1600/gvi8m4p95orhorwg0bpv.jpg
[2021-12-24 11:14:40,487] {logging_mixin.py:104} INFO - [INFO] fetching: https://imgix.ranker.com/user_node_img/50090/1001785516/original/pika-pika-photo-u2?fit=crop&fm=pjpg&q=60&w=650&dpr=2
[2021-12-24 11:14:42,456] {logging_mixin.py:104} INFO - [INFO] fetching: https://static1.thegamerimages.com/wordpress/wp-content/uploads/2019/06/Shiny-Pikachu.jpg
[2021-12-24 11:14:45,615] {logging_mixin.py:104} INFO - [INFO] fetching: http://i.ytimg.com/vi/o4juhokUSDc/maxresdefault.jpg
[2021-12-24 11:14:47,010] {logging_mixin.py:104} INFO - [INFO] fetching: https://appliquedesignz.com/image/cache/data/Pokemon_Pikachu_Applique_Design_590_0-1200x1200.jpg
[2021-12-24 11:14:48,333] {logging_mixin.py:104} INFO - [INFO-DEL] deleting: /opt/airflow/dags/images/pikachu_86.jpeg
[2021-12-24 11:14:48,348] {logging_mixin.py:104} INFO - [INFO] fetching: https://img1.cgtrader.com/items/2603799/0f31abff97/pikachu-avatar-3d-model-stl.jpg
[2021-12-24 11:14:50,453] {logging_mixin.py:104} INFO - [INFO] fetching: https://hdwallsbox.com/wallpapers/l/1080x1920/65/pokemon-pikachu-1080x1920-64096.jpg
[2021-12-24 11:14:52,362] {logging_mixin.py:104} INFO - [INFO-DEL] deleting: /opt/airflow/dags/images/pikachu_88.jpeg
[2021-12-24 11:14:52,366] {logging_mixin.py:104} INFO - [INFO] fetching: https://images.nintendolife.com/a5d0cc38d42a3/pika.original.jpg
[2021-12-24 11:14:55,565] {logging_mixin.py:104} INFO - [INFO] fetching: https://webstockreview.net/images/pikachu-clipart-pikachu-tail-10.png
[2021-12-24 11:14:58,878] {logging_mixin.py:104} INFO - [INFO] fetching: https://media.comicbook.com/2020/10/world-cup-pikachu-1239669.jpeg?auto=webp&width=1024&height=512&crop=1024:512,smart
[2021-12-24 11:15:00,355] {logging_mixin.py:104} INFO - [INFO] fetching: https://animetos.com/wp-content/uploads/2021/01/img_6054-scaled.jpg
[2021-12-24 11:15:04,662] {logging_mixin.py:104} INFO - [INFO] fetching: http://oyster.ignimgs.com/mediawiki/apis.ign.com/pokken-tournament/b/b0/Detail-pikachu.png
[2021-12-24 11:15:05,668] {logging_mixin.py:104} INFO - [INFO] fetching: https://webgames.host/uploads/2018/09/super-pikachu.png
[2021-12-24 11:15:10,978] {logging_mixin.py:104} INFO - [INFO] fetching: https://static1.thegamerimages.com/wordpress/wp-content/uploads/2018/05/New-Pikachu-Evolution-Cover-Image.jpg
[2021-12-24 11:15:12,851] {logging_mixin.py:104} INFO - [INFO] fetching: https://media.sketchfab.com/models/ac60f6f686c14be6a1a636646afb5302/thumbnails/9e77d8ef114a4894a799047fc67ca152/4f892941ad124776884379bb684ead26.jpeg
[2021-12-24 11:15:14,520] {logging_mixin.py:104} INFO - [INFO] fetching: https://images-wixmp-ed30a86b8c4ca887773594c2.wixmp.com/f/cf199b95-1c67-46cf-8cf6-142d4e60a516/d9po7xa-24483e79-ad7d-49d5-8aa5-89bd66dce65f.jpg/v1/fill/w_1024,h_1366,q_75,strp/kawaii_pokemon__detective_pikachu__by_kawaiiwonder_d9po7xa-fullview.jpg?token=eyJ0eXAiOiJKV1QiLCJhbGciOiJIUzI1NiJ9.eyJzdWIiOiJ1cm46YXBwOjdlMGQxODg5ODIyNjQzNzNhNWYwZDQxNWVhMGQyNmUwIiwiaXNzIjoidXJuOmFwcDo3ZTBkMTg4OTgyMjY0MzczYTVmMGQ0MTVlYTBkMjZlMCIsIm9iaiI6W1t7ImhlaWdodCI6Ijw9MTM2NiIsInBhdGgiOiJcL2ZcL2NmMTk5Yjk1LTFjNjctNDZjZi04Y2Y2LTE0MmQ0ZTYwYTUxNlwvZDlwbzd4YS0yNDQ4M2U3OS1hZDdkLTQ5ZDUtOGFhNS04OWJkNjZkY2U2NWYuanBnIiwid2lkdGgiOiI8PTEwMjQifV1dLCJhdWQiOlsidXJuOnNlcnZpY2U6aW1hZ2Uub3BlcmF0aW9ucyJdfQ.rswwe3Ho8D21KShPd9RbqBidzIOEG8GM-2ICrUG0gNA
[2021-12-24 11:15:16,535] {logging_mixin.py:104} INFO - [INFO] fetching: https://static0.therichestimages.com/wordpress/wp-content/uploads/2017/12/Sad-Pikachu.jpg
[2021-12-24 11:15:20,236] {logging_mixin.py:104} INFO - [INFO] fetching: https://screenvisionmedia.com/wp-content/uploads/2019/04/pokemon-detective-pikachu.jpg
[2021-12-24 11:15:23,328] {logging_mixin.py:104} INFO - [INFO] making request for group 100-150 of 1000...
[2021-12-24 11:15:24,775] {logging_mixin.py:104} INFO - [INFO] saving images for group 100-150 of 1000...
[2021-12-24 11:15:24,788] {logging_mixin.py:104} INFO - [INFO] fetching: https://www.pokemoncenter.com/products/images/P5248/703-04216/P5248_703-04216_01.jpg
[2021-12-24 11:15:27,039] {logging_mixin.py:104} INFO - [INFO] fetching: https://www.pokemoncenter.com/products/images/P4537/701-03482/P4537_701-03482_01.jpg
[2021-12-24 11:15:29,135] {logging_mixin.py:104} INFO - [INFO] fetching: https://www.gamepur.com/files/images/tldr/2017/07/How-To-Catch-Ashs-Hat-Pikachu-Feature.jpg
[2021-12-24 11:15:33,822] {logging_mixin.py:104} INFO - [INFO] fetching: https://images-na.ssl-images-amazon.com/images/S/pv-target-images/bd74da11e49df49ea5699af29c56ab5a338dbc28ac69494513e8d66a8db49a26._RI_V_TTW_.jpg
[2021-12-24 11:15:35,616] {logging_mixin.py:104} INFO - [INFO] fetching: http://img.game.co.uk/ml2/7/3/7/9/737965_gen_a.png
[2021-12-24 11:15:37,561] {logging_mixin.py:104} INFO - [INFO] fetching: https://artfiles.alphacoders.com/136/thumb-1920-136998.png
[2021-12-24 11:15:42,733] {logging_mixin.py:104} INFO - [INFO] fetching: https://media.pocketmonsters.net/imageboard/31/14561285400034.jpg
[2021-12-24 11:15:44,790] {logging_mixin.py:104} INFO - [INFO] fetching: https://media.nichegamer.com/wp-content/uploads/2018/01/12144503/detective-pikachu-01-12-18-2-1200x1330.jpg
[2021-12-24 11:15:45,340] {logging_mixin.py:104} INFO - [INFO-DEL] deleting: /opt/airflow/dags/images/pikachu_107.jpeg
[2021-12-24 11:15:45,346] {logging_mixin.py:104} INFO - [INFO] fetching: https://s2.megabrandsmedia.com/products/megabloks-50434ac1376b0135b061beb317f36f5b-1493649325-fjn61-19745.jpg
[2021-12-24 11:15:46,246] {logging_mixin.py:104} INFO - [INFO] fetching: https://static1.srcdn.com/wordpress/wp-content/uploads/2019/05/Pokemon-Detective-Pikachu-Sequel.jpg
[2021-12-24 11:15:48,185] {logging_mixin.py:104} INFO - [INFO] fetching: https://media.comicbook.com/2020/10/world-cup-pikachu-1239669.jpeg?auto=webp&width=1024&height=512&crop=1024:512,smart
[2021-12-24 11:15:49,362] {logging_mixin.py:104} INFO - [INFO] fetching: https://cdn.vox-cdn.com/thumbor/N9obix4r0Vs2VdKEOSZSbtqqgxA=/0x0:2040x1360/1400x933/filters:focal(842x749:1168x1075):no_upscale()/cdn.vox-cdn.com/uploads/chorus_image/image/63725024/jbareham_190421_0886_pikachu_0001.0.jpg
[2021-12-24 11:15:51,334] {logging_mixin.py:104} INFO - [INFO] fetching: https://wallpapercave.com/wp/wp5526652.jpg
[2021-12-24 11:15:55,710] {logging_mixin.py:104} INFO - [INFO] fetching: https://assets1.ignimgs.com/2016/10/28/503eaea31a316jpeg-f9b106.jpg?width=1280
[2021-12-24 11:15:56,161] {logging_mixin.py:104} INFO - [INFO] fetching: https://static1.gamerantimages.com/wordpress/wp-content/uploads/2020/08/pikachu-viral-song.jpg
[2021-12-24 11:15:58,333] {logging_mixin.py:104} INFO - [INFO] fetching: https://vamers.com/wp-content/uploads/2019/05/Vamers-Entertainment-Watch-Detective-Pikachu-online-for-free-Main-Banner.jpg
[2021-12-24 11:16:00,432] {logging_mixin.py:104} INFO - [INFO] fetching: https://data.whicdn.com/images/68563219/original.png
[2021-12-24 11:16:03,530] {logging_mixin.py:104} INFO - [INFO] fetching: https://static1.thegamerimages.com/wordpress/wp-content/uploads/2020/03/Pokemon-Lets-Go-Eevee-and-Pikachu-Dressed-With-Nice-Bows.jpg
[2021-12-24 11:16:06,729] {logging_mixin.py:104} INFO - [INFO] fetching: https://i.imgur.com/dbW4Cu4.png
[2021-12-24 11:16:11,947] {logging_mixin.py:104} INFO - [INFO] fetching: https://media.comicbook.com/2020/01/unnamed-1--1204000.jpeg?auto=webp&width=683&height=1024&crop=683:1024,smart
[2021-12-24 11:16:13,244] {logging_mixin.py:104} INFO - [INFO] fetching: https://image.winudf.com/v2/image/Y29tLmFuZHJvbW8uZGV2NjYwNjE0LmFwcDc3MTM1NF9zY3JlZW5fMV8xNTIyMTQzNDk2XzAxMw/screen-1.jpg?fakeurl=1&type=.jpg
[2021-12-24 11:16:17,342] {logging_mixin.py:104} INFO - [INFO] fetching: https://img2.cgtrader.com/items/2663418/5d0149e95e/pikachu-3d-model-obj-stl-blend-dae.jpg
[2021-12-24 11:16:18,655] {logging_mixin.py:104} INFO - [INFO] fetching: https://static2.thegamerimages.com/wordpress/wp-content/uploads/2020/03/pikachu-libre.jpg
[2021-12-24 11:16:20,762] {logging_mixin.py:104} INFO - [INFO] fetching: https://img2.cgtrader.com/items/2397682/ff1d56ce8d/pikachu-pokemon-3d-model-stl.jpg
[2021-12-24 11:16:22,070] {logging_mixin.py:104} INFO - [INFO] fetching: http://media.pocketmonsters.net/imageboard/31/15228538780096.jpg
[2021-12-24 11:16:24,817] {logging_mixin.py:104} INFO - [INFO] fetching: https://i.ytimg.com/vi/uUI47XWxRM4/maxresdefault.jpg
[2021-12-24 11:16:25,892] {logging_mixin.py:104} INFO - [INFO] fetching: https://images.nintendolife.com/news/2018/05/we_nearly_had_a_terrifying_second_pikachu_evolution_with_horns_and_fangs/1280x720.jpg
[2021-12-24 11:16:26,563] {logging_mixin.py:104} INFO - [INFO] fetching: https://nintendoeverything.com/wp-content/uploads/sites/1/nggallery/detective-pikachu-art/detective-pikachu-17.jpg
[2021-12-24 11:16:29,246] {logging_mixin.py:104} INFO - [INFO] fetching: https://img2.cgtrader.com/items/1936395/2792841c74/pikachu-3d-model-stl.jpg
[2021-12-24 11:16:30,087] {logging_mixin.py:104} INFO - [INFO] fetching: https://www.pokemoncenter.com/products/images/P7133/108309/P7133_108309_01.jpg
[2021-12-24 11:16:31,749] {logging_mixin.py:104} INFO - [INFO] fetching: http://www.100hdwallpapers.com/wallpapers/5120x2880/pokemon_detective_pikachu_5k-other.jpg
[2021-12-24 11:16:45,417] {logging_mixin.py:104} INFO - [INFO] fetching: https://s2.megabrandsmedia.com/2018/07/18/16/40/33/r/1000x750/B4BGYOKfXw1531946433.jpeg
[2021-12-24 11:16:46,381] {logging_mixin.py:104} INFO - [INFO] fetching: https://i2.wp.com/sotaku.com/wp-content/uploads/2018/05/Pika.jpg?fit=2503%2C1306&ssl=1
[2021-12-24 11:16:50,279] {logging_mixin.py:104} INFO - [INFO] fetching: https://static1.cbrimages.com/wordpress/wp-content/uploads/2020/03/Ryan-Reynolds-In-Detective-Pikachu.jpg
[2021-12-24 11:16:51,522] {logging_mixin.py:104} INFO - [INFO] fetching: https://imgix.bustle.com/rehost/2016/9/14/3bddb9fb-8417-42bd-ad68-483047679620.png?w=1200&h=630&q=70&fit=crop&crop=faces&fm=jpg
[2021-12-24 11:16:52,470] {logging_mixin.py:104} INFO - [INFO] fetching: https://i.ytimg.com/vi/QB_E-kEwP_I/maxresdefault.jpg
[2021-12-24 11:16:54,232] {logging_mixin.py:104} INFO - [INFO] fetching: https://i.ytimg.com/vi/0z51tiRkqN8/maxresdefault.jpg
[2021-12-24 11:16:55,688] {logging_mixin.py:104} INFO - [INFO] fetching: http://i.ytimg.com/vi/SHzl08jICtE/maxresdefault.jpg
[2021-12-24 11:16:56,417] {logging_mixin.py:104} INFO - [INFO] fetching: https://shop.geeksleeksheek.com/ekmps/shops/ivegotmojo/images/pokemon-pikachu-geek-glasses-face-art-wall-art-print-poster-pick-a-size-kids-children-bedroom-geekery-[2]-1708-p.jpg
[2021-12-24 11:16:58,193] {logging_mixin.py:104} INFO - [INFO] fetching: https://heavy.com/wp-content/uploads/2017/08/screen-shot-2017-08-09-at-9-59-40-am-e1502287216960.png
[2021-12-24 11:16:59,963] {logging_mixin.py:104} INFO - [INFO] fetching: https://66.media.tumblr.com/026ee90c3c5df12738a8ca455440a23a/tumblr_pgvn6zsS4j1vurq5b_640.jpg
[2021-12-24 11:17:00,794] {logging_mixin.py:104} INFO - [INFO] fetching: https://static0.therichestimages.com/wordpress/wp-content/uploads/2017/12/Sad-Pikachu.jpg
[2021-12-24 11:17:01,967] {logging_mixin.py:104} INFO - [INFO] fetching: https://s.hdnux.com/photos/77/33/67/16629184/2313/920x920.jpg
[2021-12-24 11:17:03,397] {logging_mixin.py:104} INFO - [INFO] fetching: https://static0.thegamerimages.com/wordpress/wp-content/uploads/2020/10/0-Pikachu-Comics.jpg
[2021-12-24 11:17:05,187] {logging_mixin.py:104} INFO - [INFO] fetching: https://picon.ngfiles.com/701000/flash_701437_largest_crop.png?f1601049528
[2021-12-24 11:17:14,760] {logging_mixin.py:104} INFO - [INFO] fetching: https://1.bp.blogspot.com/-w4nzY4co0ZM/TifSkIheO8I/AAAAAAAAAJg/gkhTNP32ZQM/s1600/cute_pikachu_picture.jpg
[2021-12-24 11:17:17,219] {logging_mixin.py:104} INFO - [INFO] fetching: https://images-wixmp-ed30a86b8c4ca887773594c2.wixmp.com/f/057668ed-86ca-4d5b-876f-3d9f815e8657/ddaifyq-5b1029b8-db47-47f3-ac4c-94580c350219.png/v1/fill/w_1192,h_670,q_70,strp/_sfm____pikachu_ph_d__by_scouteevee_ddaifyq-pre.jpg?token=eyJ0eXAiOiJKV1QiLCJhbGciOiJIUzI1NiJ9.eyJzdWIiOiJ1cm46YXBwOjdlMGQxODg5ODIyNjQzNzNhNWYwZDQxNWVhMGQyNmUwIiwiaXNzIjoidXJuOmFwcDo3ZTBkMTg4OTgyMjY0MzczYTVmMGQ0MTVlYTBkMjZlMCIsIm9iaiI6W1t7ImhlaWdodCI6Ijw9NzIwIiwicGF0aCI6IlwvZlwvMDU3NjY4ZWQtODZjYS00ZDViLTg3NmYtM2Q5ZjgxNWU4NjU3XC9kZGFpZnlxLTViMTAyOWI4LWRiNDctNDdmMy1hYzRjLTk0NTgwYzM1MDIxOS5wbmciLCJ3aWR0aCI6Ijw9MTI4MCJ9XV0sImF1ZCI6WyJ1cm46c2VydmljZTppbWFnZS5vcGVyYXRpb25zIl19.hjG9sW-ZqgJaj5SLzlr22irs9SC2GcVY_I4Wr60i_bo
[2021-12-24 11:17:18,157] {logging_mixin.py:104} INFO - [INFO] fetching: https://webstockreview.net/images/pikachu-clipart-word-13.png
[2021-12-24 11:17:20,952] {logging_mixin.py:104} INFO - [INFO] fetching: https://i.kinja-img.com/gawker-media/image/upload/s--zxpIWDK6--/c_fill,fl_progressive,g_center,h_900,q_80,w_1600/r3lapixycmqowiraveb1.jpg
[2021-12-24 11:17:39,214] {logging_mixin.py:104} INFO - [INFO-DEL] deleting: /opt/airflow/dags/images/pikachu_148.jpeg
[2021-12-24 11:17:39,242] {logging_mixin.py:104} INFO - [INFO] fetching: https://pngimg.com/uploads/pokemon/pokemon_PNG103.png
[2021-12-24 11:17:41,948] {logging_mixin.py:104} INFO - [INFO] making request for group 150-200 of 1000...
[2021-12-24 11:17:43,865] {logging_mixin.py:104} INFO - [INFO] saving images for group 150-200 of 1000...
[2021-12-24 11:17:43,878] {logging_mixin.py:104} INFO - [INFO] fetching: https://wallpapersmug.com/download/1024x768/7811b7/movie-2019-pokemon-detective-pikachu-pokemon.jpg
[2021-12-24 11:17:44,751] {logging_mixin.py:104} INFO - [INFO-DEL] deleting: /opt/airflow/dags/images/pikachu_150.jpeg
[2021-12-24 11:17:44,766] {logging_mixin.py:104} INFO - [INFO] fetching: https://cdn.hmv.com/r/w-1280/hmv/files/e2/e2093eb5-72bf-41e0-aecb-693e78bc2f6b.jpg
[2021-12-24 11:17:46,603] {logging_mixin.py:104} INFO - [INFO] fetching: https://geeksociety.com.au/wp-content/uploads/2019/05/Untitled-design-6.png
[2021-12-24 11:17:49,560] {logging_mixin.py:104} INFO - [INFO] fetching: https://d1lss44hh2trtw.cloudfront.net/assets/article/2019/04/22/pikahug_feature.png
[2021-12-24 11:17:52,209] {logging_mixin.py:104} INFO - [INFO] fetching: https://buzz.tt/media/posters/2405/backdrops_4_1500.jpg
[2021-12-24 11:18:07,300] {logging_mixin.py:104} INFO - [INFO] fetching: https://i2.wp.com/sotaku.com/wp-content/uploads/2018/05/Pika.jpg?fit=2503%2C1306&ssl=1
[2021-12-24 11:18:20,796] {logging_mixin.py:104} INFO - [INFO] fetching: https://assets.vg247.com/current/2016/01/detective_pikachu.jpg
[2021-12-24 11:18:21,489] {logging_mixin.py:104} INFO - [INFO] fetching: https://images.wallpapersden.com/image/download/detective-pikachu_64578_3840x2160.jpg
[2021-12-24 11:18:29,951] {logging_mixin.py:104} INFO - [INFO] fetching: https://assets.3dtotal.com/1.pcpkfh.expanded.9ix.jpg
[2021-12-24 11:18:30,602] {logging_mixin.py:104} INFO - [INFO] fetching: http://img.game.co.uk/ml2/3/9/3/3/393303_gen_a.png
[2021-12-24 11:18:31,325] {logging_mixin.py:104} INFO - [INFO] fetching: https://s.hdnux.com/photos/77/33/67/16629184/2313/920x920.jpg
[2021-12-24 11:18:31,759] {logging_mixin.py:104} INFO - [INFO] fetching: https://static0.thegamerimages.com/wordpress/wp-content/uploads/2020/03/Sonic-Beats-Detective-Pikachu.jpg
[2021-12-24 11:18:33,663] {logging_mixin.py:104} INFO - [INFO] fetching: https://www.pokemoncenter.com/products/images/P4315/701-03544/P4315_701-03544_01.jpg
[2021-12-24 11:18:36,356] {logging_mixin.py:104} INFO - [INFO] fetching: https://www.pokemoncenter.com/products/images/P6480/701-06560/P6480_701-06560_01.jpg
[2021-12-24 11:18:38,350] {logging_mixin.py:104} INFO - [INFO] fetching: https://static1.srcdn.com/wordpress/wp-content/uploads/2019/05/Detective-PIkachu-Pokemon-Franchise-Future-Red-SR.jpg
[2021-12-24 11:18:40,587] {logging_mixin.py:104} INFO - [INFO] fetching: https://s2.megabrandsmedia.com/products/megabloks-90799c5dc02b90723e2f30c4f368b491-1493649325-fjn61-19746.jpg
[2021-12-24 11:18:42,536] {logging_mixin.py:104} INFO - [INFO] fetching: https://static0.thegamerimages.com/wordpress/wp-content/uploads/2019/07/Detective-Pikachu.jpg
[2021-12-24 11:18:44,374] {logging_mixin.py:104} INFO - [INFO] fetching: https://scale.coolshop-cdn.com/product-media.coolshop-cdn.com/234K5Z/023172b404f648afad160d1bbb97f05a.jpg/f/pokemon-pikachu-xl-lamp-mdieotbbn11356.jpg?borderless=1&width=1920
[2021-12-24 11:18:45,880] {logging_mixin.py:104} INFO - [INFO] fetching: http://pinataboy.com/wp-content/uploads/2017/05/0E7CABEB-1F30-4E6C-B586-2CEBDA4C5AD8.jpg
[2021-12-24 11:18:46,474] {logging_mixin.py:104} INFO - [INFO-DEL] deleting: /opt/airflow/dags/images/pikachu_168.jpeg
[2021-12-24 11:18:46,476] {logging_mixin.py:104} INFO - [INFO] fetching: https://yt3.ggpht.com/a/AGF-l79uh-5iB6JkspJEjauYlzWl9Dg2IdMX9Esi=s900-c-k-c0xffffffff-no-rj-mo
[2021-12-24 11:18:48,123] {logging_mixin.py:104} INFO - [INFO] fetching: https://nintendosoup.com/wp-content/uploads/2020/02/Ash-Pikachu-1.jpg
[2021-12-24 11:18:50,993] {logging_mixin.py:104} INFO - [INFO] fetching: https://i0.wp.com/artofvfx.com/wp-content/uploads/2019/02/Pokemon_DetectivePikachu_BigSpot.jpg?ssl=1
[2021-12-24 11:18:52,841] {logging_mixin.py:104} INFO - [INFO] fetching: https://i2.wp.com/teknofun-entertainment.com/medias/uploads/2017/12/PK-Pikachu-811356-L-F.jpg?fit=771%2C1030&ssl=1
[2021-12-24 11:18:53,729] {logging_mixin.py:104} INFO - [INFO] fetching: https://s1.megabrandsmedia.com/2018/12/10/10/45/37/1EIyBbNqxf1544456737.jpeg
[2021-12-24 11:18:54,985] {logging_mixin.py:104} INFO - [INFO] fetching: https://yourdailylama.com/wp-content/uploads/2018/11/detective-pikachu-1.jpg.optimal.jpg
[2021-12-24 11:18:56,196] {logging_mixin.py:104} INFO - [INFO] fetching: https://images-wixmp-ed30a86b8c4ca887773594c2.wixmp.com/f/02721cb8-957d-4bae-b950-11016461189b/dd8j91h-05d30285-6094-4632-8dd9-c7f19975f2ee.jpg/v1/fill/w_800,h_1003,q_75,strp/pikachu___detective_pikachu_by_blondynkitezgraja_dd8j91h-fullview.jpg?token=eyJ0eXAiOiJKV1QiLCJhbGciOiJIUzI1NiJ9.eyJzdWIiOiJ1cm46YXBwOjdlMGQxODg5ODIyNjQzNzNhNWYwZDQxNWVhMGQyNmUwIiwiaXNzIjoidXJuOmFwcDo3ZTBkMTg4OTgyMjY0MzczYTVmMGQ0MTVlYTBkMjZlMCIsIm9iaiI6W1t7ImhlaWdodCI6Ijw9MTAwMyIsInBhdGgiOiJcL2ZcLzAyNzIxY2I4LTk1N2QtNGJhZS1iOTUwLTExMDE2NDYxMTg5YlwvZGQ4ajkxaC0wNWQzMDI4NS02MDk0LTQ2MzItOGRkOS1jN2YxOTk3NWYyZWUuanBnIiwid2lkdGgiOiI8PTgwMCJ9XV0sImF1ZCI6WyJ1cm46c2VydmljZTppbWFnZS5vcGVyYXRpb25zIl19.rPhYGqAWrpszhFqTme80uyVW2ky9b4EPrr272e-el40
[2021-12-24 11:18:57,631] {logging_mixin.py:104} INFO - [INFO] fetching: https://omegalock.co.uk/6878-thickbox_default/cine-home-pokemon-detective-pikachu.jpg
[2021-12-24 11:19:00,951] {logging_mixin.py:104} INFO - [INFO] fetching: https://static1.thegamerimages.com/wordpress/wp-content/uploads/2019/05/Detective-Pikachu-via-Game-Informer.jpg
[2021-12-24 11:19:03,407] {logging_mixin.py:104} INFO - [INFO] fetching: https://static1.srcdn.com/wordpress/wp-content/uploads/2019/05/Pikachu-and-Psyduck-in-Detective-Pikachu-Social-Media-Image.jpg
[2021-12-24 11:19:05,240] {logging_mixin.py:104} INFO - [INFO] fetching: https://daily.pokecommunity.com/wp-content/uploads/2017/08/shiny_pikachu_GO.jpg
[2021-12-24 11:19:07,613] {logging_mixin.py:104} INFO - [INFO] fetching: http://jigsawpuzzles.online/king-include/uploads/pokemon-pikachu-game-map-board-territory-mania-3710643392.jpg
[2021-12-24 11:19:08,701] {logging_mixin.py:104} INFO - [INFO-DEL] deleting: /opt/airflow/dags/images/pikachu_180.jpeg
[2021-12-24 11:19:08,783] {logging_mixin.py:104} INFO - [INFO] fetching: https://static0.thegamerimages.com/wordpress/wp-content/uploads/2020/10/Pikachu-Cap-Pokemon-Sword-Shield-Cover.jpg
[2021-12-24 11:19:15,819] {logging_mixin.py:104} INFO - [INFO] fetching: https://s2.megabrandsmedia.com/products/megabloks-f18fa5f1b75d6db07f1aca4d2dbb69c2-1508167148-fnl92-21907.jpg
[2021-12-24 11:19:18,445] {logging_mixin.py:104} INFO - [INFO] fetching: https://otakukart.com/wp-content/uploads/2020/06/Shiny-Pikachu-1024x576.jpg
[2021-12-24 11:19:21,477] {logging_mixin.py:104} INFO - [INFO] fetching: https://cdn.myminifactory.com/assets/object-assets/5d8aa4738e22e/images/720X720-pikachu-2.jpg
[2021-12-24 11:19:23,306] {logging_mixin.py:104} INFO - [INFO] fetching: https://static1.thegamerimages.com/wordpress/wp-content/uploads/2017/08/pikachu-beat-up.jpg
[2021-12-24 11:19:26,621] {logging_mixin.py:104} INFO - [INFO] fetching: https://static1.thegamerimages.com/wordpress/wp-content/uploads/2019/11/Pokemon-Cramorant-eating-Pikachu.jpg
[2021-12-24 11:19:28,797] {logging_mixin.py:104} INFO - [INFO] fetching: http://images2.fanpop.com/images/photos/6300000/pikachu-wallpaper-raichu-6313524-1280-1024.jpg
[2021-12-24 11:19:33,079] {logging_mixin.py:104} INFO - [INFO] fetching: https://i.ytimg.com/vi/x_3uRlViv5w/maxresdefault.jpg
[2021-12-24 11:19:34,952] {logging_mixin.py:104} INFO - [INFO] fetching: https://static0.thegamerimages.com/wordpress/wp-content/uploads/2020/11/Pokemon-Pikachu-Attacks-Trio.jpg
[2021-12-24 11:19:38,619] {logging_mixin.py:104} INFO - [INFO] fetching: https://i1.wp.com/www.pokemongroup.com/wp-content/uploads/2017/08/Shiny-Pichu-Pikachu-Raichu.jpg
[2021-12-24 11:19:40,625] {logging_mixin.py:104} INFO - [INFO] fetching: https://external-preview.redd.it/BzrkFNZBvqovaRR-Kplr4lVm3QCNQ13RZDf35R_bTws.jpg?auto=webp&s=b79c39364d2875b27c2b1f14deb1e9ce57f63756
[2021-12-24 11:19:42,434] {connectionpool.py:752} WARNING - Retrying (Retry(total=3, connect=None, read=None, redirect=None, status=None)) after connection broken by 'ProtocolError('Connection aborted.', RemoteDisconnected('Remote end closed connection without response',))': /sourcedata/pikachu_191.jpeg
[2021-12-24 11:19:45,529] {local_task_job.py:77} ERROR - Received SIGTERM. Terminating subprocesses
[2021-12-24 11:19:45,860] {connectionpool.py:752} WARNING - Retrying (Retry(total=2, connect=None, read=None, redirect=None, status=None)) after connection broken by 'NewConnectionError('<urllib3.connection.HTTPConnection object at 0x7fc4c5588470>: Failed to establish a new connection: [Errno 111] Connection refused',)': /sourcedata/pikachu_191.jpeg
[2021-12-24 11:19:46,577] {process_utils.py:100} INFO - Sending Signals.SIGTERM to GPID 43
[2021-12-24 11:19:46,648] {taskinstance.py:1239} ERROR - Received SIGTERM. Terminating subprocesses.
[2021-12-24 11:19:46,712] {logging_mixin.py:104} INFO - [ERROR]:  Task received SIGTERM signal
[2021-12-24 11:19:46,753] {logging_mixin.py:104} INFO - [INFO] fetching: https://images-wixmp-ed30a86b8c4ca887773594c2.wixmp.com/f/0b4751be-6914-4525-96b4-da5671aa3b6f/d2gomzp-b52e9e8e-2cd4-4e96-840d-d7fbdf4d8a13.jpg/v1/fill/w_1027,h_778,q_70,strp/pikachu_face_wallpaper_by_waddledoo_d2gomzp-pre.jpg?token=eyJ0eXAiOiJKV1QiLCJhbGciOiJIUzI1NiJ9.eyJzdWIiOiJ1cm46YXBwOjdlMGQxODg5ODIyNjQzNzNhNWYwZDQxNWVhMGQyNmUwIiwiaXNzIjoidXJuOmFwcDo3ZTBkMTg4OTgyMjY0MzczYTVmMGQ0MTVlYTBkMjZlMCIsIm9iaiI6W1t7ImhlaWdodCI6Ijw9MTIxMyIsInBhdGgiOiJcL2ZcLzBiNDc1MWJlLTY5MTQtNDUyNS05NmI0LWRhNTY3MWFhM2I2ZlwvZDJnb216cC1iNTJlOWU4ZS0yY2Q0LTRlOTYtODQwZC1kN2ZiZGY0ZDhhMTMuanBnIiwid2lkdGgiOiI8PTE2MDAifV1dLCJhdWQiOlsidXJuOnNlcnZpY2U6aW1hZ2Uub3BlcmF0aW9ucyJdfQ.-qM83WTc4Y6UAjYrdvXmHdYGRyIdnaFKqMwsZ5fyvBc
[2021-12-24 11:19:51,358] {connectionpool.py:752} WARNING - Retrying (Retry(total=4, connect=None, read=None, redirect=None, status=None)) after connection broken by 'NewConnectionError('<urllib3.connection.HTTPConnection object at 0x7fc4c5588f60>: Failed to establish a new connection: [Errno 111] Connection refused',)': /sourcedata/pikachu_192.jpeg
[2021-12-24 11:19:54,058] {connectionpool.py:752} WARNING - Retrying (Retry(total=3, connect=None, read=None, redirect=None, status=None)) after connection broken by 'NewConnectionError('<urllib3.connection.HTTPConnection object at 0x7fc4c556c748>: Failed to establish a new connection: [Errno 111] Connection refused',)': /sourcedata/pikachu_192.jpeg
[2021-12-24 11:19:55,254] {local_task_job.py:77} ERROR - Received SIGTERM. Terminating subprocesses
