[2021-12-24 10:45:09,073] {scheduler_job.py:182} INFO - Started process (PID=23) to work on /opt/airflow/dags/dagRun.py
[2021-12-24 10:45:09,076] {scheduler_job.py:629} INFO - Processing file /opt/airflow/dags/dagRun.py for tasks to queue
[2021-12-24 10:45:09,079] {logging_mixin.py:104} INFO - [2021-12-24 10:45:09,079] {dagbag.py:448} INFO - Filling up the DagBag from /opt/airflow/dags/dagRun.py
[2021-12-24 10:45:22,302] {scheduler_job.py:639} INFO - DAG(s) dict_keys(['analyze_json_data']) retrieved from /opt/airflow/dags/dagRun.py
[2021-12-24 10:45:22,381] {logging_mixin.py:104} INFO - [2021-12-24 10:45:22,381] {dag.py:1818} INFO - Sync 1 DAGs
[2021-12-24 10:45:22,438] {logging_mixin.py:104} INFO - [2021-12-24 10:45:22,438] {dag.py:2273} INFO - Setting next_dagrun for analyze_json_data to 2021-12-23 00:00:00+00:00
[2021-12-24 10:45:22,473] {scheduler_job.py:190} INFO - Processing /opt/airflow/dags/dagRun.py took 13.414 seconds
[2021-12-24 10:45:53,010] {scheduler_job.py:182} INFO - Started process (PID=28) to work on /opt/airflow/dags/dagRun.py
[2021-12-24 10:45:53,020] {scheduler_job.py:629} INFO - Processing file /opt/airflow/dags/dagRun.py for tasks to queue
[2021-12-24 10:45:53,031] {logging_mixin.py:104} INFO - [2021-12-24 10:45:53,031] {dagbag.py:448} INFO - Filling up the DagBag from /opt/airflow/dags/dagRun.py
[2021-12-24 10:45:55,186] {scheduler_job.py:639} INFO - DAG(s) dict_keys(['analyze_json_data']) retrieved from /opt/airflow/dags/dagRun.py
[2021-12-24 10:45:55,350] {logging_mixin.py:104} INFO - [2021-12-24 10:45:55,350] {dag.py:1818} INFO - Sync 1 DAGs
[2021-12-24 10:45:55,520] {logging_mixin.py:104} INFO - [2021-12-24 10:45:55,520] {dag.py:2273} INFO - Setting next_dagrun for analyze_json_data to 2021-12-23 00:00:00+00:00
[2021-12-24 10:45:55,604] {scheduler_job.py:190} INFO - Processing /opt/airflow/dags/dagRun.py took 2.629 seconds
[2021-12-24 10:46:26,371] {scheduler_job.py:182} INFO - Started process (PID=32) to work on /opt/airflow/dags/dagRun.py
[2021-12-24 10:46:26,384] {scheduler_job.py:629} INFO - Processing file /opt/airflow/dags/dagRun.py for tasks to queue
[2021-12-24 10:46:26,388] {logging_mixin.py:104} INFO - [2021-12-24 10:46:26,388] {dagbag.py:448} INFO - Filling up the DagBag from /opt/airflow/dags/dagRun.py
[2021-12-24 10:46:28,911] {scheduler_job.py:639} INFO - DAG(s) dict_keys(['analyze_json_data']) retrieved from /opt/airflow/dags/dagRun.py
[2021-12-24 10:46:29,040] {logging_mixin.py:104} INFO - [2021-12-24 10:46:29,040] {dag.py:1818} INFO - Sync 1 DAGs
[2021-12-24 10:46:29,129] {logging_mixin.py:104} INFO - [2021-12-24 10:46:29,129] {dag.py:2273} INFO - Setting next_dagrun for analyze_json_data to 2021-12-23 00:00:00+00:00
[2021-12-24 10:46:29,172] {scheduler_job.py:190} INFO - Processing /opt/airflow/dags/dagRun.py took 2.823 seconds
[2021-12-24 10:46:59,242] {scheduler_job.py:182} INFO - Started process (PID=37) to work on /opt/airflow/dags/dagRun.py
[2021-12-24 10:46:59,244] {scheduler_job.py:629} INFO - Processing file /opt/airflow/dags/dagRun.py for tasks to queue
[2021-12-24 10:46:59,246] {logging_mixin.py:104} INFO - [2021-12-24 10:46:59,246] {dagbag.py:448} INFO - Filling up the DagBag from /opt/airflow/dags/dagRun.py
[2021-12-24 10:46:59,844] {scheduler_job.py:639} INFO - DAG(s) dict_keys(['analyze_json_data']) retrieved from /opt/airflow/dags/dagRun.py
[2021-12-24 10:46:59,869] {logging_mixin.py:104} INFO - [2021-12-24 10:46:59,869] {dag.py:1818} INFO - Sync 1 DAGs
[2021-12-24 10:46:59,900] {logging_mixin.py:104} INFO - [2021-12-24 10:46:59,900] {dag.py:2273} INFO - Setting next_dagrun for analyze_json_data to 2021-12-23 00:00:00+00:00
[2021-12-24 10:46:59,915] {scheduler_job.py:190} INFO - Processing /opt/airflow/dags/dagRun.py took 0.678 seconds
[2021-12-24 10:47:30,549] {scheduler_job.py:182} INFO - Started process (PID=42) to work on /opt/airflow/dags/dagRun.py
[2021-12-24 10:47:30,551] {scheduler_job.py:629} INFO - Processing file /opt/airflow/dags/dagRun.py for tasks to queue
[2021-12-24 10:47:30,553] {logging_mixin.py:104} INFO - [2021-12-24 10:47:30,553] {dagbag.py:448} INFO - Filling up the DagBag from /opt/airflow/dags/dagRun.py
[2021-12-24 10:47:31,717] {scheduler_job.py:639} INFO - DAG(s) dict_keys(['analyze_json_data']) retrieved from /opt/airflow/dags/dagRun.py
[2021-12-24 10:47:31,750] {logging_mixin.py:104} INFO - [2021-12-24 10:47:31,750] {dag.py:1818} INFO - Sync 1 DAGs
[2021-12-24 10:47:31,785] {logging_mixin.py:104} INFO - [2021-12-24 10:47:31,785] {dag.py:2273} INFO - Setting next_dagrun for analyze_json_data to 2021-12-23 00:00:00+00:00
[2021-12-24 10:47:31,802] {scheduler_job.py:190} INFO - Processing /opt/airflow/dags/dagRun.py took 1.263 seconds
[2021-12-24 10:48:02,367] {scheduler_job.py:182} INFO - Started process (PID=46) to work on /opt/airflow/dags/dagRun.py
[2021-12-24 10:48:02,369] {scheduler_job.py:629} INFO - Processing file /opt/airflow/dags/dagRun.py for tasks to queue
[2021-12-24 10:48:02,371] {logging_mixin.py:104} INFO - [2021-12-24 10:48:02,371] {dagbag.py:448} INFO - Filling up the DagBag from /opt/airflow/dags/dagRun.py
[2021-12-24 10:48:04,010] {scheduler_job.py:639} INFO - DAG(s) dict_keys(['analyze_json_data']) retrieved from /opt/airflow/dags/dagRun.py
[2021-12-24 10:48:04,073] {logging_mixin.py:104} INFO - [2021-12-24 10:48:04,072] {dag.py:1818} INFO - Sync 1 DAGs
[2021-12-24 10:48:04,165] {logging_mixin.py:104} INFO - [2021-12-24 10:48:04,165] {dag.py:2273} INFO - Setting next_dagrun for analyze_json_data to 2021-12-23 00:00:00+00:00
[2021-12-24 10:48:04,193] {scheduler_job.py:190} INFO - Processing /opt/airflow/dags/dagRun.py took 1.830 seconds
[2021-12-24 10:48:34,408] {scheduler_job.py:182} INFO - Started process (PID=52) to work on /opt/airflow/dags/dagRun.py
[2021-12-24 10:48:34,410] {scheduler_job.py:629} INFO - Processing file /opt/airflow/dags/dagRun.py for tasks to queue
[2021-12-24 10:48:34,412] {logging_mixin.py:104} INFO - [2021-12-24 10:48:34,411] {dagbag.py:448} INFO - Filling up the DagBag from /opt/airflow/dags/dagRun.py
[2021-12-24 10:48:35,300] {scheduler_job.py:639} INFO - DAG(s) dict_keys(['analyze_json_data']) retrieved from /opt/airflow/dags/dagRun.py
[2021-12-24 10:48:35,379] {logging_mixin.py:104} INFO - [2021-12-24 10:48:35,379] {dag.py:1818} INFO - Sync 1 DAGs
[2021-12-24 10:48:35,445] {logging_mixin.py:104} INFO - [2021-12-24 10:48:35,445] {dag.py:2273} INFO - Setting next_dagrun for analyze_json_data to 2021-12-23 00:00:00+00:00
[2021-12-24 10:48:35,469] {scheduler_job.py:190} INFO - Processing /opt/airflow/dags/dagRun.py took 1.065 seconds
[2021-12-24 10:49:05,717] {scheduler_job.py:182} INFO - Started process (PID=56) to work on /opt/airflow/dags/dagRun.py
[2021-12-24 10:49:05,719] {scheduler_job.py:629} INFO - Processing file /opt/airflow/dags/dagRun.py for tasks to queue
[2021-12-24 10:49:05,721] {logging_mixin.py:104} INFO - [2021-12-24 10:49:05,720] {dagbag.py:448} INFO - Filling up the DagBag from /opt/airflow/dags/dagRun.py
[2021-12-24 10:49:07,356] {scheduler_job.py:639} INFO - DAG(s) dict_keys(['analyze_json_data']) retrieved from /opt/airflow/dags/dagRun.py
[2021-12-24 10:49:07,462] {logging_mixin.py:104} INFO - [2021-12-24 10:49:07,460] {dag.py:1818} INFO - Sync 1 DAGs
[2021-12-24 10:49:07,546] {logging_mixin.py:104} INFO - [2021-12-24 10:49:07,546] {dag.py:2273} INFO - Setting next_dagrun for analyze_json_data to 2021-12-23 00:00:00+00:00
[2021-12-24 10:49:07,568] {scheduler_job.py:190} INFO - Processing /opt/airflow/dags/dagRun.py took 1.855 seconds
[2021-12-24 10:49:40,547] {scheduler_job.py:182} INFO - Started process (PID=61) to work on /opt/airflow/dags/dagRun.py
[2021-12-24 10:49:40,549] {scheduler_job.py:629} INFO - Processing file /opt/airflow/dags/dagRun.py for tasks to queue
[2021-12-24 10:49:40,551] {logging_mixin.py:104} INFO - [2021-12-24 10:49:40,551] {dagbag.py:448} INFO - Filling up the DagBag from /opt/airflow/dags/dagRun.py
[2021-12-24 10:49:42,345] {scheduler_job.py:639} INFO - DAG(s) dict_keys(['analyze_json_data']) retrieved from /opt/airflow/dags/dagRun.py
[2021-12-24 10:49:42,433] {logging_mixin.py:104} INFO - [2021-12-24 10:49:42,433] {dag.py:1818} INFO - Sync 1 DAGs
[2021-12-24 10:49:42,554] {logging_mixin.py:104} INFO - [2021-12-24 10:49:42,554] {dag.py:2273} INFO - Setting next_dagrun for analyze_json_data to 2021-12-23 00:00:00+00:00
[2021-12-24 10:49:42,589] {scheduler_job.py:190} INFO - Processing /opt/airflow/dags/dagRun.py took 2.051 seconds
[2021-12-24 10:50:12,906] {scheduler_job.py:182} INFO - Started process (PID=66) to work on /opt/airflow/dags/dagRun.py
[2021-12-24 10:50:12,910] {scheduler_job.py:629} INFO - Processing file /opt/airflow/dags/dagRun.py for tasks to queue
[2021-12-24 10:50:12,911] {logging_mixin.py:104} INFO - [2021-12-24 10:50:12,911] {dagbag.py:448} INFO - Filling up the DagBag from /opt/airflow/dags/dagRun.py
[2021-12-24 10:50:13,957] {scheduler_job.py:639} INFO - DAG(s) dict_keys(['analyze_json_data']) retrieved from /opt/airflow/dags/dagRun.py
[2021-12-24 10:50:13,987] {logging_mixin.py:104} INFO - [2021-12-24 10:50:13,986] {dag.py:1818} INFO - Sync 1 DAGs
[2021-12-24 10:50:14,026] {logging_mixin.py:104} INFO - [2021-12-24 10:50:14,026] {dag.py:2273} INFO - Setting next_dagrun for analyze_json_data to 2021-12-23 00:00:00+00:00
[2021-12-24 10:50:14,042] {scheduler_job.py:190} INFO - Processing /opt/airflow/dags/dagRun.py took 1.154 seconds
[2021-12-24 10:50:44,105] {scheduler_job.py:182} INFO - Started process (PID=70) to work on /opt/airflow/dags/dagRun.py
[2021-12-24 10:50:44,107] {scheduler_job.py:629} INFO - Processing file /opt/airflow/dags/dagRun.py for tasks to queue
[2021-12-24 10:50:44,109] {logging_mixin.py:104} INFO - [2021-12-24 10:50:44,109] {dagbag.py:448} INFO - Filling up the DagBag from /opt/airflow/dags/dagRun.py
[2021-12-24 10:50:45,132] {scheduler_job.py:639} INFO - DAG(s) dict_keys(['analyze_json_data']) retrieved from /opt/airflow/dags/dagRun.py
[2021-12-24 10:50:45,165] {logging_mixin.py:104} INFO - [2021-12-24 10:50:45,165] {dag.py:1818} INFO - Sync 1 DAGs
[2021-12-24 10:50:45,207] {logging_mixin.py:104} INFO - [2021-12-24 10:50:45,207] {dag.py:2273} INFO - Setting next_dagrun for analyze_json_data to 2021-12-23 00:00:00+00:00
[2021-12-24 10:50:45,433] {scheduler_job.py:190} INFO - Processing /opt/airflow/dags/dagRun.py took 1.335 seconds
[2021-12-24 10:51:15,965] {scheduler_job.py:182} INFO - Started process (PID=75) to work on /opt/airflow/dags/dagRun.py
[2021-12-24 10:51:15,967] {scheduler_job.py:629} INFO - Processing file /opt/airflow/dags/dagRun.py for tasks to queue
[2021-12-24 10:51:15,969] {logging_mixin.py:104} INFO - [2021-12-24 10:51:15,968] {dagbag.py:448} INFO - Filling up the DagBag from /opt/airflow/dags/dagRun.py
[2021-12-24 10:51:17,300] {scheduler_job.py:639} INFO - DAG(s) dict_keys(['analyze_json_data']) retrieved from /opt/airflow/dags/dagRun.py
[2021-12-24 10:51:17,333] {logging_mixin.py:104} INFO - [2021-12-24 10:51:17,333] {dag.py:1818} INFO - Sync 1 DAGs
[2021-12-24 10:51:17,369] {logging_mixin.py:104} INFO - [2021-12-24 10:51:17,369] {dag.py:2273} INFO - Setting next_dagrun for analyze_json_data to 2021-12-23 00:00:00+00:00
[2021-12-24 10:51:17,384] {scheduler_job.py:190} INFO - Processing /opt/airflow/dags/dagRun.py took 1.425 seconds
[2021-12-24 10:51:47,975] {scheduler_job.py:182} INFO - Started process (PID=80) to work on /opt/airflow/dags/dagRun.py
[2021-12-24 10:51:47,977] {scheduler_job.py:629} INFO - Processing file /opt/airflow/dags/dagRun.py for tasks to queue
[2021-12-24 10:51:47,978] {logging_mixin.py:104} INFO - [2021-12-24 10:51:47,978] {dagbag.py:448} INFO - Filling up the DagBag from /opt/airflow/dags/dagRun.py
[2021-12-24 10:51:48,801] {scheduler_job.py:639} INFO - DAG(s) dict_keys(['analyze_json_data']) retrieved from /opt/airflow/dags/dagRun.py
[2021-12-24 10:51:48,832] {logging_mixin.py:104} INFO - [2021-12-24 10:51:48,832] {dag.py:1818} INFO - Sync 1 DAGs
[2021-12-24 10:51:48,864] {logging_mixin.py:104} INFO - [2021-12-24 10:51:48,864] {dag.py:2273} INFO - Setting next_dagrun for analyze_json_data to 2021-12-23 00:00:00+00:00
[2021-12-24 10:51:48,879] {scheduler_job.py:190} INFO - Processing /opt/airflow/dags/dagRun.py took 0.908 seconds
[2021-12-24 10:52:19,449] {scheduler_job.py:182} INFO - Started process (PID=85) to work on /opt/airflow/dags/dagRun.py
[2021-12-24 10:52:19,452] {scheduler_job.py:629} INFO - Processing file /opt/airflow/dags/dagRun.py for tasks to queue
[2021-12-24 10:52:19,453] {logging_mixin.py:104} INFO - [2021-12-24 10:52:19,453] {dagbag.py:448} INFO - Filling up the DagBag from /opt/airflow/dags/dagRun.py
[2021-12-24 10:52:20,337] {scheduler_job.py:639} INFO - DAG(s) dict_keys(['analyze_json_data']) retrieved from /opt/airflow/dags/dagRun.py
[2021-12-24 10:52:20,371] {logging_mixin.py:104} INFO - [2021-12-24 10:52:20,371] {dag.py:1818} INFO - Sync 1 DAGs
[2021-12-24 10:52:20,416] {logging_mixin.py:104} INFO - [2021-12-24 10:52:20,416] {dag.py:2273} INFO - Setting next_dagrun for analyze_json_data to 2021-12-23 00:00:00+00:00
[2021-12-24 10:52:20,432] {scheduler_job.py:190} INFO - Processing /opt/airflow/dags/dagRun.py took 0.989 seconds
[2021-12-24 10:52:50,864] {scheduler_job.py:182} INFO - Started process (PID=91) to work on /opt/airflow/dags/dagRun.py
[2021-12-24 10:52:50,867] {scheduler_job.py:629} INFO - Processing file /opt/airflow/dags/dagRun.py for tasks to queue
[2021-12-24 10:52:50,877] {logging_mixin.py:104} INFO - [2021-12-24 10:52:50,877] {dagbag.py:448} INFO - Filling up the DagBag from /opt/airflow/dags/dagRun.py
[2021-12-24 10:52:52,891] {scheduler_job.py:639} INFO - DAG(s) dict_keys(['analyze_json_data']) retrieved from /opt/airflow/dags/dagRun.py
[2021-12-24 10:52:52,957] {logging_mixin.py:104} INFO - [2021-12-24 10:52:52,956] {dag.py:1818} INFO - Sync 1 DAGs
[2021-12-24 10:52:53,022] {logging_mixin.py:104} INFO - [2021-12-24 10:52:53,022] {dag.py:2273} INFO - Setting next_dagrun for analyze_json_data to 2021-12-23 00:00:00+00:00
[2021-12-24 10:52:53,044] {scheduler_job.py:190} INFO - Processing /opt/airflow/dags/dagRun.py took 2.198 seconds
[2021-12-24 10:53:23,273] {scheduler_job.py:182} INFO - Started process (PID=96) to work on /opt/airflow/dags/dagRun.py
[2021-12-24 10:53:23,275] {scheduler_job.py:629} INFO - Processing file /opt/airflow/dags/dagRun.py for tasks to queue
[2021-12-24 10:53:23,277] {logging_mixin.py:104} INFO - [2021-12-24 10:53:23,276] {dagbag.py:448} INFO - Filling up the DagBag from /opt/airflow/dags/dagRun.py
[2021-12-24 10:53:24,289] {scheduler_job.py:639} INFO - DAG(s) dict_keys(['analyze_json_data']) retrieved from /opt/airflow/dags/dagRun.py
[2021-12-24 10:53:24,360] {logging_mixin.py:104} INFO - [2021-12-24 10:53:24,359] {dag.py:1818} INFO - Sync 1 DAGs
[2021-12-24 10:53:24,443] {logging_mixin.py:104} INFO - [2021-12-24 10:53:24,443] {dag.py:2273} INFO - Setting next_dagrun for analyze_json_data to 2021-12-23 00:00:00+00:00
[2021-12-24 10:53:24,458] {scheduler_job.py:190} INFO - Processing /opt/airflow/dags/dagRun.py took 1.192 seconds
[2021-12-24 10:53:58,237] {scheduler_job.py:182} INFO - Started process (PID=101) to work on /opt/airflow/dags/dagRun.py
[2021-12-24 10:53:58,243] {scheduler_job.py:629} INFO - Processing file /opt/airflow/dags/dagRun.py for tasks to queue
[2021-12-24 10:53:58,245] {logging_mixin.py:104} INFO - [2021-12-24 10:53:58,245] {dagbag.py:448} INFO - Filling up the DagBag from /opt/airflow/dags/dagRun.py
[2021-12-24 10:53:59,617] {scheduler_job.py:639} INFO - DAG(s) dict_keys(['analyze_json_data']) retrieved from /opt/airflow/dags/dagRun.py
[2021-12-24 10:53:59,661] {logging_mixin.py:104} INFO - [2021-12-24 10:53:59,661] {dag.py:1818} INFO - Sync 1 DAGs
[2021-12-24 10:53:59,706] {logging_mixin.py:104} INFO - [2021-12-24 10:53:59,706] {dag.py:2273} INFO - Setting next_dagrun for analyze_json_data to 2021-12-23 00:00:00+00:00
[2021-12-24 10:53:59,727] {scheduler_job.py:190} INFO - Processing /opt/airflow/dags/dagRun.py took 1.544 seconds
[2021-12-24 10:54:30,148] {scheduler_job.py:182} INFO - Started process (PID=106) to work on /opt/airflow/dags/dagRun.py
[2021-12-24 10:54:30,151] {scheduler_job.py:629} INFO - Processing file /opt/airflow/dags/dagRun.py for tasks to queue
[2021-12-24 10:54:30,152] {logging_mixin.py:104} INFO - [2021-12-24 10:54:30,152] {dagbag.py:448} INFO - Filling up the DagBag from /opt/airflow/dags/dagRun.py
[2021-12-24 10:54:30,979] {scheduler_job.py:639} INFO - DAG(s) dict_keys(['analyze_json_data']) retrieved from /opt/airflow/dags/dagRun.py
[2021-12-24 10:54:31,006] {logging_mixin.py:104} INFO - [2021-12-24 10:54:31,006] {dag.py:1818} INFO - Sync 1 DAGs
[2021-12-24 10:54:31,049] {logging_mixin.py:104} INFO - [2021-12-24 10:54:31,049] {dag.py:2273} INFO - Setting next_dagrun for analyze_json_data to 2021-12-23 00:00:00+00:00
[2021-12-24 10:54:31,065] {scheduler_job.py:190} INFO - Processing /opt/airflow/dags/dagRun.py took 0.923 seconds
[2021-12-24 10:55:01,280] {scheduler_job.py:182} INFO - Started process (PID=110) to work on /opt/airflow/dags/dagRun.py
[2021-12-24 10:55:01,282] {scheduler_job.py:629} INFO - Processing file /opt/airflow/dags/dagRun.py for tasks to queue
[2021-12-24 10:55:01,284] {logging_mixin.py:104} INFO - [2021-12-24 10:55:01,283] {dagbag.py:448} INFO - Filling up the DagBag from /opt/airflow/dags/dagRun.py
[2021-12-24 10:55:02,644] {scheduler_job.py:639} INFO - DAG(s) dict_keys(['analyze_json_data']) retrieved from /opt/airflow/dags/dagRun.py
[2021-12-24 10:55:02,686] {logging_mixin.py:104} INFO - [2021-12-24 10:55:02,686] {dag.py:1818} INFO - Sync 1 DAGs
[2021-12-24 10:55:02,729] {logging_mixin.py:104} INFO - [2021-12-24 10:55:02,729] {dag.py:2273} INFO - Setting next_dagrun for analyze_json_data to 2021-12-23 00:00:00+00:00
[2021-12-24 10:55:02,746] {scheduler_job.py:190} INFO - Processing /opt/airflow/dags/dagRun.py took 1.471 seconds
[2021-12-24 10:55:33,392] {scheduler_job.py:182} INFO - Started process (PID=116) to work on /opt/airflow/dags/dagRun.py
[2021-12-24 10:55:33,394] {scheduler_job.py:629} INFO - Processing file /opt/airflow/dags/dagRun.py for tasks to queue
[2021-12-24 10:55:33,396] {logging_mixin.py:104} INFO - [2021-12-24 10:55:33,395] {dagbag.py:448} INFO - Filling up the DagBag from /opt/airflow/dags/dagRun.py
[2021-12-24 10:55:34,450] {scheduler_job.py:639} INFO - DAG(s) dict_keys(['analyze_json_data']) retrieved from /opt/airflow/dags/dagRun.py
[2021-12-24 10:55:34,482] {logging_mixin.py:104} INFO - [2021-12-24 10:55:34,482] {dag.py:1818} INFO - Sync 1 DAGs
[2021-12-24 10:55:34,537] {logging_mixin.py:104} INFO - [2021-12-24 10:55:34,537] {dag.py:2273} INFO - Setting next_dagrun for analyze_json_data to 2021-12-23 00:00:00+00:00
[2021-12-24 10:55:34,557] {scheduler_job.py:190} INFO - Processing /opt/airflow/dags/dagRun.py took 1.170 seconds
[2021-12-24 10:56:04,653] {scheduler_job.py:182} INFO - Started process (PID=121) to work on /opt/airflow/dags/dagRun.py
[2021-12-24 10:56:04,656] {scheduler_job.py:629} INFO - Processing file /opt/airflow/dags/dagRun.py for tasks to queue
[2021-12-24 10:56:04,658] {logging_mixin.py:104} INFO - [2021-12-24 10:56:04,657] {dagbag.py:448} INFO - Filling up the DagBag from /opt/airflow/dags/dagRun.py
[2021-12-24 10:56:05,522] {scheduler_job.py:639} INFO - DAG(s) dict_keys(['analyze_json_data']) retrieved from /opt/airflow/dags/dagRun.py
[2021-12-24 10:56:05,552] {logging_mixin.py:104} INFO - [2021-12-24 10:56:05,552] {dag.py:1818} INFO - Sync 1 DAGs
[2021-12-24 10:56:05,594] {logging_mixin.py:104} INFO - [2021-12-24 10:56:05,593] {dag.py:2273} INFO - Setting next_dagrun for analyze_json_data to 2021-12-23 00:00:00+00:00
[2021-12-24 10:56:05,612] {scheduler_job.py:190} INFO - Processing /opt/airflow/dags/dagRun.py took 0.977 seconds
[2021-12-24 10:56:35,863] {scheduler_job.py:182} INFO - Started process (PID=126) to work on /opt/airflow/dags/dagRun.py
[2021-12-24 10:56:35,865] {scheduler_job.py:629} INFO - Processing file /opt/airflow/dags/dagRun.py for tasks to queue
[2021-12-24 10:56:35,867] {logging_mixin.py:104} INFO - [2021-12-24 10:56:35,867] {dagbag.py:448} INFO - Filling up the DagBag from /opt/airflow/dags/dagRun.py
[2021-12-24 10:56:36,668] {scheduler_job.py:639} INFO - DAG(s) dict_keys(['analyze_json_data']) retrieved from /opt/airflow/dags/dagRun.py
[2021-12-24 10:56:36,735] {logging_mixin.py:104} INFO - [2021-12-24 10:56:36,734] {dag.py:1818} INFO - Sync 1 DAGs
[2021-12-24 10:56:36,823] {logging_mixin.py:104} INFO - [2021-12-24 10:56:36,823] {dag.py:2273} INFO - Setting next_dagrun for analyze_json_data to 2021-12-23 00:00:00+00:00
[2021-12-24 10:56:36,844] {scheduler_job.py:190} INFO - Processing /opt/airflow/dags/dagRun.py took 0.988 seconds
[2021-12-24 10:57:07,009] {scheduler_job.py:182} INFO - Started process (PID=131) to work on /opt/airflow/dags/dagRun.py
[2021-12-24 10:57:07,012] {scheduler_job.py:629} INFO - Processing file /opt/airflow/dags/dagRun.py for tasks to queue
[2021-12-24 10:57:07,014] {logging_mixin.py:104} INFO - [2021-12-24 10:57:07,014] {dagbag.py:448} INFO - Filling up the DagBag from /opt/airflow/dags/dagRun.py
[2021-12-24 10:57:08,034] {scheduler_job.py:639} INFO - DAG(s) dict_keys(['analyze_json_data']) retrieved from /opt/airflow/dags/dagRun.py
[2021-12-24 10:57:08,064] {logging_mixin.py:104} INFO - [2021-12-24 10:57:08,064] {dag.py:1818} INFO - Sync 1 DAGs
[2021-12-24 10:57:08,103] {logging_mixin.py:104} INFO - [2021-12-24 10:57:08,103] {dag.py:2273} INFO - Setting next_dagrun for analyze_json_data to 2021-12-23 00:00:00+00:00
[2021-12-24 10:57:08,119] {scheduler_job.py:190} INFO - Processing /opt/airflow/dags/dagRun.py took 1.122 seconds
[2021-12-24 10:57:38,384] {scheduler_job.py:182} INFO - Started process (PID=136) to work on /opt/airflow/dags/dagRun.py
[2021-12-24 10:57:38,396] {scheduler_job.py:629} INFO - Processing file /opt/airflow/dags/dagRun.py for tasks to queue
[2021-12-24 10:57:38,398] {logging_mixin.py:104} INFO - [2021-12-24 10:57:38,398] {dagbag.py:448} INFO - Filling up the DagBag from /opt/airflow/dags/dagRun.py
[2021-12-24 10:57:39,253] {scheduler_job.py:639} INFO - DAG(s) dict_keys(['analyze_json_data']) retrieved from /opt/airflow/dags/dagRun.py
[2021-12-24 10:57:39,284] {logging_mixin.py:104} INFO - [2021-12-24 10:57:39,284] {dag.py:1818} INFO - Sync 1 DAGs
[2021-12-24 10:57:39,323] {logging_mixin.py:104} INFO - [2021-12-24 10:57:39,323] {dag.py:2273} INFO - Setting next_dagrun for analyze_json_data to 2021-12-23 00:00:00+00:00
[2021-12-24 10:57:39,338] {scheduler_job.py:190} INFO - Processing /opt/airflow/dags/dagRun.py took 0.964 seconds
[2021-12-24 10:58:10,179] {scheduler_job.py:182} INFO - Started process (PID=141) to work on /opt/airflow/dags/dagRun.py
[2021-12-24 10:58:10,181] {scheduler_job.py:629} INFO - Processing file /opt/airflow/dags/dagRun.py for tasks to queue
[2021-12-24 10:58:10,183] {logging_mixin.py:104} INFO - [2021-12-24 10:58:10,182] {dagbag.py:448} INFO - Filling up the DagBag from /opt/airflow/dags/dagRun.py
[2021-12-24 10:58:11,226] {scheduler_job.py:639} INFO - DAG(s) dict_keys(['analyze_json_data']) retrieved from /opt/airflow/dags/dagRun.py
[2021-12-24 10:58:11,312] {logging_mixin.py:104} INFO - [2021-12-24 10:58:11,311] {dag.py:1818} INFO - Sync 1 DAGs
[2021-12-24 10:58:11,413] {logging_mixin.py:104} INFO - [2021-12-24 10:58:11,413] {dag.py:2273} INFO - Setting next_dagrun for analyze_json_data to 2021-12-23 00:00:00+00:00
[2021-12-24 10:58:11,436] {scheduler_job.py:190} INFO - Processing /opt/airflow/dags/dagRun.py took 1.265 seconds
[2021-12-24 10:58:41,834] {scheduler_job.py:182} INFO - Started process (PID=146) to work on /opt/airflow/dags/dagRun.py
[2021-12-24 10:58:41,837] {scheduler_job.py:629} INFO - Processing file /opt/airflow/dags/dagRun.py for tasks to queue
[2021-12-24 10:58:41,840] {logging_mixin.py:104} INFO - [2021-12-24 10:58:41,839] {dagbag.py:448} INFO - Filling up the DagBag from /opt/airflow/dags/dagRun.py
[2021-12-24 10:58:43,788] {scheduler_job.py:639} INFO - DAG(s) dict_keys(['analyze_json_data']) retrieved from /opt/airflow/dags/dagRun.py
[2021-12-24 10:58:43,820] {logging_mixin.py:104} INFO - [2021-12-24 10:58:43,820] {dag.py:1818} INFO - Sync 1 DAGs
[2021-12-24 10:58:43,864] {logging_mixin.py:104} INFO - [2021-12-24 10:58:43,864] {dag.py:2273} INFO - Setting next_dagrun for analyze_json_data to 2021-12-23 00:00:00+00:00
[2021-12-24 10:58:43,879] {scheduler_job.py:190} INFO - Processing /opt/airflow/dags/dagRun.py took 2.053 seconds
[2021-12-24 10:59:15,412] {scheduler_job.py:182} INFO - Started process (PID=151) to work on /opt/airflow/dags/dagRun.py
[2021-12-24 10:59:15,415] {scheduler_job.py:629} INFO - Processing file /opt/airflow/dags/dagRun.py for tasks to queue
[2021-12-24 10:59:15,416] {logging_mixin.py:104} INFO - [2021-12-24 10:59:15,416] {dagbag.py:448} INFO - Filling up the DagBag from /opt/airflow/dags/dagRun.py
[2021-12-24 10:59:16,366] {scheduler_job.py:639} INFO - DAG(s) dict_keys(['analyze_json_data']) retrieved from /opt/airflow/dags/dagRun.py
[2021-12-24 10:59:16,403] {logging_mixin.py:104} INFO - [2021-12-24 10:59:16,402] {dag.py:1818} INFO - Sync 1 DAGs
[2021-12-24 10:59:16,436] {logging_mixin.py:104} INFO - [2021-12-24 10:59:16,436] {dag.py:2273} INFO - Setting next_dagrun for analyze_json_data to 2021-12-23 00:00:00+00:00
[2021-12-24 10:59:16,450] {scheduler_job.py:190} INFO - Processing /opt/airflow/dags/dagRun.py took 1.045 seconds
[2021-12-24 10:59:46,585] {scheduler_job.py:182} INFO - Started process (PID=155) to work on /opt/airflow/dags/dagRun.py
[2021-12-24 10:59:46,588] {scheduler_job.py:629} INFO - Processing file /opt/airflow/dags/dagRun.py for tasks to queue
[2021-12-24 10:59:46,589] {logging_mixin.py:104} INFO - [2021-12-24 10:59:46,589] {dagbag.py:448} INFO - Filling up the DagBag from /opt/airflow/dags/dagRun.py
[2021-12-24 10:59:47,958] {scheduler_job.py:639} INFO - DAG(s) dict_keys(['analyze_json_data']) retrieved from /opt/airflow/dags/dagRun.py
[2021-12-24 10:59:48,013] {logging_mixin.py:104} INFO - [2021-12-24 10:59:48,013] {dag.py:1818} INFO - Sync 1 DAGs
[2021-12-24 10:59:48,104] {logging_mixin.py:104} INFO - [2021-12-24 10:59:48,104] {dag.py:2273} INFO - Setting next_dagrun for analyze_json_data to 2021-12-23 00:00:00+00:00
[2021-12-24 10:59:48,126] {scheduler_job.py:190} INFO - Processing /opt/airflow/dags/dagRun.py took 1.547 seconds
[2021-12-24 11:00:18,483] {scheduler_job.py:182} INFO - Started process (PID=160) to work on /opt/airflow/dags/dagRun.py
[2021-12-24 11:00:18,486] {scheduler_job.py:629} INFO - Processing file /opt/airflow/dags/dagRun.py for tasks to queue
[2021-12-24 11:00:18,488] {logging_mixin.py:104} INFO - [2021-12-24 11:00:18,488] {dagbag.py:448} INFO - Filling up the DagBag from /opt/airflow/dags/dagRun.py
[2021-12-24 11:00:19,092] {scheduler_job.py:639} INFO - DAG(s) dict_keys(['analyze_json_data']) retrieved from /opt/airflow/dags/dagRun.py
[2021-12-24 11:00:19,123] {logging_mixin.py:104} INFO - [2021-12-24 11:00:19,123] {dag.py:1818} INFO - Sync 1 DAGs
[2021-12-24 11:00:19,166] {logging_mixin.py:104} INFO - [2021-12-24 11:00:19,165] {dag.py:2273} INFO - Setting next_dagrun for analyze_json_data to 2021-12-23 00:00:00+00:00
[2021-12-24 11:00:19,181] {scheduler_job.py:190} INFO - Processing /opt/airflow/dags/dagRun.py took 0.703 seconds
[2021-12-24 11:00:49,593] {scheduler_job.py:182} INFO - Started process (PID=165) to work on /opt/airflow/dags/dagRun.py
[2021-12-24 11:00:49,595] {scheduler_job.py:629} INFO - Processing file /opt/airflow/dags/dagRun.py for tasks to queue
[2021-12-24 11:00:49,597] {logging_mixin.py:104} INFO - [2021-12-24 11:00:49,597] {dagbag.py:448} INFO - Filling up the DagBag from /opt/airflow/dags/dagRun.py
[2021-12-24 11:00:50,989] {scheduler_job.py:639} INFO - DAG(s) dict_keys(['analyze_json_data']) retrieved from /opt/airflow/dags/dagRun.py
[2021-12-24 11:00:51,071] {logging_mixin.py:104} INFO - [2021-12-24 11:00:51,071] {dag.py:1818} INFO - Sync 1 DAGs
[2021-12-24 11:00:51,185] {logging_mixin.py:104} INFO - [2021-12-24 11:00:51,185] {dag.py:2273} INFO - Setting next_dagrun for analyze_json_data to 2021-12-23 00:00:00+00:00
[2021-12-24 11:00:51,230] {scheduler_job.py:190} INFO - Processing /opt/airflow/dags/dagRun.py took 1.642 seconds
[2021-12-24 11:01:21,518] {scheduler_job.py:182} INFO - Started process (PID=171) to work on /opt/airflow/dags/dagRun.py
[2021-12-24 11:01:21,520] {scheduler_job.py:629} INFO - Processing file /opt/airflow/dags/dagRun.py for tasks to queue
[2021-12-24 11:01:21,522] {logging_mixin.py:104} INFO - [2021-12-24 11:01:21,522] {dagbag.py:448} INFO - Filling up the DagBag from /opt/airflow/dags/dagRun.py
[2021-12-24 11:01:23,068] {scheduler_job.py:639} INFO - DAG(s) dict_keys(['analyze_json_data']) retrieved from /opt/airflow/dags/dagRun.py
[2021-12-24 11:01:23,132] {logging_mixin.py:104} INFO - [2021-12-24 11:01:23,131] {dag.py:1818} INFO - Sync 1 DAGs
[2021-12-24 11:01:23,233] {logging_mixin.py:104} INFO - [2021-12-24 11:01:23,233] {dag.py:2273} INFO - Setting next_dagrun for analyze_json_data to 2021-12-23 00:00:00+00:00
[2021-12-24 11:01:23,286] {scheduler_job.py:190} INFO - Processing /opt/airflow/dags/dagRun.py took 1.773 seconds
[2021-12-24 11:01:53,585] {scheduler_job.py:182} INFO - Started process (PID=176) to work on /opt/airflow/dags/dagRun.py
[2021-12-24 11:01:53,587] {scheduler_job.py:629} INFO - Processing file /opt/airflow/dags/dagRun.py for tasks to queue
[2021-12-24 11:01:53,589] {logging_mixin.py:104} INFO - [2021-12-24 11:01:53,588] {dagbag.py:448} INFO - Filling up the DagBag from /opt/airflow/dags/dagRun.py
[2021-12-24 11:01:54,666] {scheduler_job.py:639} INFO - DAG(s) dict_keys(['analyze_json_data']) retrieved from /opt/airflow/dags/dagRun.py
[2021-12-24 11:01:54,716] {logging_mixin.py:104} INFO - [2021-12-24 11:01:54,716] {dag.py:1818} INFO - Sync 1 DAGs
[2021-12-24 11:01:54,839] {logging_mixin.py:104} INFO - [2021-12-24 11:01:54,839] {dag.py:2273} INFO - Setting next_dagrun for analyze_json_data to 2021-12-23 00:00:00+00:00
[2021-12-24 11:01:54,872] {scheduler_job.py:190} INFO - Processing /opt/airflow/dags/dagRun.py took 1.293 seconds
[2021-12-24 11:02:25,180] {scheduler_job.py:182} INFO - Started process (PID=181) to work on /opt/airflow/dags/dagRun.py
[2021-12-24 11:02:25,183] {scheduler_job.py:629} INFO - Processing file /opt/airflow/dags/dagRun.py for tasks to queue
[2021-12-24 11:02:25,186] {logging_mixin.py:104} INFO - [2021-12-24 11:02:25,186] {dagbag.py:448} INFO - Filling up the DagBag from /opt/airflow/dags/dagRun.py
[2021-12-24 11:02:26,378] {scheduler_job.py:639} INFO - DAG(s) dict_keys(['analyze_json_data']) retrieved from /opt/airflow/dags/dagRun.py
[2021-12-24 11:02:26,438] {logging_mixin.py:104} INFO - [2021-12-24 11:02:26,438] {dag.py:1818} INFO - Sync 1 DAGs
[2021-12-24 11:02:26,511] {logging_mixin.py:104} INFO - [2021-12-24 11:02:26,511] {dag.py:2273} INFO - Setting next_dagrun for analyze_json_data to 2021-12-23 00:00:00+00:00
[2021-12-24 11:02:26,541] {scheduler_job.py:190} INFO - Processing /opt/airflow/dags/dagRun.py took 1.375 seconds
[2021-12-24 11:03:13,200] {scheduler_job.py:182} INFO - Started process (PID=185) to work on /opt/airflow/dags/dagRun.py
[2021-12-24 11:03:13,234] {scheduler_job.py:629} INFO - Processing file /opt/airflow/dags/dagRun.py for tasks to queue
[2021-12-24 11:03:13,264] {logging_mixin.py:104} INFO - [2021-12-24 11:03:13,263] {dagbag.py:448} INFO - Filling up the DagBag from /opt/airflow/dags/dagRun.py
[2021-12-24 11:03:17,930] {scheduler_job.py:639} INFO - DAG(s) dict_keys(['analyze_json_data']) retrieved from /opt/airflow/dags/dagRun.py
[2021-12-24 11:03:18,074] {logging_mixin.py:104} INFO - [2021-12-24 11:03:18,074] {dag.py:1818} INFO - Sync 1 DAGs
[2021-12-24 11:03:18,291] {logging_mixin.py:104} INFO - [2021-12-24 11:03:18,291] {dag.py:2273} INFO - Setting next_dagrun for analyze_json_data to 2021-12-23 00:00:00+00:00
[2021-12-24 11:03:18,363] {scheduler_job.py:190} INFO - Processing /opt/airflow/dags/dagRun.py took 5.197 seconds
[2021-12-24 11:03:51,198] {scheduler_job.py:182} INFO - Started process (PID=190) to work on /opt/airflow/dags/dagRun.py
[2021-12-24 11:03:51,201] {scheduler_job.py:629} INFO - Processing file /opt/airflow/dags/dagRun.py for tasks to queue
[2021-12-24 11:03:51,203] {logging_mixin.py:104} INFO - [2021-12-24 11:03:51,203] {dagbag.py:448} INFO - Filling up the DagBag from /opt/airflow/dags/dagRun.py
[2021-12-24 11:03:52,143] {scheduler_job.py:639} INFO - DAG(s) dict_keys(['analyze_json_data']) retrieved from /opt/airflow/dags/dagRun.py
[2021-12-24 11:03:52,191] {logging_mixin.py:104} INFO - [2021-12-24 11:03:52,191] {dag.py:1818} INFO - Sync 1 DAGs
[2021-12-24 11:03:52,249] {logging_mixin.py:104} INFO - [2021-12-24 11:03:52,249] {dag.py:2273} INFO - Setting next_dagrun for analyze_json_data to 2021-12-23 00:00:00+00:00
[2021-12-24 11:03:52,272] {scheduler_job.py:190} INFO - Processing /opt/airflow/dags/dagRun.py took 1.080 seconds
[2021-12-24 11:04:23,312] {scheduler_job.py:182} INFO - Started process (PID=195) to work on /opt/airflow/dags/dagRun.py
[2021-12-24 11:04:23,318] {scheduler_job.py:629} INFO - Processing file /opt/airflow/dags/dagRun.py for tasks to queue
[2021-12-24 11:04:23,321] {logging_mixin.py:104} INFO - [2021-12-24 11:04:23,321] {dagbag.py:448} INFO - Filling up the DagBag from /opt/airflow/dags/dagRun.py
[2021-12-24 11:04:24,415] {scheduler_job.py:639} INFO - DAG(s) dict_keys(['analyze_json_data']) retrieved from /opt/airflow/dags/dagRun.py
[2021-12-24 11:04:24,465] {logging_mixin.py:104} INFO - [2021-12-24 11:04:24,464] {dag.py:1818} INFO - Sync 1 DAGs
[2021-12-24 11:04:24,528] {logging_mixin.py:104} INFO - [2021-12-24 11:04:24,527] {dag.py:2273} INFO - Setting next_dagrun for analyze_json_data to 2021-12-23 00:00:00+00:00
[2021-12-24 11:04:24,548] {scheduler_job.py:190} INFO - Processing /opt/airflow/dags/dagRun.py took 1.246 seconds
[2021-12-24 11:04:55,076] {scheduler_job.py:182} INFO - Started process (PID=199) to work on /opt/airflow/dags/dagRun.py
[2021-12-24 11:04:55,083] {scheduler_job.py:629} INFO - Processing file /opt/airflow/dags/dagRun.py for tasks to queue
[2021-12-24 11:04:55,085] {logging_mixin.py:104} INFO - [2021-12-24 11:04:55,085] {dagbag.py:448} INFO - Filling up the DagBag from /opt/airflow/dags/dagRun.py
[2021-12-24 11:04:56,905] {scheduler_job.py:639} INFO - DAG(s) dict_keys(['analyze_json_data']) retrieved from /opt/airflow/dags/dagRun.py
[2021-12-24 11:04:56,946] {logging_mixin.py:104} INFO - [2021-12-24 11:04:56,946] {dag.py:1818} INFO - Sync 1 DAGs
[2021-12-24 11:04:56,993] {logging_mixin.py:104} INFO - [2021-12-24 11:04:56,993] {dag.py:2273} INFO - Setting next_dagrun for analyze_json_data to 2021-12-23 00:00:00+00:00
[2021-12-24 11:04:57,014] {scheduler_job.py:190} INFO - Processing /opt/airflow/dags/dagRun.py took 1.950 seconds
[2021-12-24 11:05:27,960] {scheduler_job.py:182} INFO - Started process (PID=204) to work on /opt/airflow/dags/dagRun.py
[2021-12-24 11:05:27,964] {scheduler_job.py:629} INFO - Processing file /opt/airflow/dags/dagRun.py for tasks to queue
[2021-12-24 11:05:27,973] {logging_mixin.py:104} INFO - [2021-12-24 11:05:27,972] {dagbag.py:448} INFO - Filling up the DagBag from /opt/airflow/dags/dagRun.py
[2021-12-24 11:05:29,668] {scheduler_job.py:639} INFO - DAG(s) dict_keys(['analyze_json_data']) retrieved from /opt/airflow/dags/dagRun.py
[2021-12-24 11:05:29,740] {logging_mixin.py:104} INFO - [2021-12-24 11:05:29,740] {dag.py:1818} INFO - Sync 1 DAGs
[2021-12-24 11:05:29,811] {logging_mixin.py:104} INFO - [2021-12-24 11:05:29,810] {dag.py:2273} INFO - Setting next_dagrun for analyze_json_data to 2021-12-23 00:00:00+00:00
[2021-12-24 11:05:29,894] {scheduler_job.py:190} INFO - Processing /opt/airflow/dags/dagRun.py took 1.943 seconds
[2021-12-24 11:06:00,885] {scheduler_job.py:182} INFO - Started process (PID=208) to work on /opt/airflow/dags/dagRun.py
[2021-12-24 11:06:00,896] {scheduler_job.py:629} INFO - Processing file /opt/airflow/dags/dagRun.py for tasks to queue
[2021-12-24 11:06:00,911] {logging_mixin.py:104} INFO - [2021-12-24 11:06:00,911] {dagbag.py:448} INFO - Filling up the DagBag from /opt/airflow/dags/dagRun.py
[2021-12-24 11:06:05,015] {scheduler_job.py:639} INFO - DAG(s) dict_keys(['analyze_json_data']) retrieved from /opt/airflow/dags/dagRun.py
[2021-12-24 11:06:05,194] {logging_mixin.py:104} INFO - [2021-12-24 11:06:05,194] {dag.py:1818} INFO - Sync 1 DAGs
[2021-12-24 11:06:05,385] {logging_mixin.py:104} INFO - [2021-12-24 11:06:05,385] {dag.py:2273} INFO - Setting next_dagrun for analyze_json_data to 2021-12-23 00:00:00+00:00
[2021-12-24 11:06:05,467] {scheduler_job.py:190} INFO - Processing /opt/airflow/dags/dagRun.py took 4.602 seconds
[2021-12-24 11:06:35,996] {scheduler_job.py:182} INFO - Started process (PID=212) to work on /opt/airflow/dags/dagRun.py
[2021-12-24 11:06:35,999] {scheduler_job.py:629} INFO - Processing file /opt/airflow/dags/dagRun.py for tasks to queue
[2021-12-24 11:06:36,001] {logging_mixin.py:104} INFO - [2021-12-24 11:06:36,001] {dagbag.py:448} INFO - Filling up the DagBag from /opt/airflow/dags/dagRun.py
[2021-12-24 11:06:36,786] {scheduler_job.py:639} INFO - DAG(s) dict_keys(['analyze_json_data']) retrieved from /opt/airflow/dags/dagRun.py
[2021-12-24 11:06:36,828] {logging_mixin.py:104} INFO - [2021-12-24 11:06:36,828] {dag.py:1818} INFO - Sync 1 DAGs
[2021-12-24 11:06:36,879] {logging_mixin.py:104} INFO - [2021-12-24 11:06:36,878] {dag.py:2273} INFO - Setting next_dagrun for analyze_json_data to 2021-12-23 00:00:00+00:00
[2021-12-24 11:06:36,919] {scheduler_job.py:190} INFO - Processing /opt/airflow/dags/dagRun.py took 0.928 seconds
[2021-12-24 11:07:07,218] {scheduler_job.py:182} INFO - Started process (PID=215) to work on /opt/airflow/dags/dagRun.py
[2021-12-24 11:07:07,220] {scheduler_job.py:629} INFO - Processing file /opt/airflow/dags/dagRun.py for tasks to queue
[2021-12-24 11:07:07,223] {logging_mixin.py:104} INFO - [2021-12-24 11:07:07,222] {dagbag.py:448} INFO - Filling up the DagBag from /opt/airflow/dags/dagRun.py
[2021-12-24 11:07:08,211] {scheduler_job.py:639} INFO - DAG(s) dict_keys(['analyze_json_data']) retrieved from /opt/airflow/dags/dagRun.py
[2021-12-24 11:07:08,255] {logging_mixin.py:104} INFO - [2021-12-24 11:07:08,255] {dag.py:1818} INFO - Sync 1 DAGs
[2021-12-24 11:07:08,305] {logging_mixin.py:104} INFO - [2021-12-24 11:07:08,305] {dag.py:2273} INFO - Setting next_dagrun for analyze_json_data to 2021-12-23 00:00:00+00:00
[2021-12-24 11:07:08,328] {scheduler_job.py:190} INFO - Processing /opt/airflow/dags/dagRun.py took 1.116 seconds
[2021-12-24 11:07:38,646] {scheduler_job.py:182} INFO - Started process (PID=218) to work on /opt/airflow/dags/dagRun.py
[2021-12-24 11:07:38,648] {scheduler_job.py:629} INFO - Processing file /opt/airflow/dags/dagRun.py for tasks to queue
[2021-12-24 11:07:38,649] {logging_mixin.py:104} INFO - [2021-12-24 11:07:38,649] {dagbag.py:448} INFO - Filling up the DagBag from /opt/airflow/dags/dagRun.py
[2021-12-24 11:07:39,306] {scheduler_job.py:639} INFO - DAG(s) dict_keys(['analyze_json_data']) retrieved from /opt/airflow/dags/dagRun.py
[2021-12-24 11:07:39,332] {logging_mixin.py:104} INFO - [2021-12-24 11:07:39,331] {dag.py:1818} INFO - Sync 1 DAGs
[2021-12-24 11:07:39,361] {logging_mixin.py:104} INFO - [2021-12-24 11:07:39,361] {dag.py:2273} INFO - Setting next_dagrun for analyze_json_data to 2021-12-23 00:00:00+00:00
[2021-12-24 11:07:39,376] {scheduler_job.py:190} INFO - Processing /opt/airflow/dags/dagRun.py took 0.735 seconds
[2021-12-24 11:08:13,839] {scheduler_job.py:182} INFO - Started process (PID=221) to work on /opt/airflow/dags/dagRun.py
[2021-12-24 11:08:13,843] {scheduler_job.py:629} INFO - Processing file /opt/airflow/dags/dagRun.py for tasks to queue
[2021-12-24 11:08:13,846] {logging_mixin.py:104} INFO - [2021-12-24 11:08:13,845] {dagbag.py:448} INFO - Filling up the DagBag from /opt/airflow/dags/dagRun.py
[2021-12-24 11:08:14,592] {scheduler_job.py:639} INFO - DAG(s) dict_keys(['analyze_json_data']) retrieved from /opt/airflow/dags/dagRun.py
[2021-12-24 11:08:14,653] {logging_mixin.py:104} INFO - [2021-12-24 11:08:14,652] {dag.py:1818} INFO - Sync 1 DAGs
[2021-12-24 11:08:14,725] {logging_mixin.py:104} INFO - [2021-12-24 11:08:14,724] {dag.py:2273} INFO - Setting next_dagrun for analyze_json_data to 2021-12-23 00:00:00+00:00
[2021-12-24 11:08:14,750] {scheduler_job.py:190} INFO - Processing /opt/airflow/dags/dagRun.py took 0.925 seconds
[2021-12-24 11:08:51,488] {scheduler_job.py:182} INFO - Started process (PID=224) to work on /opt/airflow/dags/dagRun.py
[2021-12-24 11:08:51,492] {scheduler_job.py:629} INFO - Processing file /opt/airflow/dags/dagRun.py for tasks to queue
[2021-12-24 11:08:51,496] {logging_mixin.py:104} INFO - [2021-12-24 11:08:51,496] {dagbag.py:448} INFO - Filling up the DagBag from /opt/airflow/dags/dagRun.py
[2021-12-24 11:08:52,469] {scheduler_job.py:639} INFO - DAG(s) dict_keys(['analyze_json_data']) retrieved from /opt/airflow/dags/dagRun.py
[2021-12-24 11:08:52,543] {logging_mixin.py:104} INFO - [2021-12-24 11:08:52,542] {dag.py:1818} INFO - Sync 1 DAGs
[2021-12-24 11:08:52,657] {logging_mixin.py:104} INFO - [2021-12-24 11:08:52,657] {dag.py:2273} INFO - Setting next_dagrun for analyze_json_data to 2021-12-23 00:00:00+00:00
[2021-12-24 11:08:52,689] {scheduler_job.py:190} INFO - Processing /opt/airflow/dags/dagRun.py took 1.217 seconds
[2021-12-24 11:09:31,358] {scheduler_job.py:182} INFO - Started process (PID=227) to work on /opt/airflow/dags/dagRun.py
[2021-12-24 11:09:31,361] {scheduler_job.py:629} INFO - Processing file /opt/airflow/dags/dagRun.py for tasks to queue
[2021-12-24 11:09:31,363] {logging_mixin.py:104} INFO - [2021-12-24 11:09:31,362] {dagbag.py:448} INFO - Filling up the DagBag from /opt/airflow/dags/dagRun.py
[2021-12-24 11:09:32,661] {scheduler_job.py:639} INFO - DAG(s) dict_keys(['analyze_json_data']) retrieved from /opt/airflow/dags/dagRun.py
[2021-12-24 11:09:32,712] {logging_mixin.py:104} INFO - [2021-12-24 11:09:32,712] {dag.py:1818} INFO - Sync 1 DAGs
[2021-12-24 11:09:32,767] {logging_mixin.py:104} INFO - [2021-12-24 11:09:32,767] {dag.py:2273} INFO - Setting next_dagrun for analyze_json_data to 2021-12-23 00:00:00+00:00
[2021-12-24 11:09:32,791] {scheduler_job.py:190} INFO - Processing /opt/airflow/dags/dagRun.py took 1.441 seconds
[2021-12-24 11:10:11,051] {scheduler_job.py:182} INFO - Started process (PID=230) to work on /opt/airflow/dags/dagRun.py
[2021-12-24 11:10:11,065] {scheduler_job.py:629} INFO - Processing file /opt/airflow/dags/dagRun.py for tasks to queue
[2021-12-24 11:10:11,072] {logging_mixin.py:104} INFO - [2021-12-24 11:10:11,072] {dagbag.py:448} INFO - Filling up the DagBag from /opt/airflow/dags/dagRun.py
[2021-12-24 11:10:15,361] {scheduler_job.py:639} INFO - DAG(s) dict_keys(['analyze_json_data']) retrieved from /opt/airflow/dags/dagRun.py
[2021-12-24 11:10:15,476] {logging_mixin.py:104} INFO - [2021-12-24 11:10:15,476] {dag.py:1818} INFO - Sync 1 DAGs
[2021-12-24 11:10:15,667] {logging_mixin.py:104} INFO - [2021-12-24 11:10:15,666] {dag.py:2273} INFO - Setting next_dagrun for analyze_json_data to 2021-12-23 00:00:00+00:00
[2021-12-24 11:10:15,701] {scheduler_job.py:190} INFO - Processing /opt/airflow/dags/dagRun.py took 4.672 seconds
[2021-12-24 11:10:45,959] {scheduler_job.py:182} INFO - Started process (PID=235) to work on /opt/airflow/dags/dagRun.py
[2021-12-24 11:10:45,964] {scheduler_job.py:629} INFO - Processing file /opt/airflow/dags/dagRun.py for tasks to queue
[2021-12-24 11:10:45,969] {logging_mixin.py:104} INFO - [2021-12-24 11:10:45,968] {dagbag.py:448} INFO - Filling up the DagBag from /opt/airflow/dags/dagRun.py
[2021-12-24 11:10:49,886] {scheduler_job.py:639} INFO - DAG(s) dict_keys(['analyze_json_data']) retrieved from /opt/airflow/dags/dagRun.py
[2021-12-24 11:10:50,044] {logging_mixin.py:104} INFO - [2021-12-24 11:10:50,043] {dag.py:1818} INFO - Sync 1 DAGs
[2021-12-24 11:10:50,317] {logging_mixin.py:104} INFO - [2021-12-24 11:10:50,317] {dag.py:2273} INFO - Setting next_dagrun for analyze_json_data to 2021-12-23 00:00:00+00:00
[2021-12-24 11:10:50,474] {scheduler_job.py:190} INFO - Processing /opt/airflow/dags/dagRun.py took 4.528 seconds
[2021-12-24 11:11:21,419] {scheduler_job.py:182} INFO - Started process (PID=240) to work on /opt/airflow/dags/dagRun.py
[2021-12-24 11:11:21,554] {scheduler_job.py:629} INFO - Processing file /opt/airflow/dags/dagRun.py for tasks to queue
[2021-12-24 11:11:21,561] {logging_mixin.py:104} INFO - [2021-12-24 11:11:21,561] {dagbag.py:448} INFO - Filling up the DagBag from /opt/airflow/dags/dagRun.py
[2021-12-24 11:11:26,234] {scheduler_job.py:639} INFO - DAG(s) dict_keys(['analyze_json_data']) retrieved from /opt/airflow/dags/dagRun.py
[2021-12-24 11:11:26,298] {logging_mixin.py:104} INFO - [2021-12-24 11:11:26,298] {dag.py:1818} INFO - Sync 1 DAGs
[2021-12-24 11:11:26,371] {logging_mixin.py:104} INFO - [2021-12-24 11:11:26,371] {dag.py:2273} INFO - Setting next_dagrun for analyze_json_data to 2021-12-23 00:00:00+00:00
[2021-12-24 11:11:26,396] {scheduler_job.py:190} INFO - Processing /opt/airflow/dags/dagRun.py took 5.022 seconds
[2021-12-24 11:12:04,992] {scheduler_job.py:182} INFO - Started process (PID=243) to work on /opt/airflow/dags/dagRun.py
[2021-12-24 11:12:05,031] {scheduler_job.py:629} INFO - Processing file /opt/airflow/dags/dagRun.py for tasks to queue
[2021-12-24 11:12:05,068] {logging_mixin.py:104} INFO - [2021-12-24 11:12:05,068] {dagbag.py:448} INFO - Filling up the DagBag from /opt/airflow/dags/dagRun.py
[2021-12-24 11:12:11,473] {scheduler_job.py:639} INFO - DAG(s) dict_keys(['analyze_json_data']) retrieved from /opt/airflow/dags/dagRun.py
[2021-12-24 11:12:11,592] {logging_mixin.py:104} INFO - [2021-12-24 11:12:11,592] {dag.py:1818} INFO - Sync 1 DAGs
[2021-12-24 11:12:11,669] {logging_mixin.py:104} INFO - [2021-12-24 11:12:11,667] {dag.py:2273} INFO - Setting next_dagrun for analyze_json_data to 2021-12-23 00:00:00+00:00
[2021-12-24 11:12:11,712] {scheduler_job.py:190} INFO - Processing /opt/airflow/dags/dagRun.py took 6.798 seconds
[2021-12-24 11:12:42,724] {scheduler_job.py:182} INFO - Started process (PID=248) to work on /opt/airflow/dags/dagRun.py
[2021-12-24 11:12:42,740] {scheduler_job.py:629} INFO - Processing file /opt/airflow/dags/dagRun.py for tasks to queue
[2021-12-24 11:12:42,756] {logging_mixin.py:104} INFO - [2021-12-24 11:12:42,756] {dagbag.py:448} INFO - Filling up the DagBag from /opt/airflow/dags/dagRun.py
[2021-12-24 11:12:50,379] {scheduler_job.py:639} INFO - DAG(s) dict_keys(['analyze_json_data']) retrieved from /opt/airflow/dags/dagRun.py
[2021-12-24 11:12:50,611] {logging_mixin.py:104} INFO - [2021-12-24 11:12:50,611] {dag.py:1818} INFO - Sync 1 DAGs
[2021-12-24 11:12:50,896] {logging_mixin.py:104} INFO - [2021-12-24 11:12:50,896] {dag.py:2273} INFO - Setting next_dagrun for analyze_json_data to 2021-12-23 00:00:00+00:00
[2021-12-24 11:12:51,045] {scheduler_job.py:190} INFO - Processing /opt/airflow/dags/dagRun.py took 8.331 seconds
[2021-12-24 11:13:22,559] {scheduler_job.py:182} INFO - Started process (PID=250) to work on /opt/airflow/dags/dagRun.py
[2021-12-24 11:13:22,573] {scheduler_job.py:629} INFO - Processing file /opt/airflow/dags/dagRun.py for tasks to queue
[2021-12-24 11:13:22,601] {logging_mixin.py:104} INFO - [2021-12-24 11:13:22,601] {dagbag.py:448} INFO - Filling up the DagBag from /opt/airflow/dags/dagRun.py
[2021-12-24 11:13:32,045] {scheduler_job.py:639} INFO - DAG(s) dict_keys(['analyze_json_data']) retrieved from /opt/airflow/dags/dagRun.py
[2021-12-24 11:13:32,113] {logging_mixin.py:104} INFO - [2021-12-24 11:13:32,112] {dag.py:1818} INFO - Sync 1 DAGs
[2021-12-24 11:13:32,194] {logging_mixin.py:104} INFO - [2021-12-24 11:13:32,194] {dag.py:2273} INFO - Setting next_dagrun for analyze_json_data to 2021-12-23 00:00:00+00:00
[2021-12-24 11:13:32,222] {scheduler_job.py:190} INFO - Processing /opt/airflow/dags/dagRun.py took 9.806 seconds
[2021-12-24 11:14:02,799] {scheduler_job.py:182} INFO - Started process (PID=253) to work on /opt/airflow/dags/dagRun.py
[2021-12-24 11:14:02,804] {scheduler_job.py:629} INFO - Processing file /opt/airflow/dags/dagRun.py for tasks to queue
[2021-12-24 11:14:02,806] {logging_mixin.py:104} INFO - [2021-12-24 11:14:02,806] {dagbag.py:448} INFO - Filling up the DagBag from /opt/airflow/dags/dagRun.py
[2021-12-24 11:14:07,028] {scheduler_job.py:639} INFO - DAG(s) dict_keys(['analyze_json_data']) retrieved from /opt/airflow/dags/dagRun.py
[2021-12-24 11:14:07,159] {logging_mixin.py:104} INFO - [2021-12-24 11:14:07,158] {dag.py:1818} INFO - Sync 1 DAGs
[2021-12-24 11:14:07,303] {logging_mixin.py:104} INFO - [2021-12-24 11:14:07,303] {dag.py:2273} INFO - Setting next_dagrun for analyze_json_data to 2021-12-23 00:00:00+00:00
[2021-12-24 11:14:07,361] {scheduler_job.py:190} INFO - Processing /opt/airflow/dags/dagRun.py took 4.577 seconds
[2021-12-24 11:14:37,818] {scheduler_job.py:182} INFO - Started process (PID=258) to work on /opt/airflow/dags/dagRun.py
[2021-12-24 11:14:37,823] {scheduler_job.py:629} INFO - Processing file /opt/airflow/dags/dagRun.py for tasks to queue
[2021-12-24 11:14:37,829] {logging_mixin.py:104} INFO - [2021-12-24 11:14:37,829] {dagbag.py:448} INFO - Filling up the DagBag from /opt/airflow/dags/dagRun.py
[2021-12-24 11:14:43,957] {scheduler_job.py:639} INFO - DAG(s) dict_keys(['analyze_json_data']) retrieved from /opt/airflow/dags/dagRun.py
[2021-12-24 11:14:44,190] {logging_mixin.py:104} INFO - [2021-12-24 11:14:44,178] {dag.py:1818} INFO - Sync 1 DAGs
[2021-12-24 11:14:44,411] {logging_mixin.py:104} INFO - [2021-12-24 11:14:44,411] {dag.py:2273} INFO - Setting next_dagrun for analyze_json_data to 2021-12-23 00:00:00+00:00
[2021-12-24 11:14:44,491] {scheduler_job.py:190} INFO - Processing /opt/airflow/dags/dagRun.py took 6.704 seconds
[2021-12-24 11:15:15,614] {scheduler_job.py:182} INFO - Started process (PID=260) to work on /opt/airflow/dags/dagRun.py
[2021-12-24 11:15:15,630] {scheduler_job.py:629} INFO - Processing file /opt/airflow/dags/dagRun.py for tasks to queue
[2021-12-24 11:15:15,644] {logging_mixin.py:104} INFO - [2021-12-24 11:15:15,644] {dagbag.py:448} INFO - Filling up the DagBag from /opt/airflow/dags/dagRun.py
[2021-12-24 11:15:20,123] {scheduler_job.py:639} INFO - DAG(s) dict_keys(['analyze_json_data']) retrieved from /opt/airflow/dags/dagRun.py
[2021-12-24 11:15:20,399] {logging_mixin.py:104} INFO - [2021-12-24 11:15:20,398] {dag.py:1818} INFO - Sync 1 DAGs
[2021-12-24 11:15:20,897] {logging_mixin.py:104} INFO - [2021-12-24 11:15:20,897] {dag.py:2273} INFO - Setting next_dagrun for analyze_json_data to 2021-12-23 00:00:00+00:00
[2021-12-24 11:15:21,088] {scheduler_job.py:190} INFO - Processing /opt/airflow/dags/dagRun.py took 5.506 seconds
[2021-12-24 11:15:51,869] {scheduler_job.py:182} INFO - Started process (PID=265) to work on /opt/airflow/dags/dagRun.py
[2021-12-24 11:15:51,872] {scheduler_job.py:629} INFO - Processing file /opt/airflow/dags/dagRun.py for tasks to queue
[2021-12-24 11:15:51,874] {logging_mixin.py:104} INFO - [2021-12-24 11:15:51,874] {dagbag.py:448} INFO - Filling up the DagBag from /opt/airflow/dags/dagRun.py
[2021-12-24 11:15:54,984] {scheduler_job.py:639} INFO - DAG(s) dict_keys(['analyze_json_data']) retrieved from /opt/airflow/dags/dagRun.py
[2021-12-24 11:15:55,203] {logging_mixin.py:104} INFO - [2021-12-24 11:15:55,203] {dag.py:1818} INFO - Sync 1 DAGs
[2021-12-24 11:15:55,655] {logging_mixin.py:104} INFO - [2021-12-24 11:15:55,655] {dag.py:2273} INFO - Setting next_dagrun for analyze_json_data to 2021-12-23 00:00:00+00:00
[2021-12-24 11:15:55,740] {scheduler_job.py:190} INFO - Processing /opt/airflow/dags/dagRun.py took 3.884 seconds
[2021-12-24 11:16:26,140] {scheduler_job.py:182} INFO - Started process (PID=271) to work on /opt/airflow/dags/dagRun.py
[2021-12-24 11:16:26,153] {scheduler_job.py:629} INFO - Processing file /opt/airflow/dags/dagRun.py for tasks to queue
[2021-12-24 11:16:26,155] {logging_mixin.py:104} INFO - [2021-12-24 11:16:26,155] {dagbag.py:448} INFO - Filling up the DagBag from /opt/airflow/dags/dagRun.py
[2021-12-24 11:16:29,277] {scheduler_job.py:639} INFO - DAG(s) dict_keys(['analyze_json_data']) retrieved from /opt/airflow/dags/dagRun.py
[2021-12-24 11:16:29,451] {logging_mixin.py:104} INFO - [2021-12-24 11:16:29,443] {dag.py:1818} INFO - Sync 1 DAGs
[2021-12-24 11:16:29,677] {logging_mixin.py:104} INFO - [2021-12-24 11:16:29,676] {dag.py:2273} INFO - Setting next_dagrun for analyze_json_data to 2021-12-23 00:00:00+00:00
[2021-12-24 11:16:29,762] {scheduler_job.py:190} INFO - Processing /opt/airflow/dags/dagRun.py took 3.642 seconds
[2021-12-24 11:17:00,452] {scheduler_job.py:182} INFO - Started process (PID=273) to work on /opt/airflow/dags/dagRun.py
[2021-12-24 11:17:00,468] {scheduler_job.py:629} INFO - Processing file /opt/airflow/dags/dagRun.py for tasks to queue
[2021-12-24 11:17:00,483] {logging_mixin.py:104} INFO - [2021-12-24 11:17:00,483] {dagbag.py:448} INFO - Filling up the DagBag from /opt/airflow/dags/dagRun.py
[2021-12-24 11:17:05,065] {scheduler_job.py:639} INFO - DAG(s) dict_keys(['analyze_json_data']) retrieved from /opt/airflow/dags/dagRun.py
[2021-12-24 11:17:05,187] {logging_mixin.py:104} INFO - [2021-12-24 11:17:05,186] {dag.py:1818} INFO - Sync 1 DAGs
[2021-12-24 11:17:05,322] {logging_mixin.py:104} INFO - [2021-12-24 11:17:05,322] {dag.py:2273} INFO - Setting next_dagrun for analyze_json_data to 2021-12-23 00:00:00+00:00
[2021-12-24 11:17:05,368] {scheduler_job.py:190} INFO - Processing /opt/airflow/dags/dagRun.py took 4.945 seconds
[2021-12-24 11:17:36,343] {scheduler_job.py:182} INFO - Started process (PID=278) to work on /opt/airflow/dags/dagRun.py
[2021-12-24 11:17:36,358] {scheduler_job.py:629} INFO - Processing file /opt/airflow/dags/dagRun.py for tasks to queue
[2021-12-24 11:17:36,362] {logging_mixin.py:104} INFO - [2021-12-24 11:17:36,362] {dagbag.py:448} INFO - Filling up the DagBag from /opt/airflow/dags/dagRun.py
[2021-12-24 11:17:40,616] {scheduler_job.py:639} INFO - DAG(s) dict_keys(['analyze_json_data']) retrieved from /opt/airflow/dags/dagRun.py
[2021-12-24 11:17:40,802] {logging_mixin.py:104} INFO - [2021-12-24 11:17:40,801] {dag.py:1818} INFO - Sync 1 DAGs
[2021-12-24 11:17:40,968] {logging_mixin.py:104} INFO - [2021-12-24 11:17:40,967] {dag.py:2273} INFO - Setting next_dagrun for analyze_json_data to 2021-12-23 00:00:00+00:00
[2021-12-24 11:17:41,081] {scheduler_job.py:190} INFO - Processing /opt/airflow/dags/dagRun.py took 4.762 seconds
[2021-12-24 11:18:17,975] {scheduler_job.py:182} INFO - Started process (PID=284) to work on /opt/airflow/dags/dagRun.py
[2021-12-24 11:18:17,992] {scheduler_job.py:629} INFO - Processing file /opt/airflow/dags/dagRun.py for tasks to queue
[2021-12-24 11:18:18,021] {logging_mixin.py:104} INFO - [2021-12-24 11:18:18,021] {dagbag.py:448} INFO - Filling up the DagBag from /opt/airflow/dags/dagRun.py
[2021-12-24 11:18:22,311] {scheduler_job.py:639} INFO - DAG(s) dict_keys(['analyze_json_data']) retrieved from /opt/airflow/dags/dagRun.py
[2021-12-24 11:18:22,421] {logging_mixin.py:104} INFO - [2021-12-24 11:18:22,420] {dag.py:1818} INFO - Sync 1 DAGs
[2021-12-24 11:18:22,579] {logging_mixin.py:104} INFO - [2021-12-24 11:18:22,579] {dag.py:2273} INFO - Setting next_dagrun for analyze_json_data to 2021-12-23 00:00:00+00:00
[2021-12-24 11:18:22,719] {scheduler_job.py:190} INFO - Processing /opt/airflow/dags/dagRun.py took 4.810 seconds
[2021-12-24 11:19:14,639] {scheduler_job.py:182} INFO - Started process (PID=290) to work on /opt/airflow/dags/dagRun.py
[2021-12-24 11:19:14,662] {scheduler_job.py:629} INFO - Processing file /opt/airflow/dags/dagRun.py for tasks to queue
[2021-12-24 11:19:14,685] {logging_mixin.py:104} INFO - [2021-12-24 11:19:14,684] {dagbag.py:448} INFO - Filling up the DagBag from /opt/airflow/dags/dagRun.py
[2021-12-24 11:19:20,674] {scheduler_job.py:639} INFO - DAG(s) dict_keys(['analyze_json_data']) retrieved from /opt/airflow/dags/dagRun.py
[2021-12-24 11:19:20,822] {logging_mixin.py:104} INFO - [2021-12-24 11:19:20,822] {dag.py:1818} INFO - Sync 1 DAGs
[2021-12-24 11:19:21,071] {logging_mixin.py:104} INFO - [2021-12-24 11:19:21,070] {dag.py:2273} INFO - Setting next_dagrun for analyze_json_data to 2021-12-23 00:00:00+00:00
[2021-12-24 11:19:21,155] {scheduler_job.py:190} INFO - Processing /opt/airflow/dags/dagRun.py took 6.544 seconds
[2021-12-24 11:22:04,899] {scheduler_job.py:182} INFO - Started process (PID=25) to work on /opt/airflow/dags/dagRun.py
[2021-12-24 11:22:04,917] {scheduler_job.py:629} INFO - Processing file /opt/airflow/dags/dagRun.py for tasks to queue
[2021-12-24 11:22:04,992] {logging_mixin.py:104} INFO - [2021-12-24 11:22:04,991] {dagbag.py:448} INFO - Filling up the DagBag from /opt/airflow/dags/dagRun.py
[2021-12-24 11:22:19,106] {scheduler_job.py:639} INFO - DAG(s) dict_keys(['analyze_json_data']) retrieved from /opt/airflow/dags/dagRun.py
[2021-12-24 11:22:19,334] {logging_mixin.py:104} INFO - [2021-12-24 11:22:19,334] {dag.py:1818} INFO - Sync 1 DAGs
[2021-12-24 11:22:19,814] {logging_mixin.py:104} INFO - [2021-12-24 11:22:19,814] {dag.py:2273} INFO - Setting next_dagrun for analyze_json_data to 2021-12-23 00:00:00+00:00
[2021-12-24 11:22:20,034] {scheduler_job.py:190} INFO - Processing /opt/airflow/dags/dagRun.py took 15.310 seconds
[2021-12-24 11:22:50,731] {scheduler_job.py:182} INFO - Started process (PID=30) to work on /opt/airflow/dags/dagRun.py
[2021-12-24 11:22:50,736] {scheduler_job.py:629} INFO - Processing file /opt/airflow/dags/dagRun.py for tasks to queue
[2021-12-24 11:22:50,749] {logging_mixin.py:104} INFO - [2021-12-24 11:22:50,748] {dagbag.py:448} INFO - Filling up the DagBag from /opt/airflow/dags/dagRun.py
[2021-12-24 11:22:53,595] {scheduler_job.py:639} INFO - DAG(s) dict_keys(['analyze_json_data']) retrieved from /opt/airflow/dags/dagRun.py
[2021-12-24 11:22:53,654] {logging_mixin.py:104} INFO - [2021-12-24 11:22:53,654] {dag.py:1818} INFO - Sync 1 DAGs
[2021-12-24 11:22:53,747] {logging_mixin.py:104} INFO - [2021-12-24 11:22:53,747] {dag.py:2273} INFO - Setting next_dagrun for analyze_json_data to 2021-12-23 00:00:00+00:00
[2021-12-24 11:22:53,782] {scheduler_job.py:190} INFO - Processing /opt/airflow/dags/dagRun.py took 3.092 seconds
[2021-12-24 11:23:24,176] {scheduler_job.py:182} INFO - Started process (PID=33) to work on /opt/airflow/dags/dagRun.py
[2021-12-24 11:23:24,180] {scheduler_job.py:629} INFO - Processing file /opt/airflow/dags/dagRun.py for tasks to queue
[2021-12-24 11:23:24,196] {logging_mixin.py:104} INFO - [2021-12-24 11:23:24,195] {dagbag.py:448} INFO - Filling up the DagBag from /opt/airflow/dags/dagRun.py
[2021-12-24 11:23:29,117] {scheduler_job.py:639} INFO - DAG(s) dict_keys(['analyze_json_data']) retrieved from /opt/airflow/dags/dagRun.py
[2021-12-24 11:23:29,242] {logging_mixin.py:104} INFO - [2021-12-24 11:23:29,242] {dag.py:1818} INFO - Sync 1 DAGs
[2021-12-24 11:23:29,529] {logging_mixin.py:104} INFO - [2021-12-24 11:23:29,529] {dag.py:2273} INFO - Setting next_dagrun for analyze_json_data to 2021-12-23 00:00:00+00:00
[2021-12-24 11:23:29,889] {scheduler_job.py:190} INFO - Processing /opt/airflow/dags/dagRun.py took 5.745 seconds
[2021-12-24 11:24:00,479] {scheduler_job.py:182} INFO - Started process (PID=38) to work on /opt/airflow/dags/dagRun.py
[2021-12-24 11:24:00,566] {scheduler_job.py:629} INFO - Processing file /opt/airflow/dags/dagRun.py for tasks to queue
[2021-12-24 11:24:00,579] {logging_mixin.py:104} INFO - [2021-12-24 11:24:00,578] {dagbag.py:448} INFO - Filling up the DagBag from /opt/airflow/dags/dagRun.py
[2021-12-24 11:24:07,972] {scheduler_job.py:639} INFO - DAG(s) dict_keys(['analyze_json_data']) retrieved from /opt/airflow/dags/dagRun.py
[2021-12-24 11:24:08,115] {logging_mixin.py:104} INFO - [2021-12-24 11:24:08,115] {dag.py:1818} INFO - Sync 1 DAGs
[2021-12-24 11:24:08,357] {logging_mixin.py:104} INFO - [2021-12-24 11:24:08,357] {dag.py:2273} INFO - Setting next_dagrun for analyze_json_data to 2021-12-23 00:00:00+00:00
[2021-12-24 11:24:08,441] {scheduler_job.py:190} INFO - Processing /opt/airflow/dags/dagRun.py took 7.996 seconds
[2021-12-24 11:24:39,249] {scheduler_job.py:182} INFO - Started process (PID=43) to work on /opt/airflow/dags/dagRun.py
[2021-12-24 11:24:39,253] {scheduler_job.py:629} INFO - Processing file /opt/airflow/dags/dagRun.py for tasks to queue
[2021-12-24 11:24:39,256] {logging_mixin.py:104} INFO - [2021-12-24 11:24:39,255] {dagbag.py:448} INFO - Filling up the DagBag from /opt/airflow/dags/dagRun.py
[2021-12-24 11:24:41,153] {scheduler_job.py:639} INFO - DAG(s) dict_keys(['analyze_json_data']) retrieved from /opt/airflow/dags/dagRun.py
[2021-12-24 11:24:41,200] {logging_mixin.py:104} INFO - [2021-12-24 11:24:41,200] {dag.py:1818} INFO - Sync 1 DAGs
[2021-12-24 11:24:41,249] {logging_mixin.py:104} INFO - [2021-12-24 11:24:41,249] {dag.py:2273} INFO - Setting next_dagrun for analyze_json_data to 2021-12-23 00:00:00+00:00
[2021-12-24 11:24:41,263] {scheduler_job.py:190} INFO - Processing /opt/airflow/dags/dagRun.py took 2.023 seconds
[2021-12-24 11:25:11,594] {scheduler_job.py:182} INFO - Started process (PID=49) to work on /opt/airflow/dags/dagRun.py
[2021-12-24 11:25:11,598] {scheduler_job.py:629} INFO - Processing file /opt/airflow/dags/dagRun.py for tasks to queue
[2021-12-24 11:25:11,605] {logging_mixin.py:104} INFO - [2021-12-24 11:25:11,604] {dagbag.py:448} INFO - Filling up the DagBag from /opt/airflow/dags/dagRun.py
[2021-12-24 11:25:12,527] {scheduler_job.py:639} INFO - DAG(s) dict_keys(['analyze_json_data']) retrieved from /opt/airflow/dags/dagRun.py
[2021-12-24 11:25:12,561] {logging_mixin.py:104} INFO - [2021-12-24 11:25:12,561] {dag.py:1818} INFO - Sync 1 DAGs
[2021-12-24 11:25:12,600] {logging_mixin.py:104} INFO - [2021-12-24 11:25:12,600] {dag.py:2273} INFO - Setting next_dagrun for analyze_json_data to 2021-12-23 00:00:00+00:00
[2021-12-24 11:25:12,616] {scheduler_job.py:190} INFO - Processing /opt/airflow/dags/dagRun.py took 1.028 seconds
[2021-12-24 11:25:42,754] {scheduler_job.py:182} INFO - Started process (PID=55) to work on /opt/airflow/dags/dagRun.py
[2021-12-24 11:25:42,757] {scheduler_job.py:629} INFO - Processing file /opt/airflow/dags/dagRun.py for tasks to queue
[2021-12-24 11:25:42,759] {logging_mixin.py:104} INFO - [2021-12-24 11:25:42,758] {dagbag.py:448} INFO - Filling up the DagBag from /opt/airflow/dags/dagRun.py
[2021-12-24 11:25:43,555] {scheduler_job.py:639} INFO - DAG(s) dict_keys(['analyze_json_data']) retrieved from /opt/airflow/dags/dagRun.py
[2021-12-24 11:25:43,591] {logging_mixin.py:104} INFO - [2021-12-24 11:25:43,591] {dag.py:1818} INFO - Sync 1 DAGs
[2021-12-24 11:25:43,640] {logging_mixin.py:104} INFO - [2021-12-24 11:25:43,639] {dag.py:2273} INFO - Setting next_dagrun for analyze_json_data to 2021-12-23 00:00:00+00:00
[2021-12-24 11:25:43,659] {scheduler_job.py:190} INFO - Processing /opt/airflow/dags/dagRun.py took 0.909 seconds
[2021-12-24 11:26:13,822] {scheduler_job.py:182} INFO - Started process (PID=58) to work on /opt/airflow/dags/dagRun.py
[2021-12-24 11:26:13,824] {scheduler_job.py:629} INFO - Processing file /opt/airflow/dags/dagRun.py for tasks to queue
[2021-12-24 11:26:13,826] {logging_mixin.py:104} INFO - [2021-12-24 11:26:13,825] {dagbag.py:448} INFO - Filling up the DagBag from /opt/airflow/dags/dagRun.py
[2021-12-24 11:26:15,327] {scheduler_job.py:639} INFO - DAG(s) dict_keys(['analyze_json_data']) retrieved from /opt/airflow/dags/dagRun.py
[2021-12-24 11:26:15,436] {logging_mixin.py:104} INFO - [2021-12-24 11:26:15,436] {dag.py:1818} INFO - Sync 1 DAGs
[2021-12-24 11:26:15,543] {logging_mixin.py:104} INFO - [2021-12-24 11:26:15,543] {dag.py:2273} INFO - Setting next_dagrun for analyze_json_data to 2021-12-23 00:00:00+00:00
[2021-12-24 11:26:15,578] {scheduler_job.py:190} INFO - Processing /opt/airflow/dags/dagRun.py took 1.763 seconds
[2021-12-24 11:26:45,945] {scheduler_job.py:182} INFO - Started process (PID=63) to work on /opt/airflow/dags/dagRun.py
[2021-12-24 11:26:45,947] {scheduler_job.py:629} INFO - Processing file /opt/airflow/dags/dagRun.py for tasks to queue
[2021-12-24 11:26:45,950] {logging_mixin.py:104} INFO - [2021-12-24 11:26:45,949] {dagbag.py:448} INFO - Filling up the DagBag from /opt/airflow/dags/dagRun.py
[2021-12-24 11:26:46,649] {scheduler_job.py:639} INFO - DAG(s) dict_keys(['analyze_json_data']) retrieved from /opt/airflow/dags/dagRun.py
[2021-12-24 11:26:46,680] {logging_mixin.py:104} INFO - [2021-12-24 11:26:46,680] {dag.py:1818} INFO - Sync 1 DAGs
[2021-12-24 11:26:46,713] {logging_mixin.py:104} INFO - [2021-12-24 11:26:46,712] {dag.py:2273} INFO - Setting next_dagrun for analyze_json_data to 2021-12-23 00:00:00+00:00
[2021-12-24 11:26:46,731] {scheduler_job.py:190} INFO - Processing /opt/airflow/dags/dagRun.py took 0.793 seconds
[2021-12-24 11:27:17,083] {scheduler_job.py:182} INFO - Started process (PID=69) to work on /opt/airflow/dags/dagRun.py
[2021-12-24 11:27:17,087] {scheduler_job.py:629} INFO - Processing file /opt/airflow/dags/dagRun.py for tasks to queue
[2021-12-24 11:27:17,091] {logging_mixin.py:104} INFO - [2021-12-24 11:27:17,091] {dagbag.py:448} INFO - Filling up the DagBag from /opt/airflow/dags/dagRun.py
[2021-12-24 11:27:17,880] {scheduler_job.py:639} INFO - DAG(s) dict_keys(['analyze_json_data']) retrieved from /opt/airflow/dags/dagRun.py
[2021-12-24 11:27:17,927] {logging_mixin.py:104} INFO - [2021-12-24 11:27:17,927] {dag.py:1818} INFO - Sync 1 DAGs
[2021-12-24 11:27:17,979] {logging_mixin.py:104} INFO - [2021-12-24 11:27:17,979] {dag.py:2273} INFO - Setting next_dagrun for analyze_json_data to 2021-12-23 00:00:00+00:00
[2021-12-24 11:27:17,997] {scheduler_job.py:190} INFO - Processing /opt/airflow/dags/dagRun.py took 0.920 seconds
[2021-12-24 11:27:48,315] {scheduler_job.py:182} INFO - Started process (PID=75) to work on /opt/airflow/dags/dagRun.py
[2021-12-24 11:27:48,317] {scheduler_job.py:629} INFO - Processing file /opt/airflow/dags/dagRun.py for tasks to queue
[2021-12-24 11:27:48,319] {logging_mixin.py:104} INFO - [2021-12-24 11:27:48,319] {dagbag.py:448} INFO - Filling up the DagBag from /opt/airflow/dags/dagRun.py
[2021-12-24 11:27:49,115] {scheduler_job.py:639} INFO - DAG(s) dict_keys(['analyze_json_data']) retrieved from /opt/airflow/dags/dagRun.py
[2021-12-24 11:27:49,144] {logging_mixin.py:104} INFO - [2021-12-24 11:27:49,143] {dag.py:1818} INFO - Sync 1 DAGs
[2021-12-24 11:27:49,178] {logging_mixin.py:104} INFO - [2021-12-24 11:27:49,178] {dag.py:2273} INFO - Setting next_dagrun for analyze_json_data to 2021-12-23 00:00:00+00:00
[2021-12-24 11:27:49,194] {scheduler_job.py:190} INFO - Processing /opt/airflow/dags/dagRun.py took 0.885 seconds
[2021-12-24 11:28:19,712] {scheduler_job.py:182} INFO - Started process (PID=81) to work on /opt/airflow/dags/dagRun.py
[2021-12-24 11:28:19,715] {scheduler_job.py:629} INFO - Processing file /opt/airflow/dags/dagRun.py for tasks to queue
[2021-12-24 11:28:19,717] {logging_mixin.py:104} INFO - [2021-12-24 11:28:19,716] {dagbag.py:448} INFO - Filling up the DagBag from /opt/airflow/dags/dagRun.py
[2021-12-24 11:28:21,142] {scheduler_job.py:639} INFO - DAG(s) dict_keys(['analyze_json_data']) retrieved from /opt/airflow/dags/dagRun.py
[2021-12-24 11:28:21,179] {logging_mixin.py:104} INFO - [2021-12-24 11:28:21,179] {dag.py:1818} INFO - Sync 1 DAGs
[2021-12-24 11:28:21,217] {logging_mixin.py:104} INFO - [2021-12-24 11:28:21,216] {dag.py:2273} INFO - Setting next_dagrun for analyze_json_data to 2021-12-23 00:00:00+00:00
[2021-12-24 11:28:21,240] {scheduler_job.py:190} INFO - Processing /opt/airflow/dags/dagRun.py took 1.537 seconds
[2021-12-24 11:28:51,935] {scheduler_job.py:182} INFO - Started process (PID=86) to work on /opt/airflow/dags/dagRun.py
[2021-12-24 11:28:51,937] {scheduler_job.py:629} INFO - Processing file /opt/airflow/dags/dagRun.py for tasks to queue
[2021-12-24 11:28:51,939] {logging_mixin.py:104} INFO - [2021-12-24 11:28:51,938] {dagbag.py:448} INFO - Filling up the DagBag from /opt/airflow/dags/dagRun.py
[2021-12-24 11:28:52,540] {scheduler_job.py:639} INFO - DAG(s) dict_keys(['analyze_json_data']) retrieved from /opt/airflow/dags/dagRun.py
[2021-12-24 11:28:52,567] {logging_mixin.py:104} INFO - [2021-12-24 11:28:52,566] {dag.py:1818} INFO - Sync 1 DAGs
[2021-12-24 11:28:52,597] {logging_mixin.py:104} INFO - [2021-12-24 11:28:52,597] {dag.py:2273} INFO - Setting next_dagrun for analyze_json_data to 2021-12-23 00:00:00+00:00
[2021-12-24 11:28:52,644] {scheduler_job.py:190} INFO - Processing /opt/airflow/dags/dagRun.py took 0.713 seconds
[2021-12-24 11:29:23,064] {scheduler_job.py:182} INFO - Started process (PID=92) to work on /opt/airflow/dags/dagRun.py
[2021-12-24 11:29:23,067] {scheduler_job.py:629} INFO - Processing file /opt/airflow/dags/dagRun.py for tasks to queue
[2021-12-24 11:29:23,070] {logging_mixin.py:104} INFO - [2021-12-24 11:29:23,070] {dagbag.py:448} INFO - Filling up the DagBag from /opt/airflow/dags/dagRun.py
[2021-12-24 11:29:23,947] {scheduler_job.py:639} INFO - DAG(s) dict_keys(['analyze_json_data']) retrieved from /opt/airflow/dags/dagRun.py
[2021-12-24 11:29:23,973] {logging_mixin.py:104} INFO - [2021-12-24 11:29:23,973] {dag.py:1818} INFO - Sync 1 DAGs
[2021-12-24 11:29:24,004] {logging_mixin.py:104} INFO - [2021-12-24 11:29:24,004] {dag.py:2273} INFO - Setting next_dagrun for analyze_json_data to 2021-12-23 00:00:00+00:00
[2021-12-24 11:29:24,019] {scheduler_job.py:190} INFO - Processing /opt/airflow/dags/dagRun.py took 0.961 seconds
[2021-12-24 11:29:54,202] {scheduler_job.py:182} INFO - Started process (PID=95) to work on /opt/airflow/dags/dagRun.py
[2021-12-24 11:29:54,204] {scheduler_job.py:629} INFO - Processing file /opt/airflow/dags/dagRun.py for tasks to queue
[2021-12-24 11:29:54,205] {logging_mixin.py:104} INFO - [2021-12-24 11:29:54,205] {dagbag.py:448} INFO - Filling up the DagBag from /opt/airflow/dags/dagRun.py
[2021-12-24 11:29:56,071] {scheduler_job.py:639} INFO - DAG(s) dict_keys(['analyze_json_data']) retrieved from /opt/airflow/dags/dagRun.py
[2021-12-24 11:29:56,196] {logging_mixin.py:104} INFO - [2021-12-24 11:29:56,186] {dag.py:1818} INFO - Sync 1 DAGs
[2021-12-24 11:29:56,312] {logging_mixin.py:104} INFO - [2021-12-24 11:29:56,311] {dag.py:2273} INFO - Setting next_dagrun for analyze_json_data to 2021-12-23 00:00:00+00:00
[2021-12-24 11:29:56,341] {scheduler_job.py:190} INFO - Processing /opt/airflow/dags/dagRun.py took 2.143 seconds
[2021-12-24 11:30:26,653] {scheduler_job.py:182} INFO - Started process (PID=100) to work on /opt/airflow/dags/dagRun.py
[2021-12-24 11:30:26,657] {scheduler_job.py:629} INFO - Processing file /opt/airflow/dags/dagRun.py for tasks to queue
[2021-12-24 11:30:26,659] {logging_mixin.py:104} INFO - [2021-12-24 11:30:26,658] {dagbag.py:448} INFO - Filling up the DagBag from /opt/airflow/dags/dagRun.py
[2021-12-24 11:30:27,497] {scheduler_job.py:639} INFO - DAG(s) dict_keys(['analyze_json_data']) retrieved from /opt/airflow/dags/dagRun.py
[2021-12-24 11:30:27,532] {logging_mixin.py:104} INFO - [2021-12-24 11:30:27,531] {dag.py:1818} INFO - Sync 1 DAGs
[2021-12-24 11:30:27,574] {logging_mixin.py:104} INFO - [2021-12-24 11:30:27,574] {dag.py:2273} INFO - Setting next_dagrun for analyze_json_data to 2021-12-23 00:00:00+00:00
[2021-12-24 11:30:27,592] {scheduler_job.py:190} INFO - Processing /opt/airflow/dags/dagRun.py took 0.946 seconds
[2021-12-24 11:30:57,725] {scheduler_job.py:182} INFO - Started process (PID=106) to work on /opt/airflow/dags/dagRun.py
[2021-12-24 11:30:57,728] {scheduler_job.py:629} INFO - Processing file /opt/airflow/dags/dagRun.py for tasks to queue
[2021-12-24 11:30:57,729] {logging_mixin.py:104} INFO - [2021-12-24 11:30:57,729] {dagbag.py:448} INFO - Filling up the DagBag from /opt/airflow/dags/dagRun.py
[2021-12-24 11:30:58,405] {scheduler_job.py:639} INFO - DAG(s) dict_keys(['analyze_json_data']) retrieved from /opt/airflow/dags/dagRun.py
[2021-12-24 11:30:58,439] {logging_mixin.py:104} INFO - [2021-12-24 11:30:58,439] {dag.py:1818} INFO - Sync 1 DAGs
[2021-12-24 11:30:58,478] {logging_mixin.py:104} INFO - [2021-12-24 11:30:58,478] {dag.py:2273} INFO - Setting next_dagrun for analyze_json_data to 2021-12-23 00:00:00+00:00
[2021-12-24 11:30:58,498] {scheduler_job.py:190} INFO - Processing /opt/airflow/dags/dagRun.py took 0.778 seconds
[2021-12-24 11:31:28,671] {scheduler_job.py:182} INFO - Started process (PID=112) to work on /opt/airflow/dags/dagRun.py
[2021-12-24 11:31:28,683] {scheduler_job.py:629} INFO - Processing file /opt/airflow/dags/dagRun.py for tasks to queue
[2021-12-24 11:31:28,687] {logging_mixin.py:104} INFO - [2021-12-24 11:31:28,687] {dagbag.py:448} INFO - Filling up the DagBag from /opt/airflow/dags/dagRun.py
[2021-12-24 11:31:29,783] {scheduler_job.py:639} INFO - DAG(s) dict_keys(['analyze_json_data']) retrieved from /opt/airflow/dags/dagRun.py
[2021-12-24 11:31:29,813] {logging_mixin.py:104} INFO - [2021-12-24 11:31:29,813] {dag.py:1818} INFO - Sync 1 DAGs
[2021-12-24 11:31:29,847] {logging_mixin.py:104} INFO - [2021-12-24 11:31:29,847] {dag.py:2273} INFO - Setting next_dagrun for analyze_json_data to 2021-12-23 00:00:00+00:00
[2021-12-24 11:31:29,862] {scheduler_job.py:190} INFO - Processing /opt/airflow/dags/dagRun.py took 1.201 seconds
[2021-12-24 11:31:59,982] {scheduler_job.py:182} INFO - Started process (PID=118) to work on /opt/airflow/dags/dagRun.py
[2021-12-24 11:31:59,985] {scheduler_job.py:629} INFO - Processing file /opt/airflow/dags/dagRun.py for tasks to queue
[2021-12-24 11:31:59,986] {logging_mixin.py:104} INFO - [2021-12-24 11:31:59,986] {dagbag.py:448} INFO - Filling up the DagBag from /opt/airflow/dags/dagRun.py
[2021-12-24 11:32:01,169] {scheduler_job.py:639} INFO - DAG(s) dict_keys(['analyze_json_data']) retrieved from /opt/airflow/dags/dagRun.py
[2021-12-24 11:32:01,212] {logging_mixin.py:104} INFO - [2021-12-24 11:32:01,212] {dag.py:1818} INFO - Sync 1 DAGs
[2021-12-24 11:32:01,292] {logging_mixin.py:104} INFO - [2021-12-24 11:32:01,292] {dag.py:2273} INFO - Setting next_dagrun for analyze_json_data to 2021-12-23 00:00:00+00:00
[2021-12-24 11:32:01,315] {scheduler_job.py:190} INFO - Processing /opt/airflow/dags/dagRun.py took 1.338 seconds
[2021-12-24 11:32:31,639] {scheduler_job.py:182} INFO - Started process (PID=124) to work on /opt/airflow/dags/dagRun.py
[2021-12-24 11:32:31,643] {scheduler_job.py:629} INFO - Processing file /opt/airflow/dags/dagRun.py for tasks to queue
[2021-12-24 11:32:31,644] {logging_mixin.py:104} INFO - [2021-12-24 11:32:31,644] {dagbag.py:448} INFO - Filling up the DagBag from /opt/airflow/dags/dagRun.py
[2021-12-24 11:32:32,870] {scheduler_job.py:639} INFO - DAG(s) dict_keys(['analyze_json_data']) retrieved from /opt/airflow/dags/dagRun.py
[2021-12-24 11:32:32,904] {logging_mixin.py:104} INFO - [2021-12-24 11:32:32,904] {dag.py:1818} INFO - Sync 1 DAGs
[2021-12-24 11:32:32,964] {logging_mixin.py:104} INFO - [2021-12-24 11:32:32,964] {dag.py:2273} INFO - Setting next_dagrun for analyze_json_data to 2021-12-23 00:00:00+00:00
[2021-12-24 11:32:32,982] {scheduler_job.py:190} INFO - Processing /opt/airflow/dags/dagRun.py took 1.351 seconds
[2021-12-24 11:33:10,969] {scheduler_job.py:182} INFO - Started process (PID=130) to work on /opt/airflow/dags/dagRun.py
[2021-12-24 11:33:10,984] {scheduler_job.py:629} INFO - Processing file /opt/airflow/dags/dagRun.py for tasks to queue
[2021-12-24 11:33:10,997] {logging_mixin.py:104} INFO - [2021-12-24 11:33:10,997] {dagbag.py:448} INFO - Filling up the DagBag from /opt/airflow/dags/dagRun.py
[2021-12-24 11:33:12,769] {scheduler_job.py:639} INFO - DAG(s) dict_keys(['analyze_json_data']) retrieved from /opt/airflow/dags/dagRun.py
[2021-12-24 11:33:12,808] {logging_mixin.py:104} INFO - [2021-12-24 11:33:12,808] {dag.py:1818} INFO - Sync 1 DAGs
[2021-12-24 11:33:12,859] {logging_mixin.py:104} INFO - [2021-12-24 11:33:12,859] {dag.py:2273} INFO - Setting next_dagrun for analyze_json_data to 2021-12-23 00:00:00+00:00
[2021-12-24 11:33:12,880] {scheduler_job.py:190} INFO - Processing /opt/airflow/dags/dagRun.py took 1.929 seconds
[2021-12-24 11:33:48,273] {scheduler_job.py:182} INFO - Started process (PID=136) to work on /opt/airflow/dags/dagRun.py
[2021-12-24 11:33:48,277] {scheduler_job.py:629} INFO - Processing file /opt/airflow/dags/dagRun.py for tasks to queue
[2021-12-24 11:33:48,279] {logging_mixin.py:104} INFO - [2021-12-24 11:33:48,279] {dagbag.py:448} INFO - Filling up the DagBag from /opt/airflow/dags/dagRun.py
[2021-12-24 11:33:49,253] {scheduler_job.py:639} INFO - DAG(s) dict_keys(['analyze_json_data']) retrieved from /opt/airflow/dags/dagRun.py
[2021-12-24 11:33:49,297] {logging_mixin.py:104} INFO - [2021-12-24 11:33:49,297] {dag.py:1818} INFO - Sync 1 DAGs
[2021-12-24 11:33:49,349] {logging_mixin.py:104} INFO - [2021-12-24 11:33:49,349] {dag.py:2273} INFO - Setting next_dagrun for analyze_json_data to 2021-12-23 00:00:00+00:00
[2021-12-24 11:33:49,368] {scheduler_job.py:190} INFO - Processing /opt/airflow/dags/dagRun.py took 1.102 seconds
[2021-12-24 11:34:26,302] {scheduler_job.py:182} INFO - Started process (PID=142) to work on /opt/airflow/dags/dagRun.py
[2021-12-24 11:34:26,307] {scheduler_job.py:629} INFO - Processing file /opt/airflow/dags/dagRun.py for tasks to queue
[2021-12-24 11:34:26,310] {logging_mixin.py:104} INFO - [2021-12-24 11:34:26,309] {dagbag.py:448} INFO - Filling up the DagBag from /opt/airflow/dags/dagRun.py
[2021-12-24 11:34:27,667] {scheduler_job.py:639} INFO - DAG(s) dict_keys(['analyze_json_data']) retrieved from /opt/airflow/dags/dagRun.py
[2021-12-24 11:34:27,699] {logging_mixin.py:104} INFO - [2021-12-24 11:34:27,699] {dag.py:1818} INFO - Sync 1 DAGs
[2021-12-24 11:34:27,752] {logging_mixin.py:104} INFO - [2021-12-24 11:34:27,751] {dag.py:2273} INFO - Setting next_dagrun for analyze_json_data to 2021-12-23 00:00:00+00:00
[2021-12-24 11:34:27,770] {scheduler_job.py:190} INFO - Processing /opt/airflow/dags/dagRun.py took 1.477 seconds
[2021-12-24 11:35:04,006] {scheduler_job.py:182} INFO - Started process (PID=148) to work on /opt/airflow/dags/dagRun.py
[2021-12-24 11:35:04,009] {scheduler_job.py:629} INFO - Processing file /opt/airflow/dags/dagRun.py for tasks to queue
[2021-12-24 11:35:04,011] {logging_mixin.py:104} INFO - [2021-12-24 11:35:04,011] {dagbag.py:448} INFO - Filling up the DagBag from /opt/airflow/dags/dagRun.py
[2021-12-24 11:35:04,782] {scheduler_job.py:639} INFO - DAG(s) dict_keys(['analyze_json_data']) retrieved from /opt/airflow/dags/dagRun.py
[2021-12-24 11:35:04,811] {logging_mixin.py:104} INFO - [2021-12-24 11:35:04,810] {dag.py:1818} INFO - Sync 1 DAGs
[2021-12-24 11:35:04,842] {logging_mixin.py:104} INFO - [2021-12-24 11:35:04,842] {dag.py:2273} INFO - Setting next_dagrun for analyze_json_data to 2021-12-23 00:00:00+00:00
[2021-12-24 11:35:04,858] {scheduler_job.py:190} INFO - Processing /opt/airflow/dags/dagRun.py took 0.858 seconds
[2021-12-24 11:36:31,720] {scheduler_job.py:182} INFO - Started process (PID=24) to work on /opt/airflow/dags/dagRun.py
[2021-12-24 11:36:31,768] {scheduler_job.py:629} INFO - Processing file /opt/airflow/dags/dagRun.py for tasks to queue
[2021-12-24 11:36:31,808] {logging_mixin.py:104} INFO - [2021-12-24 11:36:31,779] {dagbag.py:448} INFO - Filling up the DagBag from /opt/airflow/dags/dagRun.py
[2021-12-24 11:36:39,588] {scheduler_job.py:639} INFO - DAG(s) dict_keys(['analyze_json_data']) retrieved from /opt/airflow/dags/dagRun.py
[2021-12-24 11:36:39,769] {logging_mixin.py:104} INFO - [2021-12-24 11:36:39,769] {dag.py:1818} INFO - Sync 1 DAGs
[2021-12-24 11:36:40,000] {logging_mixin.py:104} INFO - [2021-12-24 11:36:39,999] {dag.py:2273} INFO - Setting next_dagrun for analyze_json_data to 2021-12-23 00:00:00+00:00
[2021-12-24 11:36:40,051] {scheduler_job.py:190} INFO - Processing /opt/airflow/dags/dagRun.py took 8.403 seconds
[2021-12-24 11:37:10,875] {scheduler_job.py:182} INFO - Started process (PID=29) to work on /opt/airflow/dags/dagRun.py
[2021-12-24 11:37:10,888] {scheduler_job.py:629} INFO - Processing file /opt/airflow/dags/dagRun.py for tasks to queue
[2021-12-24 11:37:10,891] {logging_mixin.py:104} INFO - [2021-12-24 11:37:10,891] {dagbag.py:448} INFO - Filling up the DagBag from /opt/airflow/dags/dagRun.py
[2021-12-24 11:37:13,955] {scheduler_job.py:639} INFO - DAG(s) dict_keys(['analyze_json_data']) retrieved from /opt/airflow/dags/dagRun.py
[2021-12-24 11:37:14,302] {logging_mixin.py:104} INFO - [2021-12-24 11:37:14,301] {dag.py:1818} INFO - Sync 1 DAGs
[2021-12-24 11:37:14,512] {logging_mixin.py:104} INFO - [2021-12-24 11:37:14,512] {dag.py:2273} INFO - Setting next_dagrun for analyze_json_data to 2021-12-23 00:00:00+00:00
[2021-12-24 11:37:14,559] {scheduler_job.py:190} INFO - Processing /opt/airflow/dags/dagRun.py took 3.741 seconds
[2021-12-24 11:37:45,529] {scheduler_job.py:182} INFO - Started process (PID=35) to work on /opt/airflow/dags/dagRun.py
[2021-12-24 11:37:45,533] {scheduler_job.py:629} INFO - Processing file /opt/airflow/dags/dagRun.py for tasks to queue
[2021-12-24 11:37:45,538] {logging_mixin.py:104} INFO - [2021-12-24 11:37:45,538] {dagbag.py:448} INFO - Filling up the DagBag from /opt/airflow/dags/dagRun.py
[2021-12-24 11:37:48,654] {scheduler_job.py:639} INFO - DAG(s) dict_keys(['analyze_json_data']) retrieved from /opt/airflow/dags/dagRun.py
[2021-12-24 11:37:48,724] {logging_mixin.py:104} INFO - [2021-12-24 11:37:48,724] {dag.py:1818} INFO - Sync 1 DAGs
[2021-12-24 11:37:48,824] {logging_mixin.py:104} INFO - [2021-12-24 11:37:48,823] {dag.py:2273} INFO - Setting next_dagrun for analyze_json_data to 2021-12-23 00:00:00+00:00
[2021-12-24 11:37:48,866] {scheduler_job.py:190} INFO - Processing /opt/airflow/dags/dagRun.py took 3.347 seconds
[2021-12-24 11:38:19,115] {scheduler_job.py:182} INFO - Started process (PID=38) to work on /opt/airflow/dags/dagRun.py
[2021-12-24 11:38:19,120] {scheduler_job.py:629} INFO - Processing file /opt/airflow/dags/dagRun.py for tasks to queue
[2021-12-24 11:38:19,122] {logging_mixin.py:104} INFO - [2021-12-24 11:38:19,122] {dagbag.py:448} INFO - Filling up the DagBag from /opt/airflow/dags/dagRun.py
[2021-12-24 11:38:22,041] {scheduler_job.py:639} INFO - DAG(s) dict_keys(['analyze_json_data']) retrieved from /opt/airflow/dags/dagRun.py
[2021-12-24 11:38:22,096] {logging_mixin.py:104} INFO - [2021-12-24 11:38:22,096] {dag.py:1818} INFO - Sync 1 DAGs
[2021-12-24 11:38:22,223] {logging_mixin.py:104} INFO - [2021-12-24 11:38:22,222] {dag.py:2273} INFO - Setting next_dagrun for analyze_json_data to 2021-12-23 00:00:00+00:00
[2021-12-24 11:38:22,264] {scheduler_job.py:190} INFO - Processing /opt/airflow/dags/dagRun.py took 3.167 seconds
[2021-12-24 11:38:52,448] {scheduler_job.py:182} INFO - Started process (PID=43) to work on /opt/airflow/dags/dagRun.py
[2021-12-24 11:38:52,451] {scheduler_job.py:629} INFO - Processing file /opt/airflow/dags/dagRun.py for tasks to queue
[2021-12-24 11:38:52,453] {logging_mixin.py:104} INFO - [2021-12-24 11:38:52,453] {dagbag.py:448} INFO - Filling up the DagBag from /opt/airflow/dags/dagRun.py
[2021-12-24 11:38:53,786] {scheduler_job.py:639} INFO - DAG(s) dict_keys(['analyze_json_data']) retrieved from /opt/airflow/dags/dagRun.py
[2021-12-24 11:38:53,857] {logging_mixin.py:104} INFO - [2021-12-24 11:38:53,857] {dag.py:1818} INFO - Sync 1 DAGs
[2021-12-24 11:38:53,922] {logging_mixin.py:104} INFO - [2021-12-24 11:38:53,922] {dag.py:2273} INFO - Setting next_dagrun for analyze_json_data to 2021-12-23 00:00:00+00:00
[2021-12-24 11:38:53,948] {scheduler_job.py:190} INFO - Processing /opt/airflow/dags/dagRun.py took 1.510 seconds
[2021-12-24 11:39:24,158] {scheduler_job.py:182} INFO - Started process (PID=49) to work on /opt/airflow/dags/dagRun.py
[2021-12-24 11:39:24,163] {scheduler_job.py:629} INFO - Processing file /opt/airflow/dags/dagRun.py for tasks to queue
[2021-12-24 11:39:24,165] {logging_mixin.py:104} INFO - [2021-12-24 11:39:24,165] {dagbag.py:448} INFO - Filling up the DagBag from /opt/airflow/dags/dagRun.py
[2021-12-24 11:39:25,131] {scheduler_job.py:639} INFO - DAG(s) dict_keys(['analyze_json_data']) retrieved from /opt/airflow/dags/dagRun.py
[2021-12-24 11:39:25,170] {logging_mixin.py:104} INFO - [2021-12-24 11:39:25,169] {dag.py:1818} INFO - Sync 1 DAGs
[2021-12-24 11:39:25,221] {logging_mixin.py:104} INFO - [2021-12-24 11:39:25,221] {dag.py:2273} INFO - Setting next_dagrun for analyze_json_data to 2021-12-23 00:00:00+00:00
[2021-12-24 11:39:25,241] {scheduler_job.py:190} INFO - Processing /opt/airflow/dags/dagRun.py took 1.090 seconds
[2021-12-24 11:39:55,730] {scheduler_job.py:182} INFO - Started process (PID=55) to work on /opt/airflow/dags/dagRun.py
[2021-12-24 11:39:55,735] {scheduler_job.py:629} INFO - Processing file /opt/airflow/dags/dagRun.py for tasks to queue
[2021-12-24 11:39:55,737] {logging_mixin.py:104} INFO - [2021-12-24 11:39:55,737] {dagbag.py:448} INFO - Filling up the DagBag from /opt/airflow/dags/dagRun.py
[2021-12-24 11:39:55,740] {scheduler_job.py:641} WARNING - No viable dags retrieved from /opt/airflow/dags/dagRun.py
[2021-12-24 11:39:55,742] {scheduler_job.py:190} INFO - Processing /opt/airflow/dags/dagRun.py took 0.031 seconds
[2021-12-24 11:40:26,120] {scheduler_job.py:182} INFO - Started process (PID=60) to work on /opt/airflow/dags/dagRun.py
[2021-12-24 11:40:26,123] {scheduler_job.py:629} INFO - Processing file /opt/airflow/dags/dagRun.py for tasks to queue
[2021-12-24 11:40:26,125] {logging_mixin.py:104} INFO - [2021-12-24 11:40:26,125] {dagbag.py:448} INFO - Filling up the DagBag from /opt/airflow/dags/dagRun.py
[2021-12-24 11:40:26,129] {scheduler_job.py:641} WARNING - No viable dags retrieved from /opt/airflow/dags/dagRun.py
[2021-12-24 11:40:26,131] {scheduler_job.py:190} INFO - Processing /opt/airflow/dags/dagRun.py took 0.027 seconds
[2021-12-24 11:40:56,244] {scheduler_job.py:182} INFO - Started process (PID=63) to work on /opt/airflow/dags/dagRun.py
[2021-12-24 11:40:56,249] {scheduler_job.py:629} INFO - Processing file /opt/airflow/dags/dagRun.py for tasks to queue
[2021-12-24 11:40:56,251] {logging_mixin.py:104} INFO - [2021-12-24 11:40:56,251] {dagbag.py:448} INFO - Filling up the DagBag from /opt/airflow/dags/dagRun.py
[2021-12-24 11:40:56,253] {scheduler_job.py:641} WARNING - No viable dags retrieved from /opt/airflow/dags/dagRun.py
[2021-12-24 11:40:56,254] {scheduler_job.py:190} INFO - Processing /opt/airflow/dags/dagRun.py took 0.024 seconds
[2021-12-24 11:41:26,405] {scheduler_job.py:182} INFO - Started process (PID=68) to work on /opt/airflow/dags/dagRun.py
[2021-12-24 11:41:26,410] {scheduler_job.py:629} INFO - Processing file /opt/airflow/dags/dagRun.py for tasks to queue
[2021-12-24 11:41:26,413] {logging_mixin.py:104} INFO - [2021-12-24 11:41:26,412] {dagbag.py:448} INFO - Filling up the DagBag from /opt/airflow/dags/dagRun.py
[2021-12-24 11:41:26,415] {scheduler_job.py:641} WARNING - No viable dags retrieved from /opt/airflow/dags/dagRun.py
[2021-12-24 11:41:26,416] {scheduler_job.py:190} INFO - Processing /opt/airflow/dags/dagRun.py took 0.025 seconds
